ASSERTION	AAECAAMFAAAAAAAAAFlA
RUN	com.kaltura.performance.simulations.RestLoginOnlySimulation	restloginonlysimulation	1568907652158	 	3.2.1
USER	loginOnly	1	START	1568907653285	1568907653285
ERROR	Get runtime configuration for client applications: Failed to build request: No attribute named 'uuid' is defined 	1568907653300
ERROR	Ott user login request: Failed to build request: No attribute named 'loginUsername' is defined 	1568907653301
ERROR	Get Ott User List: Failed to build request: Resource /Users/itamar.levy/Kaltura/Projects/gatling/performance/src/resourcesjson/getOttUserBody.json not found 	1568907653301
ERROR	Get domain info: Failed to build request: Resource json/onlyks.json not found 	1568907653301
ERROR	Get assets action list: Failed to build request: Resource json/assetActionListBody1.json not found 	1568907653302
ERROR	Get assets action list: Failed to build request: Resource json/assetActionListBody2.json not found 	1568907653302
ERROR	Get assets action list: Failed to build request: Resource json/assetActionListBody3.json not found 	1568907653302
ERROR	Get assets action list: Failed to build request: Resource json/assetActionListBody4.json not found 	1568907653302
ERROR	Get assets action list: Failed to build request: Resource json/assetActionListBody5.json not found 	1568907653302
ERROR	Get product price action list: Failed to build request: Resource /Users/itamar.levy/Kaltura/Projects/gatling/performance/src/resourcesjson/getOttCategoryBody.json not found 	1568907653303
ERROR	Get product price action list: Failed to build request: Resource /Users/itamar.levy/Kaltura/Projects/gatling/performance/src/resourcesjson/getOttCategoryBody.json not found 	1568907653303
ERROR	Get product price action list: Failed to build request: Resource /Users/itamar.levy/Kaltura/Projects/gatling/performance/src/resourcesjson/getOttCategoryBody.json not found 	1568907653304
ERROR	Get product price action list: Failed to build request: Resource /Users/itamar.levy/Kaltura/Projects/gatling/performance/src/resourcesjson/getOttCategoryBody.json not found 	1568907653304
ERROR	Get product price action list: Failed to build request: Resource /Users/itamar.levy/Kaltura/Projects/gatling/performance/src/resourcesjson/getOttCategoryBody.json not found 	1568907653304
ERROR	Get household user list : Failed to build request: Resource /Users/itamar.levy/Kaltura/Projects/gatling/performance/src/resourcesjson/getHouseHoldUserListBody.json not found 	1568907653304
ERROR	Get household device list: Failed to build request: Resource /Users/itamar.levy/Kaltura/Projects/gatling/performance/src/resourcesjson/onlyks.json not found 	1568907653304
ERROR	Get household device list: Failed to build request: Resource /Users/itamar.levy/Kaltura/Projects/gatling/performance/src/resourcesjson/onlyks.json not found 	1568907653308
ERROR	Get Ott User List: Failed to build request: Resource /Users/itamar.levy/Kaltura/Projects/gatling/performance/src/resourcesjson/OttUserList.json not found 	1568907653308
ERROR	Get entitlement household subscription list: Failed to build request: Resource /Users/itamar.levy/Kaltura/Projects/gatling/performance/src/resourcesjson/EntitlementListHouseholdSubscription.json not found 	1568907653308
USER	loginOnly	2	START	1568907653498	1568907653498
ERROR	Get runtime configuration for client applications: Failed to build request: No attribute named 'uuid' is defined 	1568907653500
ERROR	Ott user login request: Failed to build request: No attribute named 'loginUsername' is defined 	1568907653500
ERROR	Get Ott User List: Failed to build request: Resource /Users/itamar.levy/Kaltura/Projects/gatling/performance/src/resourcesjson/getOttUserBody.json not found 	1568907653500
ERROR	Get domain info: Failed to build request: Resource json/onlyks.json not found 	1568907653501
ERROR	Get assets action list: Failed to build request: Resource json/assetActionListBody1.json not found 	1568907653501
ERROR	Get assets action list: Failed to build request: Resource json/assetActionListBody2.json not found 	1568907653501
ERROR	Get assets action list: Failed to build request: Resource json/assetActionListBody3.json not found 	1568907653502
ERROR	Get assets action list: Failed to build request: Resource json/assetActionListBody4.json not found 	1568907653502
ERROR	Get assets action list: Failed to build request: Resource json/assetActionListBody5.json not found 	1568907653502
ERROR	Get product price action list: Failed to build request: Resource /Users/itamar.levy/Kaltura/Projects/gatling/performance/src/resourcesjson/getOttCategoryBody.json not found 	1568907653502
ERROR	Get product price action list: Failed to build request: Resource /Users/itamar.levy/Kaltura/Projects/gatling/performance/src/resourcesjson/getOttCategoryBody.json not found 	1568907653503
ERROR	Get product price action list: Failed to build request: Resource /Users/itamar.levy/Kaltura/Projects/gatling/performance/src/resourcesjson/getOttCategoryBody.json not found 	1568907653503
ERROR	Get product price action list: Failed to build request: Resource /Users/itamar.levy/Kaltura/Projects/gatling/performance/src/resourcesjson/getOttCategoryBody.json not found 	1568907653503
ERROR	Get product price action list: Failed to build request: Resource /Users/itamar.levy/Kaltura/Projects/gatling/performance/src/resourcesjson/getOttCategoryBody.json not found 	1568907653503
ERROR	Get household user list : Failed to build request: Resource /Users/itamar.levy/Kaltura/Projects/gatling/performance/src/resourcesjson/getHouseHoldUserListBody.json not found 	1568907653504
ERROR	Get household device list: Failed to build request: Resource /Users/itamar.levy/Kaltura/Projects/gatling/performance/src/resourcesjson/onlyks.json not found 	1568907653504
ERROR	Get household device list: Failed to build request: Resource /Users/itamar.levy/Kaltura/Projects/gatling/performance/src/resourcesjson/onlyks.json not found 	1568907653505
ERROR	Get Ott User List: Failed to build request: Resource /Users/itamar.levy/Kaltura/Projects/gatling/performance/src/resourcesjson/OttUserList.json not found 	1568907653505
ERROR	Get entitlement household subscription list: Failed to build request: Resource /Users/itamar.levy/Kaltura/Projects/gatling/performance/src/resourcesjson/EntitlementListHouseholdSubscription.json not found 	1568907653505
USER	loginOnly	3	START	1568907653708	1568907653708
ERROR	Get runtime configuration for client applications: Failed to build request: No attribute named 'uuid' is defined 	1568907653709
ERROR	Ott user login request: Failed to build request: No attribute named 'loginUsername' is defined 	1568907653709
ERROR	Get Ott User List: Failed to build request: Resource /Users/itamar.levy/Kaltura/Projects/gatling/performance/src/resourcesjson/getOttUserBody.json not found 	1568907653709
ERROR	Get domain info: Failed to build request: Resource json/onlyks.json not found 	1568907653709
ERROR	Get assets action list: Failed to build request: Resource json/assetActionListBody1.json not found 	1568907653709
ERROR	Get assets action list: Failed to build request: Resource json/assetActionListBody2.json not found 	1568907653709
ERROR	Get assets action list: Failed to build request: Resource json/assetActionListBody3.json not found 	1568907653710
ERROR	Get assets action list: Failed to build request: Resource json/assetActionListBody4.json not found 	1568907653710
ERROR	Get assets action list: Failed to build request: Resource json/assetActionListBody5.json not found 	1568907653710
ERROR	Get product price action list: Failed to build request: Resource /Users/itamar.levy/Kaltura/Projects/gatling/performance/src/resourcesjson/getOttCategoryBody.json not found 	1568907653710
ERROR	Get product price action list: Failed to build request: Resource /Users/itamar.levy/Kaltura/Projects/gatling/performance/src/resourcesjson/getOttCategoryBody.json not found 	1568907653711
ERROR	Get product price action list: Failed to build request: Resource /Users/itamar.levy/Kaltura/Projects/gatling/performance/src/resourcesjson/getOttCategoryBody.json not found 	1568907653711
ERROR	Get product price action list: Failed to build request: Resource /Users/itamar.levy/Kaltura/Projects/gatling/performance/src/resourcesjson/getOttCategoryBody.json not found 	1568907653711
ERROR	Get product price action list: Failed to build request: Resource /Users/itamar.levy/Kaltura/Projects/gatling/performance/src/resourcesjson/getOttCategoryBody.json not found 	1568907653711
ERROR	Get household user list : Failed to build request: Resource /Users/itamar.levy/Kaltura/Projects/gatling/performance/src/resourcesjson/getHouseHoldUserListBody.json not found 	1568907653711
ERROR	Get household device list: Failed to build request: Resource /Users/itamar.levy/Kaltura/Projects/gatling/performance/src/resourcesjson/onlyks.json not found 	1568907653712
ERROR	Get household device list: Failed to build request: Resource /Users/itamar.levy/Kaltura/Projects/gatling/performance/src/resourcesjson/onlyks.json not found 	1568907653713
ERROR	Get Ott User List: Failed to build request: Resource /Users/itamar.levy/Kaltura/Projects/gatling/performance/src/resourcesjson/OttUserList.json not found 	1568907653713
ERROR	Get entitlement household subscription list: Failed to build request: Resource /Users/itamar.levy/Kaltura/Projects/gatling/performance/src/resourcesjson/EntitlementListHouseholdSubscription.json not found 	1568907653713
ERROR	Get runtime configuration for client applications: Failed to build request: No attribute named 'uuid' is defined 	1568907653911
ERROR	Ott user login request: Failed to build request: No attribute named 'loginUsername' is defined 	1568907653911
ERROR	Get Ott User List: Failed to build request: Resource /Users/itamar.levy/Kaltura/Projects/gatling/performance/src/resourcesjson/getOttUserBody.json not found 	1568907653911
ERROR	Get domain info: Failed to build request: Resource json/onlyks.json not found 	1568907653912
ERROR	Get assets action list: Failed to build request: Resource json/assetActionListBody1.json not found 	1568907653912
USER	loginOnly	4	START	1568907653909	1568907653909
ERROR	Get assets action list: Failed to build request: Resource json/assetActionListBody2.json not found 	1568907653912
ERROR	Get assets action list: Failed to build request: Resource json/assetActionListBody3.json not found 	1568907653912
ERROR	Get assets action list: Failed to build request: Resource json/assetActionListBody4.json not found 	1568907653913
ERROR	Get assets action list: Failed to build request: Resource json/assetActionListBody5.json not found 	1568907653913
ERROR	Get product price action list: Failed to build request: Resource /Users/itamar.levy/Kaltura/Projects/gatling/performance/src/resourcesjson/getOttCategoryBody.json not found 	1568907653913
ERROR	Get product price action list: Failed to build request: Resource /Users/itamar.levy/Kaltura/Projects/gatling/performance/src/resourcesjson/getOttCategoryBody.json not found 	1568907653913
ERROR	Get product price action list: Failed to build request: Resource /Users/itamar.levy/Kaltura/Projects/gatling/performance/src/resourcesjson/getOttCategoryBody.json not found 	1568907653913
ERROR	Get product price action list: Failed to build request: Resource /Users/itamar.levy/Kaltura/Projects/gatling/performance/src/resourcesjson/getOttCategoryBody.json not found 	1568907653914
ERROR	Get product price action list: Failed to build request: Resource /Users/itamar.levy/Kaltura/Projects/gatling/performance/src/resourcesjson/getOttCategoryBody.json not found 	1568907653914
ERROR	Get household user list : Failed to build request: Resource /Users/itamar.levy/Kaltura/Projects/gatling/performance/src/resourcesjson/getHouseHoldUserListBody.json not found 	1568907653914
ERROR	Get household device list: Failed to build request: Resource /Users/itamar.levy/Kaltura/Projects/gatling/performance/src/resourcesjson/onlyks.json not found 	1568907653914
ERROR	Get household device list: Failed to build request: Resource /Users/itamar.levy/Kaltura/Projects/gatling/performance/src/resourcesjson/onlyks.json not found 	1568907653916
ERROR	Get Ott User List: Failed to build request: Resource /Users/itamar.levy/Kaltura/Projects/gatling/performance/src/resourcesjson/OttUserList.json not found 	1568907653916
ERROR	Get entitlement household subscription list: Failed to build request: Resource /Users/itamar.levy/Kaltura/Projects/gatling/performance/src/resourcesjson/EntitlementListHouseholdSubscription.json not found 	1568907653916
USER	loginOnly	5	START	1568907654107	1568907654107
ERROR	Get runtime configuration for client applications: Failed to build request: No attribute named 'uuid' is defined 	1568907654108
ERROR	Ott user login request: Failed to build request: No attribute named 'loginUsername' is defined 	1568907654108
ERROR	Get Ott User List: Failed to build request: Resource /Users/itamar.levy/Kaltura/Projects/gatling/performance/src/resourcesjson/getOttUserBody.json not found 	1568907654108
ERROR	Get domain info: Failed to build request: Resource json/onlyks.json not found 	1568907654109
ERROR	Get assets action list: Failed to build request: Resource json/assetActionListBody1.json not found 	1568907654109
ERROR	Get assets action list: Failed to build request: Resource json/assetActionListBody2.json not found 	1568907654109
ERROR	Get assets action list: Failed to build request: Resource json/assetActionListBody3.json not found 	1568907654109
ERROR	Get assets action list: Failed to build request: Resource json/assetActionListBody4.json not found 	1568907654109
ERROR	Get assets action list: Failed to build request: Resource json/assetActionListBody5.json not found 	1568907654110
ERROR	Get product price action list: Failed to build request: Resource /Users/itamar.levy/Kaltura/Projects/gatling/performance/src/resourcesjson/getOttCategoryBody.json not found 	1568907654110
ERROR	Get product price action list: Failed to build request: Resource /Users/itamar.levy/Kaltura/Projects/gatling/performance/src/resourcesjson/getOttCategoryBody.json not found 	1568907654110
ERROR	Get product price action list: Failed to build request: Resource /Users/itamar.levy/Kaltura/Projects/gatling/performance/src/resourcesjson/getOttCategoryBody.json not found 	1568907654110
ERROR	Get product price action list: Failed to build request: Resource /Users/itamar.levy/Kaltura/Projects/gatling/performance/src/resourcesjson/getOttCategoryBody.json not found 	1568907654111
ERROR	Get product price action list: Failed to build request: Resource /Users/itamar.levy/Kaltura/Projects/gatling/performance/src/resourcesjson/getOttCategoryBody.json not found 	1568907654111
ERROR	Get household user list : Failed to build request: Resource /Users/itamar.levy/Kaltura/Projects/gatling/performance/src/resourcesjson/getHouseHoldUserListBody.json not found 	1568907654111
ERROR	Get household device list: Failed to build request: Resource /Users/itamar.levy/Kaltura/Projects/gatling/performance/src/resourcesjson/onlyks.json not found 	1568907654111
ERROR	Get household device list: Failed to build request: Resource /Users/itamar.levy/Kaltura/Projects/gatling/performance/src/resourcesjson/onlyks.json not found 	1568907654113
ERROR	Get Ott User List: Failed to build request: Resource /Users/itamar.levy/Kaltura/Projects/gatling/performance/src/resourcesjson/OttUserList.json not found 	1568907654113
ERROR	Get entitlement household subscription list: Failed to build request: Resource /Users/itamar.levy/Kaltura/Projects/gatling/performance/src/resourcesjson/EntitlementListHouseholdSubscription.json not found 	1568907654113
ERROR	Get runtime configuration for client applications: Failed to build request: No attribute named 'uuid' is defined 	1568907658329
ERROR	Ott user login request: Failed to build request: No attribute named 'loginUsername' is defined 	1568907658329
ERROR	Get Ott User List: Failed to build request: Resource /Users/itamar.levy/Kaltura/Projects/gatling/performance/src/resourcesjson/getOttUserBody.json not found 	1568907658329
ERROR	Get domain info: Failed to build request: Resource json/onlyks.json not found 	1568907658329
ERROR	Get assets action list: Failed to build request: Resource json/assetActionListBody1.json not found 	1568907658330
ERROR	Get assets action list: Failed to build request: Resource json/assetActionListBody2.json not found 	1568907658330
ERROR	Get assets action list: Failed to build request: Resource json/assetActionListBody3.json not found 	1568907658330
ERROR	Get assets action list: Failed to build request: Resource json/assetActionListBody4.json not found 	1568907658330
ERROR	Get assets action list: Failed to build request: Resource json/assetActionListBody5.json not found 	1568907658330
ERROR	Get product price action list: Failed to build request: Resource /Users/itamar.levy/Kaltura/Projects/gatling/performance/src/resourcesjson/getOttCategoryBody.json not found 	1568907658330
ERROR	Get product price action list: Failed to build request: Resource /Users/itamar.levy/Kaltura/Projects/gatling/performance/src/resourcesjson/getOttCategoryBody.json not found 	1568907658330
ERROR	Get product price action list: Failed to build request: Resource /Users/itamar.levy/Kaltura/Projects/gatling/performance/src/resourcesjson/getOttCategoryBody.json not found 	1568907658331
ERROR	Get product price action list: Failed to build request: Resource /Users/itamar.levy/Kaltura/Projects/gatling/performance/src/resourcesjson/getOttCategoryBody.json not found 	1568907658331
ERROR	Get product price action list: Failed to build request: Resource /Users/itamar.levy/Kaltura/Projects/gatling/performance/src/resourcesjson/getOttCategoryBody.json not found 	1568907658331
ERROR	Get household user list : Failed to build request: Resource /Users/itamar.levy/Kaltura/Projects/gatling/performance/src/resourcesjson/getHouseHoldUserListBody.json not found 	1568907658331
ERROR	Get household device list: Failed to build request: Resource /Users/itamar.levy/Kaltura/Projects/gatling/performance/src/resourcesjson/onlyks.json not found 	1568907658331
ERROR	Get household device list: Failed to build request: Resource /Users/itamar.levy/Kaltura/Projects/gatling/performance/src/resourcesjson/onlyks.json not found 	1568907658332
ERROR	Get Ott User List: Failed to build request: Resource /Users/itamar.levy/Kaltura/Projects/gatling/performance/src/resourcesjson/OttUserList.json not found 	1568907658332
ERROR	Get entitlement household subscription list: Failed to build request: Resource /Users/itamar.levy/Kaltura/Projects/gatling/performance/src/resourcesjson/EntitlementListHouseholdSubscription.json not found 	1568907658332
ERROR	Get runtime configuration for client applications: Failed to build request: No attribute named 'uuid' is defined 	1568907658518
ERROR	Ott user login request: Failed to build request: No attribute named 'loginUsername' is defined 	1568907658518
ERROR	Get Ott User List: Failed to build request: Resource /Users/itamar.levy/Kaltura/Projects/gatling/performance/src/resourcesjson/getOttUserBody.json not found 	1568907658518
ERROR	Get domain info: Failed to build request: Resource json/onlyks.json not found 	1568907658518
ERROR	Get assets action list: Failed to build request: Resource json/assetActionListBody1.json not found 	1568907658518
ERROR	Get assets action list: Failed to build request: Resource json/assetActionListBody2.json not found 	1568907658518
ERROR	Get assets action list: Failed to build request: Resource json/assetActionListBody3.json not found 	1568907658519
ERROR	Get assets action list: Failed to build request: Resource json/assetActionListBody4.json not found 	1568907658519
ERROR	Get assets action list: Failed to build request: Resource json/assetActionListBody5.json not found 	1568907658519
ERROR	Get product price action list: Failed to build request: Resource /Users/itamar.levy/Kaltura/Projects/gatling/performance/src/resourcesjson/getOttCategoryBody.json not found 	1568907658519
ERROR	Get product price action list: Failed to build request: Resource /Users/itamar.levy/Kaltura/Projects/gatling/performance/src/resourcesjson/getOttCategoryBody.json not found 	1568907658519
ERROR	Get product price action list: Failed to build request: Resource /Users/itamar.levy/Kaltura/Projects/gatling/performance/src/resourcesjson/getOttCategoryBody.json not found 	1568907658519
ERROR	Get product price action list: Failed to build request: Resource /Users/itamar.levy/Kaltura/Projects/gatling/performance/src/resourcesjson/getOttCategoryBody.json not found 	1568907658520
ERROR	Get product price action list: Failed to build request: Resource /Users/itamar.levy/Kaltura/Projects/gatling/performance/src/resourcesjson/getOttCategoryBody.json not found 	1568907658520
ERROR	Get household user list : Failed to build request: Resource /Users/itamar.levy/Kaltura/Projects/gatling/performance/src/resourcesjson/getHouseHoldUserListBody.json not found 	1568907658520
ERROR	Get household device list: Failed to build request: Resource /Users/itamar.levy/Kaltura/Projects/gatling/performance/src/resourcesjson/onlyks.json not found 	1568907658520
ERROR	Get household device list: Failed to build request: Resource /Users/itamar.levy/Kaltura/Projects/gatling/performance/src/resourcesjson/onlyks.json not found 	1568907658521
ERROR	Get Ott User List: Failed to build request: Resource /Users/itamar.levy/Kaltura/Projects/gatling/performance/src/resourcesjson/OttUserList.json not found 	1568907658522
ERROR	Get entitlement household subscription list: Failed to build request: Resource /Users/itamar.levy/Kaltura/Projects/gatling/performance/src/resourcesjson/EntitlementListHouseholdSubscription.json not found 	1568907658522
ERROR	Get runtime configuration for client applications: Failed to build request: No attribute named 'uuid' is defined 	1568907658728
ERROR	Ott user login request: Failed to build request: No attribute named 'loginUsername' is defined 	1568907658728
ERROR	Get Ott User List: Failed to build request: Resource /Users/itamar.levy/Kaltura/Projects/gatling/performance/src/resourcesjson/getOttUserBody.json not found 	1568907658729
ERROR	Get domain info: Failed to build request: Resource json/onlyks.json not found 	1568907658729
ERROR	Get assets action list: Failed to build request: Resource json/assetActionListBody1.json not found 	1568907658729
ERROR	Get assets action list: Failed to build request: Resource json/assetActionListBody2.json not found 	1568907658729
ERROR	Get assets action list: Failed to build request: Resource json/assetActionListBody3.json not found 	1568907658729
ERROR	Get assets action list: Failed to build request: Resource json/assetActionListBody4.json not found 	1568907658729
ERROR	Get assets action list: Failed to build request: Resource json/assetActionListBody5.json not found 	1568907658729
ERROR	Get product price action list: Failed to build request: Resource /Users/itamar.levy/Kaltura/Projects/gatling/performance/src/resourcesjson/getOttCategoryBody.json not found 	1568907658730
ERROR	Get product price action list: Failed to build request: Resource /Users/itamar.levy/Kaltura/Projects/gatling/performance/src/resourcesjson/getOttCategoryBody.json not found 	1568907658730
ERROR	Get product price action list: Failed to build request: Resource /Users/itamar.levy/Kaltura/Projects/gatling/performance/src/resourcesjson/getOttCategoryBody.json not found 	1568907658730
ERROR	Get product price action list: Failed to build request: Resource /Users/itamar.levy/Kaltura/Projects/gatling/performance/src/resourcesjson/getOttCategoryBody.json not found 	1568907658730
ERROR	Get product price action list: Failed to build request: Resource /Users/itamar.levy/Kaltura/Projects/gatling/performance/src/resourcesjson/getOttCategoryBody.json not found 	1568907658730
ERROR	Get household user list : Failed to build request: Resource /Users/itamar.levy/Kaltura/Projects/gatling/performance/src/resourcesjson/getHouseHoldUserListBody.json not found 	1568907658730
ERROR	Get household device list: Failed to build request: Resource /Users/itamar.levy/Kaltura/Projects/gatling/performance/src/resourcesjson/onlyks.json not found 	1568907658731
ERROR	Get household device list: Failed to build request: Resource /Users/itamar.levy/Kaltura/Projects/gatling/performance/src/resourcesjson/onlyks.json not found 	1568907658732
ERROR	Get Ott User List: Failed to build request: Resource /Users/itamar.levy/Kaltura/Projects/gatling/performance/src/resourcesjson/OttUserList.json not found 	1568907658732
ERROR	Get entitlement household subscription list: Failed to build request: Resource /Users/itamar.levy/Kaltura/Projects/gatling/performance/src/resourcesjson/EntitlementListHouseholdSubscription.json not found 	1568907658732
ERROR	Get runtime configuration for client applications: Failed to build request: No attribute named 'uuid' is defined 	1568907658928
ERROR	Ott user login request: Failed to build request: No attribute named 'loginUsername' is defined 	1568907658928
ERROR	Get Ott User List: Failed to build request: Resource /Users/itamar.levy/Kaltura/Projects/gatling/performance/src/resourcesjson/getOttUserBody.json not found 	1568907658929
ERROR	Get domain info: Failed to build request: Resource json/onlyks.json not found 	1568907658929
ERROR	Get assets action list: Failed to build request: Resource json/assetActionListBody1.json not found 	1568907658929
ERROR	Get assets action list: Failed to build request: Resource json/assetActionListBody2.json not found 	1568907658929
ERROR	Get assets action list: Failed to build request: Resource json/assetActionListBody3.json not found 	1568907658929
ERROR	Get assets action list: Failed to build request: Resource json/assetActionListBody4.json not found 	1568907658930
ERROR	Get assets action list: Failed to build request: Resource json/assetActionListBody5.json not found 	1568907658930
ERROR	Get product price action list: Failed to build request: Resource /Users/itamar.levy/Kaltura/Projects/gatling/performance/src/resourcesjson/getOttCategoryBody.json not found 	1568907658931
ERROR	Get product price action list: Failed to build request: Resource /Users/itamar.levy/Kaltura/Projects/gatling/performance/src/resourcesjson/getOttCategoryBody.json not found 	1568907658931
ERROR	Get product price action list: Failed to build request: Resource /Users/itamar.levy/Kaltura/Projects/gatling/performance/src/resourcesjson/getOttCategoryBody.json not found 	1568907658931
ERROR	Get product price action list: Failed to build request: Resource /Users/itamar.levy/Kaltura/Projects/gatling/performance/src/resourcesjson/getOttCategoryBody.json not found 	1568907658931
ERROR	Get product price action list: Failed to build request: Resource /Users/itamar.levy/Kaltura/Projects/gatling/performance/src/resourcesjson/getOttCategoryBody.json not found 	1568907658932
ERROR	Get household user list : Failed to build request: Resource /Users/itamar.levy/Kaltura/Projects/gatling/performance/src/resourcesjson/getHouseHoldUserListBody.json not found 	1568907658932
ERROR	Get household device list: Failed to build request: Resource /Users/itamar.levy/Kaltura/Projects/gatling/performance/src/resourcesjson/onlyks.json not found 	1568907658932
ERROR	Get household device list: Failed to build request: Resource /Users/itamar.levy/Kaltura/Projects/gatling/performance/src/resourcesjson/onlyks.json not found 	1568907658933
ERROR	Get Ott User List: Failed to build request: Resource /Users/itamar.levy/Kaltura/Projects/gatling/performance/src/resourcesjson/OttUserList.json not found 	1568907658933
ERROR	Get entitlement household subscription list: Failed to build request: Resource /Users/itamar.levy/Kaltura/Projects/gatling/performance/src/resourcesjson/EntitlementListHouseholdSubscription.json not found 	1568907658934
ERROR	Get runtime configuration for client applications: Failed to build request: No attribute named 'uuid' is defined 	1568907659127
ERROR	Ott user login request: Failed to build request: No attribute named 'loginUsername' is defined 	1568907659127
ERROR	Get Ott User List: Failed to build request: Resource /Users/itamar.levy/Kaltura/Projects/gatling/performance/src/resourcesjson/getOttUserBody.json not found 	1568907659128
ERROR	Get domain info: Failed to build request: Resource json/onlyks.json not found 	1568907659128
ERROR	Get assets action list: Failed to build request: Resource json/assetActionListBody1.json not found 	1568907659128
ERROR	Get assets action list: Failed to build request: Resource json/assetActionListBody2.json not found 	1568907659128
ERROR	Get assets action list: Failed to build request: Resource json/assetActionListBody3.json not found 	1568907659128
ERROR	Get assets action list: Failed to build request: Resource json/assetActionListBody4.json not found 	1568907659129
ERROR	Get assets action list: Failed to build request: Resource json/assetActionListBody5.json not found 	1568907659129
ERROR	Get product price action list: Failed to build request: Resource /Users/itamar.levy/Kaltura/Projects/gatling/performance/src/resourcesjson/getOttCategoryBody.json not found 	1568907659129
ERROR	Get product price action list: Failed to build request: Resource /Users/itamar.levy/Kaltura/Projects/gatling/performance/src/resourcesjson/getOttCategoryBody.json not found 	1568907659129
ERROR	Get product price action list: Failed to build request: Resource /Users/itamar.levy/Kaltura/Projects/gatling/performance/src/resourcesjson/getOttCategoryBody.json not found 	1568907659129
ERROR	Get product price action list: Failed to build request: Resource /Users/itamar.levy/Kaltura/Projects/gatling/performance/src/resourcesjson/getOttCategoryBody.json not found 	1568907659129
ERROR	Get product price action list: Failed to build request: Resource /Users/itamar.levy/Kaltura/Projects/gatling/performance/src/resourcesjson/getOttCategoryBody.json not found 	1568907659129
ERROR	Get household user list : Failed to build request: Resource /Users/itamar.levy/Kaltura/Projects/gatling/performance/src/resourcesjson/getHouseHoldUserListBody.json not found 	1568907659130
ERROR	Get household device list: Failed to build request: Resource /Users/itamar.levy/Kaltura/Projects/gatling/performance/src/resourcesjson/onlyks.json not found 	1568907659130
ERROR	Get household device list: Failed to build request: Resource /Users/itamar.levy/Kaltura/Projects/gatling/performance/src/resourcesjson/onlyks.json not found 	1568907659131
ERROR	