ASSERTION	AAECAAMFAAAAAAAAAFlA
RUN	com.kaltura.performance.simulations.RestLoginOnlySimulation	restloginonlysimulation	1568899099780	 	3.2.1
USER	loginOnly	1	START	1568899100697	1568899100697
ERROR	Get entitlement household subscription list: Failed to build request: Resource rest/EntitlementListHouseholdSubscription.json not found 	1568899100711
USER	loginOnly	2	START	1568899100911	1568899100911
ERROR	Get entitlement household subscription list: Failed to build request: Resource rest/EntitlementListHouseholdSubscription.json not found 	1568899100912
USER	loginOnly	3	START	1568899101112	1568899101112
ERROR	Get entitlement household subscription list: Failed to build request: Resource rest/EntitlementListHouseholdSubscription.json not found 	1568899101113
USER	loginOnly	4	START	1568899101311	1568899101311
ERROR	Get entitlement household subscription list: Failed to build request: Resource rest/EntitlementListHouseholdSubscription.json not found 	1568899101313
USER	loginOnly	5	START	1568899101509	1568899101509
ERROR	Get entitlement household subscription list: Failed to build request: Resource rest/EntitlementListHouseholdSubscription.json not found 	1568899101511
ERROR	Get entitlement household subscription list: Failed to build request: Resource rest/EntitlementListHouseholdSubscription.json not found 	1568899105730
ERROR	Get entitlement household subscription list: Failed to build request: Resource rest/EntitlementListHouseholdSubscription.json not found 	1568899105931
ERROR	Get entitlement household subscription list: Failed to build request: Resource rest/EntitlementListHouseholdSubscription.json not found 	1568899106132
ERROR	Get entitlement household subscription list: Failed to build request: Resource rest/EntitlementListHouseholdSubscription.json not found 	1568899106332
ERROR	Get entitlement household subscription list: Failed to build request: Resource rest/EntitlementListHouseholdSubscription.json not found 	1568899106533
ERROR	Get entitlement household subscription list: Failed to build request: Resource rest/EntitlementListHouseholdSubscription.json not found 	1568899110743
ERROR	Get entitlement household subscription list: Failed to build request: Resource rest/EntitlementListHouseholdSubscription.json not found 	1568899110941
ERROR	Get entitlement household subscription list: Failed to build request: Resource rest/EntitlementListHouseholdSubscription.json not found 	1568899111141
ERROR	Get entitlement household subscription list: Failed to build request: Resource rest/EntitlementListHouseholdSubscription.json not found 	1568899111342
ERROR	Get entitlement household subscription list: Failed to build request: Resource rest/EntitlementListHouseholdSubscription.json not found 	1568899111532
USER	loginOnly	6	START	1568899112712	1568899112712
ERROR	Get entitlement household subscription list: Failed to build request: Resource rest/EntitlementListHouseholdSubscription.json not found 	1568899112713
ERROR	Get entitlement household subscription list: Failed to build request: Resource rest/EntitlementListHouseholdSubscription.json not found 	1568899115742
ERROR	Get entitlement household subscription list: Failed to build request: Resource rest/EntitlementListHouseholdSubscription.json not found 	1568899115942
ERROR	Get entitlement household subscription list: Failed to build request: Resource rest/EntitlementListHouseholdSubscription.json not found 	1568899116141
ERROR	Get entitlement household subscription list: Failed to build request: Resource rest/EntitlementListHouseholdSubscription.json not found 	1568899116342
ERROR	Get entitlement household subscription list: Failed to build request: Resource rest/EntitlementListHouseholdSubscription.json not found 	1568899116532
ERROR	Get entitlement household subscription list: Failed to build request: Resource rest/EntitlementListHouseholdSubscription.json not found 	1568899117730
USER	loginOnly	7	START	1568899118710	1568899118710
ERROR	Get entitlement household subscription list: Failed to build request: Resource rest/EntitlementListHouseholdSubscription.json not found 	1568899118711
ERROR	Get entitlement household subscription list: Failed to build request: Resource rest/EntitlementListHouseholdSubscription.json not found 	1568899120741
ERROR	Get entitlement household subscription list: Failed to build request: Resource rest/EntitlementListHouseholdSubscription.json not found 	1568899120941
ERROR	Get entitlement household subscription list: Failed to build request: Resource rest/EntitlementListHouseholdSubscription.json not found 	1568899121140
ERROR	Get entitlement household subscription list: Failed to build request: Resource rest/EntitlementListHouseholdSubscription.json not found 	1568899121341
ERROR	Get entitlement household subscription list: Failed to build request: Resource rest/EntitlementListHouseholdSubscription.json not found 	1568899121542
ERROR	Get entitlement household subscription list: Failed to build request: Resource rest/EntitlementListHouseholdSubscription.json not found 	1568899122742
ERROR	Get entitlement household subscription list: Failed to build request: Resource rest/EntitlementListHouseholdSubscription.json not found 	1568899123732
USER	loginOnly	8	START	1568899124711	1568899124711
ERROR	Get entitlement household subscription list: Failed to build request: Resource rest/EntitlementListHouseholdSubscription.json not found 	1568899124712
ERROR	Get entitlement household subscription list: Failed to build request: Resource rest/EntitlementListHouseholdSubscription.json not found 	1568899125742
ERROR	Get entitlement household subscription list: Failed to build request: Resource rest/EntitlementListHouseholdSubscription.json not found 	1568899125943
ERROR	Get entitlement household subscription list: Failed to build request: Resource rest/EntitlementListHouseholdSubscription.json not found 	1568899126142
ERROR	Get entitlement household subscription list: Failed to build request: Resource rest/EntitlementListHouseholdSubscription.json not found 	1568899126342
ERROR	Get entitlement household subscription list: Failed to build request: Resource rest/EntitlementListHouseholdSubscription.json not found 	1568899126542
ERROR	Get entitlement household subscription list: Failed to build request: Resource rest/EntitlementListHouseholdSubscription.json not found 	1568899127740
ERROR	Get entitlement household subscription list: Failed to build request: Resource rest/EntitlementListHouseholdSubscription.json not found 	1568899128730
ERROR	Get entitlement household subscription list: Failed to build request: Resource rest/EntitlementListHouseholdSubscription.json not found 	1568899129731
USER	loginOnly	9	START	1568899130713	1568899130713
ERROR	Get entitlement household subscription list: Failed to build request: Resource rest/EntitlementListHouseholdSubscription.json not found 	1568899130714
ERROR	Get entitlement household subscription list: Failed to build request: Resource rest/EntitlementListHouseholdSubscription.json not found 	1568899130740
ERROR	Get entitlement household subscription list: Failed to build request: Resource rest/EntitlementListHouseholdSubscription.json not found 	1568899130940
ERROR	Get entitlement household subscription list: Failed to build request: Resource rest/EntitlementListHouseholdSubscription.json not found 	1568899131142
ERROR	Get entitlement household subscription list: Failed to build request: Resource rest/EntitlementListHouseholdSubscription.json not found 	1568899131342
ERROR	Get entitlement household subscription list: Failed to build request: Resource rest/EntitlementListHouseholdSubscription.json not found 	1568899131543
ERROR	Get entitlement household subscription list: Failed to build request: Resource rest/EntitlementListHouseholdSubscription.json not found 	1568899132740
ERROR	Get entitlement household subscription list: Failed to build request: Resource rest/EntitlementListHouseholdSubscription.json not found 	1568899133743
ERROR	Get entitlement household subscription list: Failed to build request: Resource rest/EntitlementListHouseholdSubscription.json not found 	1568899134742
ERROR	Get entitlement household subscription list: Failed to build request: Resource rest/EntitlementListHouseholdSubscription.json not found 	1568899135733
ERROR	Get entitlement household subscription list: Failed to build request: Resource rest/EntitlementListHouseholdSubscription.json not found 	1568899135742
ERROR	Get entitlement household subscription list: Failed to build request: Resource rest/EntitlementListHouseholdSubscription.json not found 	1568899135940
ERROR	Get entitlement household subscription list: Failed to build request: Resource rest/EntitlementListHouseholdSubscription.json not found 	1568899136142
ERROR	Get entitlement household subscription list: Failed to build request: Resource rest/EntitlementListHouseholdSubscription.json not found 	1568899136341
ERROR	Get entitlement household subscription list: Failed to build request: Resource rest/EntitlementListHouseholdSubscription.json not found 	1568899136543
USER	loginOnly	10	START	1568899136712	1568899136712
ERROR	Get entitlement household subscription list: Failed to build request: Resource rest/EntitlementListHouseholdSubscription.json not found 	1568899136713
ERROR	Get entitlement household subscription list: Failed to build request: Resource rest/EntitlementListHouseholdSubscription.json not found 	1568899137741
ERROR	Get entitlement household subscription list: Failed to build request: Resource rest/EntitlementListHouseholdSubscription.json not found 	1568899138742
ERROR	Get entitlement household subscription list: Failed to build request: Resource rest/EntitlementListHouseholdSubscription.json not found 	1568899139742
ERROR	Get entitlement household subscription list: Failed to build request: Resource rest/EntitlementListHouseholdSubscription.json not found 	1568899140741
ERROR	Get entitlement household subscription list: Failed to build request: Resource rest/EntitlementListHouseholdSubscription.json not found 	1568899140741
ERROR	Get entitlement household subscription list: Failed to build request: Resource rest/EntitlementListHouseholdSubscription.json not found 	1568899140941
ERROR	Get entitlement household subscription list: Failed to build request: Resource rest/EntitlementListHouseholdSubscription.json not found 	1568899141143
ERROR	Get entitlement household subscription list: Failed to build request: Resource rest/EntitlementListHouseholdSubscription.json not found 	1568899141340
ERROR	Get entitlement household subscription list: Failed to build request: Resource rest/EntitlementListHouseholdSubscription.json not found 	1568899141540
ERROR	Get entitlement household subscription list: Failed to build request: Resource rest/EntitlementListHouseholdSubscription.json not found 	1568899141731
USER	loginOnly	11	START	1568899142711	1568899142711
ERROR	Get entitlement household subscription list: Failed to build request: Resource rest/EntitlementListHouseholdSubscription.json not found 	1568899142712
ERROR	Get entitlement household subscription list: Failed to build request: Resource rest/EntitlementListHouseholdSubscription.json not found 	1568899142740
ERROR	Get entitlement household subscription list: Failed to build request: Resource rest/EntitlementListHouseholdSubscription.json not found 	1568899143742
ERROR	Get entitlement household subscription list: Failed to build request: Resource rest/EntitlementListHouseholdSubscription.json not found 	1568899144742
ERROR	Get entitlement household subscription list: Failed to build request: Resource rest/EntitlementListHouseholdSubscription.json not found 	1568899145743
ERROR	Get entitlement household subscription list: Failed to build request: Resource rest/EntitlementListHouseholdSubscription.json not found 	1568899145743
ERROR	Get entitlement household subscription list: Failed to build request: Resource rest/EntitlementListHouseholdSubscription.json not found 	1568899145940
ERROR	Get entitlement household subscription list: Failed to build request: Resource rest/EntitlementListHouseholdSubscription.json not found 	1568899146142
ERROR	Get entitlement household subscription list: Failed to build request: Resource rest/EntitlementListHouseholdSubscription.json not found 	1568899146350
ERROR	Get entitlement household subscription list: Failed to build request: Resource rest/EntitlementListHouseholdSubscription.json not found 	1568899146540
ERROR	Get entitlement household subscription list: Failed to build request: Resource rest/EntitlementListHouseholdSubscription.json not found 	1568899146741
ERROR	Get entitlement household subscription list: Failed to build request: Resource rest/EntitlementListHouseholdSubscription.json not found 	1568899147732
ERROR	Get entitlement household subscription list: Failed to build request: Resource rest/EntitlementListHouseholdSubscription.json not found 	1568899147740
USER	loginOnly	12	START	1568899148712	1568899148712
ERROR	Get entitlement household subscription list: Failed to build request: Resource rest/EntitlementListHouseholdSubscription.json not found 	1568899148713
ERROR	Get entitlement household subscription list: Failed to build request: Resource rest/EntitlementListHouseholdSubscription.json not found 	1568899148742
ERROR	Get entitlement household subscription list: Failed to build request: Resource rest/EntitlementListHouseholdSubscription.json not found 	1568899149742
ERROR	Get entitlement household subscription list: Failed to build request: Resource rest/EntitlementListHouseholdSubscription.json not found 	1568899150741
ERROR	Get entitlement household subscription list: Failed to build request: Resource rest/EntitlementListHouseholdSubscription.json not found 	1568899150741
ERROR	Get entitlement household subscription list: Failed to build request: Resource rest/EntitlementListHouseholdSubscription.json not found 	1568899150940
ERROR	Get entitlement household subscription list: Failed to build request: Resource rest/EntitlementListHouseholdSubscription.json not found 	1568899151142
ERROR	Get entitlement household subscription list: Failed to build request: Resource rest/EntitlementListHouseholdSubscription.json not found 	1568899151351
ERROR	Get entitlement household subscription list: Failed to build request: Resource rest/EntitlementListHouseholdSubscription.json not found 	1568899151543
ERROR	Get entitlement household subscription list: Failed to build request: Resource rest/EntitlementListHouseholdSubscription.json not found 	1568899151742
ERROR	Get entitlement household subscription list: Failed to build request: Resource rest/EntitlementListHouseholdSubscription.json not found 	1568899152743
ERROR	Get entitlement household subscription list: Failed to build request: Resource rest/EntitlementListHouseholdSubscription.json not found 	1568899152743
ERROR	Get entitlement household subscription list: Failed to build request: Resource rest/EntitlementListHouseholdSubscription.json not found 	1568899153730
ERROR	Get entitlement household subscription list: Failed to build request: Resource rest/EntitlementListHouseholdSubscription.json not found 	1568899153742
USER	loginOnly	13	START	1568899154712	1568899154712
ERROR	Get entitlement household subscription list: Failed to build request: Resource rest/EntitlementListHouseholdSubscription.json not found 	1568899154713
ERROR	Get entitlement household subscription list: Failed to build request: Resource rest/EntitlementListHouseholdSubscription.json not found 	1568899154742
ERROR	Get entitlement household subscription list: Failed to build request: Resource rest/EntitlementListHouseholdSubscription.json not found 	1568899155742
ERROR	Get entitlement household subscription list: Failed to build request: Resource rest/EntitlementListHouseholdSubscription.json not found 	1568899155742
ERROR	Get entitlement household subscription list: Failed to build request: Resource rest/EntitlementListHouseholdSubscription.json not found 	1568899155941
ERROR	Get entitlement household subscription list: Failed to build request: Resource rest/EntitlementListHouseholdSubscription.json not found 	1568899156142
ERROR	Get entitlement household subscription list: Failed to build request: Resource rest/EntitlementListHouseholdSubscription.json not found 	1568899156352
ERROR	Get entitlement household subscription list: Failed to build request: Resource rest/EntitlementListHouseholdSubscription.json not found 	1568899156543
ERROR	Get entitlement household subscription list: Failed to build request: Resource rest/EntitlementListHouseholdSubscription.json not found 	1568899156742
ERROR	Get entitlement household subscription list: Failed to build request: Resource rest/EntitlementListHouseholdSubscription.json not found 	1568899157743
ERROR	Get entitlement household subscription list: Failed to build request: Resource rest/EntitlementListHouseholdSubscription.json not found 	1568899157743
ERROR	Get entitlement household subscription list: Failed to build request: Resource rest/EntitlementListHouseholdSubscription.json not found 	1568899158742
ERROR	Get entitlement household subscription list: Failed to build request: Resource rest/EntitlementListHouseholdSubscription.json not found 	1568899158742
ERROR	Get entitlement household subscription list: Failed to build request: Resource rest/EntitlementListHouseholdSubscription.json not found 	1568899159731
ERROR	Get entitlement household subscription list: Failed to build request: Resource rest/EntitlementListHouseholdSubscription.json not found 	1568899159742
USER	loginOnly	14	START	1568899160712	1568899160712
ERROR	Get entitlement household subscription list: Failed to build request: Resource rest/EntitlementListHouseholdSubscription.json not found 	1568899160713
ERROR	Get entitlement household subscription list: Failed to build request: Resource rest/EntitlementListHouseholdSubscription.json not found 	1568899160741
ERROR	Get entitlement household subscription list: Failed to build request: Resource rest/EntitlementListHouseholdSubscription.json not found 	1568899160741
ERROR	Get entitlement household subscription list: Failed to build request: Resource rest/EntitlementListHouseholdSubscription.json not found 	1568899160940
ERROR	Get entitlement household subscription list: Failed to build request: Resource rest/EntitlementListHouseholdSubscription.json not found 	1568899161142
ERROR	Get entitlement household subscription list: Failed to build request: Resource rest/EntitlementListHouseholdSubscription.json not found 	1568899161351
ERROR	Get entitlement household subscription list: Failed to build request: Resource rest/EntitlementListHouseholdSubscription.json not found 	1568899161543
ERROR	Get entitlement household subscription list: Failed to build request: Resource rest/EntitlementListHouseholdSubscription.json not found 	1568899161740
ERROR	Get entitlement household subscription list: Failed to build request: Resource rest/EntitlementListHouseholdSubscription.json not found 	1568899162742
ERROR	Get entitlement household subscription list: Failed to build request: Resource rest/EntitlementListHouseholdSubscription.json not found 	1568899162742
ERROR	Get entitlement household subscription list: Failed to build request: Resource rest/EntitlementListHouseholdSubscription.json not found 	1568899163740
ERROR	Get entitlement household subscription list: Failed to build request: Resource rest/EntitlementListHouseholdSubscription.json not found 	1568899163740
ERROR	Get entitlement household subscription list: Failed to build request: Resource rest/EntitlementListHouseholdSubscription.json not found 	1568899164741
ERROR	Get entitlement household subscription list: Failed to build request: Resource rest/EntitlementListHouseholdSubscription.json not found 	1568899164741
ERROR	Get entitlement household subscription list: Failed to build request: Resource rest/EntitlementListHouseholdSubscription.json not found 	1568899165732
ERROR	Get entitlement household subscription list: Failed to build request: Resource rest/EntitlementListHouseholdSubscription.json not found 	1568899165742
ERROR	Get entitlement household subscription list: Failed to build request: Resource rest/EntitlementListHouseholdSubscription.json not found 	1568899165752
ERROR	Get entitlement household subscription list: Failed to build request: Resource rest/EntitlementListHouseholdSubscription.json not found 	1568899165940
ERROR	Get entitlement household subscription list: Failed to build request: Resource rest/EntitlementListHouseholdSubscription.json not found 	1568899166152
ERROR	Get entitlement household subscription list: Failed to build request: Resource rest/EntitlementListHouseholdSubscription.json not found 	1568899166352
ERROR	Get entitlement household subscription list: Failed to build request: Resource rest/EntitlementListHouseholdSubscription.json not found 	1568899166541
USER	loginOnly	15	START	1568899166713	1568899166713
ERROR	Get entitlement household subscription list: Failed to build request: Resource rest/EntitlementListHouseholdSubscription.json not found 	1568899166714
ERROR	Get entitlement household subscription list: Failed to build request: Resource rest/EntitlementListHouseholdSubscription.json not found 	1568899166742
ERROR	Get entitlement household subscription list: Failed to build request: Resource rest/EntitlementListHouseholdSubscription.json not found 	1568899167742
ERROR	Get entitlement household subscription list: Failed to build request: Resource rest/EntitlementListHouseholdSubscription.json not found 	1568899167742
ERROR	Get entitlement household subscription list: Failed to build request: Resource rest/EntitlementListHouseholdSubscription.json not found 	1568899168742
ERROR	Get entitlement household subscription list: Failed to build request: Resource rest/EntitlementListHouseholdSubscription.json not found 	1568899168742
ERROR	Get entitlement household subscription list: Failed to build request: Resource rest/EntitlementListHouseholdSubscription.json not found 	1568899169743
ERROR	Get entitlement household subscription list: Failed to build request: Resource rest/EntitlementListHouseholdSubscription.json not found 	1568899169743
ERROR	Get entitlement household subscription list: Failed to build request: Resource rest/EntitlementListHouseholdSubscription.json not found 	1568899170742
ERROR	Get entitlement household subscription list: Failed to build request: Resource rest/EntitlementListHouseholdSubscription.json not found 	1568899170742
ERROR	Get entitlement household subscription list: Failed to build request: Resource rest/EntitlementListHouseholdSubscription.json not found 	1568899170750
ERROR	Get entitlement household subscription list: Failed to build request: Resource rest/EntitlementListHouseholdSubscription.json not found 	1568899170942
ERROR	Get entitlement household subscription list: Failed to build request: Resource rest/EntitlementListHouseholdSubscription.json not found 	1568899171150
ERROR	Get entitlement household subscription list: Failed to build request: Resource rest/EntitlementListHouseholdSubscription.json not found 	1568899171352
ERROR	