ASSERTION	AAECAAMFAAAAAAAAAFlA
RUN	com.kaltura.performance.simulations.RestLoginOnlySimulation	restloginonlysimulation	1568910372686	 	3.2.1
USER	loginOnly	1	START	1568910373581	1568910373581
USER	loginOnly	2	START	1568910374104	1568910374104
REQUEST	2		Get runtime configuration for client applications	1568910374105	1568910374995	OK	 
REQUEST	2		Ott user login request	1568910375009	1568910375611	OK	 
REQUEST	1		Get runtime configuration for client applications	1568910373601	1568910377635	OK	 
REQUEST	2		Get Ott User List	1568910375633	1568910377653	OK	 
ERROR	Get domain info: Failed to build request: Resource /json/onlyks.json not found 	1568910377654
ERROR	Get assets action list: Failed to build request: Resource {
  "kSql": "(and asset_type='\''600'\''   customer_type_blacklist!='\''5'\'' (or region_agnostic_user_types='\''5'\'' (or region_whitelist='\''1090'\'' (and region_blacklist!='\''1090'\'' (or region_whitelist='\''0'\'' region_whitelist!+\")))))",
  "typeIn": "600",
  "orderBy": "NAME_DESC",
  "objectType": "KalturaSearchAssetFilter"
},
"pager": {
"pageIndex": 1,
"pageSize": 50
},
"ks": "djJ8NDc4fPT7zDh9w-wEHf45a1WRkfnronKd3D4reru3auT-qPRGuztpkfKpiFPzPkVGYcqtUVS6-Fcfknlms3B47MqzvoipYgWlwtzFGF5SP13JudD7AqjGb2RU_Nkv4IELLy6xqlt_UMYbk_ZDCZQrzXqvXOo=",
"apiVersion": "4.7"
}' not found 	1568910377658
ERROR	Get assets action list: Failed to build request: Resource {
  "kSql": "(and asset_type='\''600'\''   customer_type_blacklist!='\''5'\'' (or region_agnostic_user_types='\''5'\'' (or region_whitelist='\''1090'\'' (and region_blacklist!='\''1090'\'' (or region_whitelist='\''0'\'' region_whitelist!+\")))))",
  "typeIn": "600",
  "orderBy": "NAME_DESC",
  "objectType": "KalturaSearchAssetFilter"
},
"pager": {
"pageIndex": 2,
"pageSize": 50
},
"ks": "djJ8NDc4fPT7zDh9w-wEHf45a1WRkfnronKd3D4reru3auT-qPRGuztpkfKpiFPzPkVGYcqtUVS6-Fcfknlms3B47MqzvoipYgWlwtzFGF5SP13JudD7AqjGb2RU_Nkv4IELLy6xqlt_UMYbk_ZDCZQrzXqvXOo=",
"apiVersion": "4.7"
}' not found 	1568910377659
ERROR	Get assets action list: Failed to build request: Resource {
  "kSql": "(and asset_type='\''600'\''   customer_type_blacklist!='\''5'\'' (or region_agnostic_user_types='\''5'\'' (or region_whitelist='\''1090'\'' (and region_blacklist!='\''1090'\'' (or region_whitelist='\''0'\'' region_whitelist!+\")))))",
  "typeIn": "600",
  "orderBy": "NAME_DESC",
  "objectType": "KalturaSearchAssetFilter"
},
"pager": {
"pageIndex": 3,
"pageSize": 50
},
"ks": "djJ8NDc4fPT7zDh9w-wEHf45a1WRkfnronKd3D4reru3auT-qPRGuztpkfKpiFPzPkVGYcqtUVS6-Fcfknlms3B47MqzvoipYgWlwtzFGF5SP13JudD7AqjGb2RU_Nkv4IELLy6xqlt_UMYbk_ZDCZQrzXqvXOo=",
"apiVersion": "4.7"
}' not found 	1568910377660
ERROR	Get assets action list: Failed to build request: Resource {
  "kSql": "(and asset_type='\''600'\''   customer_type_blacklist!='\''5'\'' (or region_agnostic_user_types='\''5'\'' (or region_whitelist='\''1090'\'' (and region_blacklist!='\''1090'\'' (or region_whitelist='\''0'\'' region_whitelist!+\")))))",
  "typeIn": "600",
  "orderBy": "NAME_DESC",
  "objectType": "KalturaSearchAssetFilter"
},
"pager": {
"pageIndex": 4,
"pageSize": 50
},
"ks": "djJ8NDc4fPT7zDh9w-wEHf45a1WRkfnronKd3D4reru3auT-qPRGuztpkfKpiFPzPkVGYcqtUVS6-Fcfknlms3B47MqzvoipYgWlwtzFGF5SP13JudD7AqjGb2RU_Nkv4IELLy6xqlt_UMYbk_ZDCZQrzXqvXOo=",
"apiVersion": "4.7"
}' not found 	1568910377660
ERROR	Get assets action list: Failed to build request: Resource {
  "kSql": "(and asset_type='\''600'\''   customer_type_blacklist!='\''5'\'' (or region_agnostic_user_types='\''5'\'' (or region_whitelist='\''1090'\'' (and region_blacklist!='\''1090'\'' (or region_whitelist='\''0'\'' region_whitelist!+\")))))",
  "typeIn": "600",
  "orderBy": "NAME_DESC",
  "objectType": "KalturaSearchAssetFilter"
},
"pager": {
"pageIndex": 5,
"pageSize": 50
},
"ks": "djJ8NDc4fPT7zDh9w-wEHf45a1WRkfnronKd3D4reru3auT-qPRGuztpkfKpiFPzPkVGYcqtUVS6-Fcfknlms3B47MqzvoipYgWlwtzFGF5SP13JudD7AqjGb2RU_Nkv4IELLy6xqlt_UMYbk_ZDCZQrzXqvXOo=",
"apiVersion": "4.7"
}' not found 	1568910377661
ERROR	Get product price action list: Failed to build request: Resource {
  "id": "3857",
  "ks": "djJ8NDc4fPT7zDh9w-wEHf45a1WRkfnronKd3D4reru3auT-qPRGuztpkfKpiFPzPkVGYcqtUVS6-Fcfknlms3B47MqzvoipYgWlwtzFGF5SP13JudD7AqjGb2RU_Nkv4IELLy6xqlt_UMYbk_ZDCZQrzXqvXOo=",
  "apiVersion": "4.7"
} not found 	1568910377662
ERROR	Get product price action list: Failed to build request: Resource {
  "id": "3857",
  "ks": "djJ8NDc4fPT7zDh9w-wEHf45a1WRkfnronKd3D4reru3auT-qPRGuztpkfKpiFPzPkVGYcqtUVS6-Fcfknlms3B47MqzvoipYgWlwtzFGF5SP13JudD7AqjGb2RU_Nkv4IELLy6xqlt_UMYbk_ZDCZQrzXqvXOo=",
  "apiVersion": "4.7"
} not found 	1568910377662
ERROR	Get product price action list: Failed to build request: Resource {
  "id": "3857",
  "ks": "djJ8NDc4fPT7zDh9w-wEHf45a1WRkfnronKd3D4reru3auT-qPRGuztpkfKpiFPzPkVGYcqtUVS6-Fcfknlms3B47MqzvoipYgWlwtzFGF5SP13JudD7AqjGb2RU_Nkv4IELLy6xqlt_UMYbk_ZDCZQrzXqvXOo=",
  "apiVersion": "4.7"
} not found 	1568910377662
ERROR	Get product price action list: Failed to build request: Resource {
  "id": "3857",
  "ks": "djJ8NDc4fPT7zDh9w-wEHf45a1WRkfnronKd3D4reru3auT-qPRGuztpkfKpiFPzPkVGYcqtUVS6-Fcfknlms3B47MqzvoipYgWlwtzFGF5SP13JudD7AqjGb2RU_Nkv4IELLy6xqlt_UMYbk_ZDCZQrzXqvXOo=",
  "apiVersion": "4.7"
} not found 	1568910377663
ERROR	Get product price action list: Failed to build request: Resource {
  "id": "3857",
  "ks": "djJ8NDc4fPT7zDh9w-wEHf45a1WRkfnronKd3D4reru3auT-qPRGuztpkfKpiFPzPkVGYcqtUVS6-Fcfknlms3B47MqzvoipYgWlwtzFGF5SP13JudD7AqjGb2RU_Nkv4IELLy6xqlt_UMYbk_ZDCZQrzXqvXOo=",
  "apiVersion": "4.7"
} not found 	1568910377663
ERROR	Get household user list : Failed to build request: Resource {
  "ks": "djJ8NDc4fPT7zDh9w-wEHf45a1WRkfnronKd3D4reru3auT-qPRGuztpkfKpiFPzPkVGYcqtUVS6-Fcfknlms3B47MqzvoipYgWlwtzFGF5SP13JudD7AqjGb2RU_Nkv4IELLy6xqlt_UMYbk_ZDCZQrzXqvXOo=",
  "apiVersion": "4.7"
} not found 	1568910377663
REQUEST	1		Ott user login request	1568910377636	1568910378193	OK	 
REQUEST	1		Get Ott User List	1568910378195	1568910378439	OK	 
ERROR	Get domain info: Failed to build request: Resource /json/onlyks.json not found 	1568910378439
ERROR	Get assets action list: Failed to build request: Resource {
  "kSql": "(and asset_type='\''600'\''   customer_type_blacklist!='\''5'\'' (or region_agnostic_user_types='\''5'\'' (or region_whitelist='\''1090'\'' (and region_blacklist!='\''1090'\'' (or region_whitelist='\''0'\'' region_whitelist!+\")))))",
  "typeIn": "600",
  "orderBy": "NAME_DESC",
  "objectType": "KalturaSearchAssetFilter"
},
"pager": {
"pageIndex": 1,
"pageSize": 50
},
"ks": "djJ8NDc4fIaXS5R9i7P5eDelZE4lHqBkExLEJU_voybZ0Wt6kxDm1Xrrr5861cG8kljtFSHGIo0Uogv03vAFPBbYjBcyQ9v3S--3V9C1PBPYXrotJkTJftq3HQ_Rd9r-td6T8rpv_Az_o8wAse9R1gnWMqe3QGY=",
"apiVersion": "4.7"
}' not found 	1568910378440
ERROR	Get assets action list: Failed to build request: Resource {
  "kSql": "(and asset_type='\''600'\''   customer_type_blacklist!='\''5'\'' (or region_agnostic_user_types='\''5'\'' (or region_whitelist='\''1090'\'' (and region_blacklist!='\''1090'\'' (or region_whitelist='\''0'\'' region_whitelist!+\")))))",
  "typeIn": "600",
  "orderBy": "NAME_DESC",
  "objectType": "KalturaSearchAssetFilter"
},
"pager": {
"pageIndex": 2,
"pageSize": 50
},
"ks": "djJ8NDc4fIaXS5R9i7P5eDelZE4lHqBkExLEJU_voybZ0Wt6kxDm1Xrrr5861cG8kljtFSHGIo0Uogv03vAFPBbYjBcyQ9v3S--3V9C1PBPYXrotJkTJftq3HQ_Rd9r-td6T8rpv_Az_o8wAse9R1gnWMqe3QGY=",
"apiVersion": "4.7"
}' not found 	1568910378441
ERROR	Get assets action list: Failed to build request: Resource {
  "kSql": "(and asset_type='\''600'\''   customer_type_blacklist!='\''5'\'' (or region_agnostic_user_types='\''5'\'' (or region_whitelist='\''1090'\'' (and region_blacklist!='\''1090'\'' (or region_whitelist='\''0'\'' region_whitelist!+\")))))",
  "typeIn": "600",
  "orderBy": "NAME_DESC",
  "objectType": "KalturaSearchAssetFilter"
},
"pager": {
"pageIndex": 3,
"pageSize": 50
},
"ks": "djJ8NDc4fIaXS5R9i7P5eDelZE4lHqBkExLEJU_voybZ0Wt6kxDm1Xrrr5861cG8kljtFSHGIo0Uogv03vAFPBbYjBcyQ9v3S--3V9C1PBPYXrotJkTJftq3HQ_Rd9r-td6T8rpv_Az_o8wAse9R1gnWMqe3QGY=",
"apiVersion": "4.7"
}' not found 	1568910378442
ERROR	Get assets action list: Failed to build request: Resource {
  "kSql": "(and asset_type='\''600'\''   customer_type_blacklist!='\''5'\'' (or region_agnostic_user_types='\''5'\'' (or region_whitelist='\''1090'\'' (and region_blacklist!='\''1090'\'' (or region_whitelist='\''0'\'' region_whitelist!+\")))))",
  "typeIn": "600",
  "orderBy": "NAME_DESC",
  "objectType": "KalturaSearchAssetFilter"
},
"pager": {
"pageIndex": 4,
"pageSize": 50
},
"ks": "djJ8NDc4fIaXS5R9i7P5eDelZE4lHqBkExLEJU_voybZ0Wt6kxDm1Xrrr5861cG8kljtFSHGIo0Uogv03vAFPBbYjBcyQ9v3S--3V9C1PBPYXrotJkTJftq3HQ_Rd9r-td6T8rpv_Az_o8wAse9R1gnWMqe3QGY=",
"apiVersion": "4.7"
}' not found 	1568910378443
ERROR	Get assets action list: Failed to build request: Resource {
  "kSql": "(and asset_type='\''600'\''   customer_type_blacklist!='\''5'\'' (or region_agnostic_user_types='\''5'\'' (or region_whitelist='\''1090'\'' (and region_blacklist!='\''1090'\'' (or region_whitelist='\''0'\'' region_whitelist!+\")))))",
  "typeIn": "600",
  "orderBy": "NAME_DESC",
  "objectType": "KalturaSearchAssetFilter"
},
"pager": {
"pageIndex": 5,
"pageSize": 50
},
"ks": "djJ8NDc4fIaXS5R9i7P5eDelZE4lHqBkExLEJU_voybZ0Wt6kxDm1Xrrr5861cG8kljtFSHGIo0Uogv03vAFPBbYjBcyQ9v3S--3V9C1PBPYXrotJkTJftq3HQ_Rd9r-td6T8rpv_Az_o8wAse9R1gnWMqe3QGY=",
"apiVersion": "4.7"
}' not found 	1568910378444
ERROR	Get product price action list: Failed to build request: Resource {
  "id": "3857",
  "ks": "djJ8NDc4fIaXS5R9i7P5eDelZE4lHqBkExLEJU_voybZ0Wt6kxDm1Xrrr5861cG8kljtFSHGIo0Uogv03vAFPBbYjBcyQ9v3S--3V9C1PBPYXrotJkTJftq3HQ_Rd9r-td6T8rpv_Az_o8wAse9R1gnWMqe3QGY=",
  "apiVersion": "4.7"
} not found 	1568910378444
ERROR	Get product price action list: Failed to build request: Resource {
  "id": "3857",
  "ks": "djJ8NDc4fIaXS5R9i7P5eDelZE4lHqBkExLEJU_voybZ0Wt6kxDm1Xrrr5861cG8kljtFSHGIo0Uogv03vAFPBbYjBcyQ9v3S--3V9C1PBPYXrotJkTJftq3HQ_Rd9r-td6T8rpv_Az_o8wAse9R1gnWMqe3QGY=",
  "apiVersion": "4.7"
} not found 	1568910378444
ERROR	Get product price action list: Failed to build request: Resource {
  "id": "3857",
  "ks": "djJ8NDc4fIaXS5R9i7P5eDelZE4lHqBkExLEJU_voybZ0Wt6kxDm1Xrrr5861cG8kljtFSHGIo0Uogv03vAFPBbYjBcyQ9v3S--3V9C1PBPYXrotJkTJftq3HQ_Rd9r-td6T8rpv_Az_o8wAse9R1gnWMqe3QGY=",
  "apiVersion": "4.7"
} not found 	1568910378445
ERROR	Get product price action list: Failed to build request: Resource {
  "id": "3857",
  "ks": "djJ8NDc4fIaXS5R9i7P5eDelZE4lHqBkExLEJU_voybZ0Wt6kxDm1Xrrr5861cG8kljtFSHGIo0Uogv03vAFPBbYjBcyQ9v3S--3V9C1PBPYXrotJkTJftq3HQ_Rd9r-td6T8rpv_Az_o8wAse9R1gnWMqe3QGY=",
  "apiVersion": "4.7"
} not found 	1568910378445
ERROR	Get product price action list: Failed to build request: Resource {
  "id": "3857",
  "ks": "djJ8NDc4fIaXS5R9i7P5eDelZE4lHqBkExLEJU_voybZ0Wt6kxDm1Xrrr5861cG8kljtFSHGIo0Uogv03vAFPBbYjBcyQ9v3S--3V9C1PBPYXrotJkTJftq3HQ_Rd9r-td6T8rpv_Az_o8wAse9R1gnWMqe3QGY=",
  "apiVersion": "4.7"
} not found 	1568910378445
ERROR	Get household user list : Failed to build request: Resource {
  "ks": "djJ8NDc4fIaXS5R9i7P5eDelZE4lHqBkExLEJU_voybZ0Wt6kxDm1Xrrr5861cG8kljtFSHGIo0Uogv03vAFPBbYjBcyQ9v3S--3V9C1PBPYXrotJkTJftq3HQ_Rd9r-td6T8rpv_Az_o8wAse9R1gnWMqe3QGY=",
  "apiVersion": "4.7"
} not found 	1568910378446
REQUEST	2		Get runtime configuration for client applications	1568910382652	1568910382880	OK	 
REQUEST	1		Get runtime configuration for client applications	1568910383464	1568910383692	OK	 
REQUEST	1		Ott user login request	1568910383694	1568910383950	OK	 
REQUEST	1		Get Ott User List	1568910383952	1568910386186	OK	 
ERROR	Get domain info: Failed to build request: Resource /json/onlyks.json not found 	1568910386187
ERROR	Get assets action list: Failed to build request: Resource {
  "kSql": "(and asset_type='\''600'\''   customer_type_blacklist!='\''5'\'' (or region_agnostic_user_types='\''5'\'' (or region_whitelist='\''1090'\'' (and region_blacklist!='\''1090'\'' (or region_whitelist='\''0'\'' region_whitelist!+\")))))",
  "typeIn": "600",
  "orderBy": "NAME_DESC",
  "objectType": "KalturaSearchAssetFilter"
},
"pager": {
"pageIndex": 1,
"pageSize": 50
},
"ks": "djJ8NDc4fOQe7tTIMgQ8zWBoCMjHbv9IHj_qtbU0Uhj9sgAUITnxhPsO6QFpmWZ7KLzdhXv0D6CdJ5qaEOckJSgfDQLPTPXtgs1gLuiNRkkP4w9yDqOSaLTaiHYWQmC0-phm6DiUf77RXvWYRY--lZ9eFOrPo04=",
"apiVersion": "4.7"
}' not found 	1568910386188
ERROR	Get assets action list: Failed to build request: Resource {
  "kSql": "(and asset_type='\''600'\''   customer_type_blacklist!='\''5'\'' (or region_agnostic_user_types='\''5'\'' (or region_whitelist='\''1090'\'' (and region_blacklist!='\''1090'\'' (or region_whitelist='\''0'\'' region_whitelist!+\")))))",
  "typeIn": "600",
  "orderBy": "NAME_DESC",
  "objectType": "KalturaSearchAssetFilter"
},
"pager": {
"pageIndex": 2,
"pageSize": 50
},
"ks": "djJ8NDc4fOQe7tTIMgQ8zWBoCMjHbv9IHj_qtbU0Uhj9sgAUITnxhPsO6QFpmWZ7KLzdhXv0D6CdJ5qaEOckJSgfDQLPTPXtgs1gLuiNRkkP4w9yDqOSaLTaiHYWQmC0-phm6DiUf77RXvWYRY--lZ9eFOrPo04=",
"apiVersion": "4.7"
}' not found 	1568910386189
ERROR	Get assets action list: Failed to build request: Resource {
  "kSql": "(and asset_type='\''600'\''   customer_type_blacklist!='\''5'\'' (or region_agnostic_user_types='\''5'\'' (or region_whitelist='\''1090'\'' (and region_blacklist!='\''1090'\'' (or region_whitelist='\''0'\'' region_whitelist!+\")))))",
  "typeIn": "600",
  "orderBy": "NAME_DESC",
  "objectType": "KalturaSearchAssetFilter"
},
"pager": {
"pageIndex": 3,
"pageSize": 50
},
"ks": "djJ8NDc4fOQe7tTIMgQ8zWBoCMjHbv9IHj_qtbU0Uhj9sgAUITnxhPsO6QFpmWZ7KLzdhXv0D6CdJ5qaEOckJSgfDQLPTPXtgs1gLuiNRkkP4w9yDqOSaLTaiHYWQmC0-phm6DiUf77RXvWYRY--lZ9eFOrPo04=",
"apiVersion": "4.7"
}' not found 	1568910386190
ERROR	Get assets action list: Failed to build request: Resource {
  "kSql": "(and asset_type='\''600'\''   customer_type_blacklist!='\''5'\'' (or region_agnostic_user_types='\''5'\'' (or region_whitelist='\''1090'\'' (and region_blacklist!='\''1090'\'' (or region_whitelist='\''0'\'' region_whitelist!+\")))))",
  "typeIn": "600",
  "orderBy": "NAME_DESC",
  "objectType": "KalturaSearchAssetFilter"
},
"pager": {
"pageIndex": 4,
"pageSize": 50
},
"ks": "djJ8NDc4fOQe7tTIMgQ8zWBoCMjHbv9IHj_qtbU0Uhj9sgAUITnxhPsO6QFpmWZ7KLzdhXv0D6CdJ5qaEOckJSgfDQLPTPXtgs1gLuiNRkkP4w9yDqOSaLTaiHYWQmC0-phm6DiUf77RXvWYRY--lZ9eFOrPo04=",
"apiVersion": "4.7"
}' not found 	1568910386191
ERROR	Get assets action list: Failed to build request: Resource {
  "kSql": "(and asset_type='\''600'\''   customer_type_blacklist!='\''5'\'' (or region_agnostic_user_types='\''5'\'' (or region_whitelist='\''1090'\'' (and region_blacklist!='\''1090'\'' (or region_whitelist='\''0'\'' region_whitelist!+\")))))",
  "typeIn": "600",
  "orderBy": "NAME_DESC",
  "objectType": "KalturaSearchAssetFilter"
},
"pager": {
"pageIndex": 5,
"pageSize": 50
},
"ks": "djJ8NDc4fOQe7tTIMgQ8zWBoCMjHbv9IHj_qtbU0Uhj9sgAUITnxhPsO6QFpmWZ7KLzdhXv0D6CdJ5qaEOckJSgfDQLPTPXtgs1gLuiNRkkP4w9yDqOSaLTaiHYWQmC0-phm6DiUf77RXvWYRY--lZ9eFOrPo04=",
"apiVersion": "4.7"
}' not found 	1568910386192
ERROR	Get product price action list: Failed to build request: Resource {
  "id": "3857",
  "ks": "djJ8NDc4fOQe7tTIMgQ8zWBoCMjHbv9IHj_qtbU0Uhj9sgAUITnxhPsO6QFpmWZ7KLzdhXv0D6CdJ5qaEOckJSgfDQLPTPXtgs1gLuiNRkkP4w9yDqOSaLTaiHYWQmC0-phm6DiUf77RXvWYRY--lZ9eFOrPo04=",
  "apiVersion": "4.7"
} not found 	1568910386193
ERROR	Get product price action list: Failed to build request: Resource {
  "id": "3857",
  "ks": "djJ8NDc4fOQe7tTIMgQ8zWBoCMjHbv9IHj_qtbU0Uhj9sgAUITnxhPsO6QFpmWZ7KLzdhXv0D6CdJ5qaEOckJSgfDQLPTPXtgs1gLuiNRkkP4w9yDqOSaLTaiHYWQmC0-phm6DiUf77RXvWYRY--lZ9eFOrPo04=",
  "apiVersion": "4.7"
} not found 	1568910386193
ERROR	Get product price action list: Failed to build request: Resource {
  "id": "3857",
  "ks": "djJ8NDc4fOQe7tTIMgQ8zWBoCMjHbv9IHj_qtbU0Uhj9sgAUITnxhPsO6QFpmWZ7KLzdhXv0D6CdJ5qaEOckJSgfDQLPTPXtgs1gLuiNRkkP4w9yDqOSaLTaiHYWQmC0-phm6DiUf77RXvWYRY--lZ9eFOrPo04=",
  "apiVersion": "4.7"
} not found 	1568910386193
ERROR	Get product price action list: Failed to build request: Resource {
  "id": "3857",
  "ks": "djJ8NDc4fOQe7tTIMgQ8zWBoCMjHbv9IHj_qtbU0Uhj9sgAUITnxhPsO6QFpmWZ7KLzdhXv0D6CdJ5qaEOckJSgfDQLPTPXtgs1gLuiNRkkP4w9yDqOSaLTaiHYWQmC0-phm6DiUf77RXvWYRY--lZ9eFOrPo04=",
  "apiVersion": "4.7"
} not found 	1568910386193
ERROR	Get product price action list: Failed to build request: Resource {
  "id": "3857",
  "ks": "djJ8NDc4fOQe7tTIMgQ8zWBoCMjHbv9IHj_qtbU0Uhj9sgAUITnxhPsO6QFpmWZ7KLzdhXv0D6CdJ5qaEOckJSgfDQLPTPXtgs1gLuiNRkkP4w9yDqOSaLTaiHYWQmC0-phm6DiUf77RXvWYRY--lZ9eFOrPo04=",
  "apiVersion": "4.7"
} not found 	1568910386194
ERROR	Get household user list : Failed to build request: Resource {
  "ks": "djJ8NDc4fOQe7tTIMgQ8zWBoCMjHbv9IHj_qtbU0Uhj9sgAUITnxhPsO6QFpmWZ7KLzdhXv0D6CdJ5qaEOckJSgfDQLPTPXtgs1gLuiNRkkP4w9yDqOSaLTaiHYWQmC0-phm6DiUf77RXvWYRY--lZ9eFOrPo04=",
  "apiVersion": "4.7"
} not found 	1568910386194
REQUEST	2		Ott user login request	1568910382881	1568910386195	OK	 
REQUEST	2		Get Ott User List	1568910386196	1568910386429	OK	 
ERROR	Get domain info: Failed to build request: Resource /json/onlyks.json not found 	1568910386429
ERROR	Get assets action list: Failed to build request: Resource {
  "kSql": "(and asset_type='\''600'\''   customer_type_blacklist!='\''5'\'' (or region_agnostic_user_types='\''5'\'' (or region_whitelist='\''1090'\'' (and region_blacklist!='\''1090'\'' (or region_whitelist='\''0'\'' region_whitelist!+\")))))",
  "typeIn": "600",
  "orderBy": "NAME_DESC",
  "objectType": "KalturaSearchAssetFilter"
},
"pager": {
"pageIndex": 1,
"pageSize": 50
},
"ks": "djJ8NDc4fMc8sYJfSbJpYCuzGF9w4dPdwTZFx2qwd1xqlvaROVtpY29IORFUom-vlfUQohED8oPHE6jcr6WEw2vtQuj2enL7z6-h3eaQhHRjLZjD43dopPqfQmlkB-27gRLa9KROY0fM1TmYAY9oiabSrpii0h4=",
"apiVersion": "4.7"
}' not found 	1568910386430
ERROR	Get assets action list: Failed to build request: Resource {
  "kSql": "(and asset_type='\''600'\''   customer_type_blacklist!='\''5'\'' (or region_agnostic_user_types='\''5'\'' (or region_whitelist='\''1090'\'' (and region_blacklist!='\''1090'\'' (or region_whitelist='\''0'\'' region_whitelist!+\")))))",
  "typeIn": "600",
  "orderBy": "NAME_DESC",
  "objectType": "KalturaSearchAssetFilter"
},
"pager": {
"pageIndex": 2,
"pageSize": 50
},
"ks": "djJ8NDc4fMc8sYJfSbJpYCuzGF9w4dPdwTZFx2qwd1xqlvaROVtpY29IORFUom-vlfUQohED8oPHE6jcr6WEw2vtQuj2enL7z6-h3eaQhHRjLZjD43dopPqfQmlkB-27gRLa9KROY0fM1TmYAY9oiabSrpii0h4=",
"apiVersion": "4.7"
}' not found 	1568910386431
ERROR	Get assets action list: Failed to build request: Resource {
  "kSql": "(and asset_type='\''600'\''   customer_type_blacklist!='\''5'\'' (or region_agnostic_user_types='\''5'\'' (or region_whitelist='\''1090'\'' (and region_blacklist!='\''1090'\'' (or region_whitelist='\''0'\'' region_whitelist!+\")))))",
  "typeIn": "600",
  "orderBy": "NAME_DESC",
  "objectType": "KalturaSearchAssetFilter"
},
"pager": {
"pageIndex": 3,
"pageSize": 50
},
"ks": "djJ8NDc4fMc8sYJfSbJpYCuzGF9w4dPdwTZFx2qwd1xqlvaROVtpY29IORFUom-vlfUQohED8oPHE6jcr6WEw2vtQuj2enL7z6-h3eaQhHRjLZjD43dopPqfQmlkB-27gRLa9KROY0fM1TmYAY9oiabSrpii0h4=",
"apiVersion": "4.7"
}' not found 	1568910386432
ERROR	Get assets action list: Failed to build request: Resource {
  "kSql": "(and asset_type='\''600'\''   customer_type_blacklist!='\''5'\'' (or region_agnostic_user_types='\''5'\'' (or region_whitelist='\''1090'\'' (and region_blacklist!='\''1090'\'' (or region_whitelist='\''0'\'' region_whitelist!+\")))))",
  "typeIn": "600",
  "orderBy": "NAME_DESC",
  "objectType": "KalturaSearchAssetFilter"
},
"pager": {
"pageIndex": 4,
"pageSize": 50
},
"ks": "djJ8NDc4fMc8sYJfSbJpYCuzGF9w4dPdwTZFx2qwd1xqlvaROVtpY29IORFUom-vlfUQohED8oPHE6jcr6WEw2vtQuj2enL7z6-h3eaQhHRjLZjD43dopPqfQmlkB-27gRLa9KROY0fM1TmYAY9oiabSrpii0h4=",
"apiVersion": "4.7"
}' not found 	1568910386433
ERROR	Get assets action list: Failed to build request: Resource {
  "kSql": "(and asset_type='\''600'\''   customer_type_blacklist!='\''5'\'' (or region_agnostic_user_types='\''5'\'' (or region_whitelist='\''1090'\'' (and region_blacklist!='\''1090'\'' (or region_whitelist='\''0'\'' region_whitelist!+\")))))",
  "typeIn": "600",
  "orderBy": "NAME_DESC",
  "objectType": "KalturaSearchAssetFilter"
},
"pager": {
"pageIndex": 5,
"pageSize": 50
},
"ks": "djJ8NDc4fMc8sYJfSbJpYCuzGF9w4dPdwTZFx2qwd1xqlvaROVtpY29IORFUom-vlfUQohED8oPHE6jcr6WEw2vtQuj2enL7z6-h3eaQhHRjLZjD43dopPqfQmlkB-27gRLa9KROY0fM1TmYAY9oiabSrpii0h4=",
"apiVersion": "4.7"
}' not found 	1568910386434
ERROR	Get product price action list: Failed to build request: Resource {
  "id": "3857",
  "ks": "djJ8NDc4fMc8sYJfSbJpYCuzGF9w4dPdwTZFx2qwd1xqlvaROVtpY29IORFUom-vlfUQohED8oPHE6jcr6WEw2vtQuj2enL7z6-h3eaQhHRjLZjD43dopPqfQmlkB-27gRLa9KROY0fM1TmYAY9oiabSrpii0h4=",
  "apiVersion": "4.7"
} not found 	1568910386434
ERROR	Get product price action list: Failed to build request: Resource {
  "id": "3857",
  "ks": "djJ8NDc4fMc8sYJfSbJpYCuzGF9w4dPdwTZFx2qwd1xqlvaROVtpY29IORFUom-vlfUQohED8oPHE6jcr6WEw2vtQuj2enL7z6-h3eaQhHRjLZjD43dopPqfQmlkB-27gRLa9KROY0fM1TmYAY9oiabSrpii0h4=",
  "apiVersion": "4.7"
} not found 	1568910386434
ERROR	Get product price action list: Failed to build request: Resource {
  "id": "3857",
  "ks": "djJ8NDc4fMc8sYJfSbJpYCuzGF9w4dPdwTZFx2qwd1xqlvaROVtpY29IORFUom-vlfUQohED8oPHE6jcr6WEw2vtQuj2enL7z6-h3eaQhHRjLZjD43dopPqfQmlkB-27gRLa9KROY0fM1TmYAY9oiabSrpii0h4=",
  "apiVersion": "4.7"
} not found 	1568910386435
ERROR	Get product price action list: Failed to build request: Resource {
  "id": "3857",
  "ks": "djJ8NDc4fMc8sYJfSbJpYCuzGF9w4dPdwTZFx2qwd1xqlvaROVtpY29IORFUom-vlfUQohED8oPHE6jcr6WEw2vtQuj2enL7z6-h3eaQhHRjLZjD43dopPqfQmlkB-27gRLa9KROY0fM1TmYAY9oiabSrpii0h4=",
  "apiVersion": "4.7"
} not found 	1568910386435
ERROR	Get product price action list: Failed to build request: Resource {
  "id": "3857",
  "ks": "djJ8NDc4fMc8sYJfSbJpYCuzGF9w4dPdwTZFx2qwd1xqlvaROVtpY29IORFUom-vlfUQohED8oPHE6jcr6WEw2vtQuj2enL7z6-h3eaQhHRjLZjD43dopPqfQmlkB-27gRLa9KROY0fM1TmYAY9oiabSrpii0h4=",
  "apiVersion": "4.7"
} not found 	1568910386435
ERROR	Get household user list : Failed to build request: Resource {
  "ks": "djJ8NDc4fMc8sYJfSbJpYCuzGF9w4dPdwTZFx2qwd1xqlvaROVtpY29IORFUom-vlfUQohED8oPHE6jcr6WEw2vtQuj2enL7z6-h3eaQhHRjLZjD43dopPqfQmlkB-27gRLa9KROY0fM1TmYAY9oiabSrpii0h4=",
  "apiVersion": "4.7"
} not found 	1568910386436
REQUEST	1		Get runtime configuration for client applications	1568910391194	1568910391426	OK	 
REQUEST	2		Get runtime configuration for client applications	1568910391435	1568910391660	OK	 
REQUEST	2		Ott user login request	1568910391661	1568910391913	OK	 
REQUEST	2		Get Ott User List	1568910391915	1568910394729	OK	 
ERROR	Get domain info: Failed to build request: Resource /json/onlyks.json not found 	1568910394729
ERROR	Get assets action list: Failed to build request: Resource {
  "kSql": "(and asset_type='\''600'\''   customer_type_blacklist!='\''5'\'' (or region_agnostic_user_types='\''5'\'' (or region_whitelist='\''1090'\'' (and region_blacklist!='\''1090'\'' (or region_whitelist='\''0'\'' region_whitelist!+\")))))",
  "typeIn": "600",
  "orderBy": "NAME_DESC",
  "objectType": "KalturaSearchAssetFilter"
},
"pager": {
"pageIndex": 1,
"pageSize": 50
},
"ks": "djJ8NDc4fBQ1zQxt8lANxDjT6FuB5ECeM97WNFqX2hE_zAvkDyIuGLRPAO-AZVvGtZ1aHP9BHoBg_raDXlNXPjAOJMkFBcQH2ib4inidOrPvwaRP4E6HAlepLpQ7o9pu34SLYXkiACVGutDQeDxxTZN8wRmtOQE=",
"apiVersion": "4.7"
}' not found 	1568910394730
ERROR	Get assets action list: Failed to build request: Resource {
  "kSql": "(and asset_type='\''600'\''   customer_type_blacklist!='\''5'\'' (or region_agnostic_user_types='\''5'\'' (or region_whitelist='\''1090'\'' (and region_blacklist!='\''1090'\'' (or region_whitelist='\''0'\'' region_whitelist!+\")))))",
  "typeIn": "600",
  "orderBy": "NAME_DESC",
  "objectType": "KalturaSearchAssetFilter"
},
"pager": {
"pageIndex": 2,
"pageSize": 50
},
"ks": "djJ8NDc4fBQ1zQxt8lANxDjT6FuB5ECeM97WNFqX2hE_zAvkDyIuGLRPAO-AZVvGtZ1aHP9BHoBg_raDXlNXPjAOJMkFBcQH2ib4inidOrPvwaRP4E6HAlepLpQ7o9pu34SLYXkiACVGutDQeDxxTZN8wRmtOQE=",
"apiVersion": "4.7"
}' not found 	1568910394731
ERROR	Get assets action list: Failed to build request: Resource {
  "kSql": "(and asset_type='\''600'\''   customer_type_blacklist!='\''5'\'' (or region_agnostic_user_types='\''5'\'' (or region_whitelist='\''1090'\'' (and region_blacklist!='\''1090'\'' (or region_whitelist='\''0'\'' region_whitelist!+\")))))",
  "typeIn": "600",
  "orderBy": "NAME_DESC",
  "objectType": "KalturaSearchAssetFilter"
},
"pager": {
"pageIndex": 3,
"pageSize": 50
},
"ks": "djJ8NDc4fBQ1zQxt8lANxDjT6FuB5ECeM97WNFqX2hE_zAvkDyIuGLRPAO-AZVvGtZ1aHP9BHoBg_raDXlNXPjAOJMkFBcQH2ib4inidOrPvwaRP4E6HAlepLpQ7o9pu34SLYXkiACVGutDQeDxxTZN8wRmtOQE=",
"apiVersion": "4.7"
}' not found 	1568910394732
ERROR	Get assets action list: Failed to build request: Resource {
  "kSql": "(and asset_type='\''600'\''   customer_type_blacklist!='\''5'\'' (or region_agnostic_user_types='\''5'\'' (or region_whitelist='\''1090'\'' (and region_blacklist!='\''1090'\'' (or region_whitelist='\''0'\'' region_whitelist!+\")))))",
  "typeIn": "600",
  "orderBy": "NAME_DESC",
  "objectType": "KalturaSearchAssetFilter"
},
"pager": {
"pageIndex": 4,
"pageSize": 50
},
"ks": "djJ8NDc4fBQ1zQxt8lANxDjT6FuB5ECeM97WNFqX2hE_zAvkDyIuGLRPAO-AZVvGtZ1aHP9BHoBg_raDXlNXPjAOJMkFBcQH2ib4inidOrPvwaRP4E6HAlepLpQ7o9pu34SLYXkiACVGutDQeDxxTZN8wRmtOQE=",
"apiVersion": "4.7"
}' not found 	1568910394733
ERROR	Get assets action list: Failed to build request: Resource {
  "kSql": "(and asset_type='\''600'\''   customer_type_blacklist!='\''5'\'' (or region_agnostic_user_types='\''5'\'' (or region_whitelist='\''1090'\'' (and region_blacklist!='\''1090'\'' (or region_whitelist='\''0'\'' region_whitelist!+\")))))",
  "typeIn": "600",
  "orderBy": "NAME_DESC",
  "objectType": "KalturaSearchAssetFilter"
},
"pager": {
"pageIndex": 5,
"pageSize": 50
},
"ks": "djJ8NDc4fBQ1zQxt8lANxDjT6FuB5ECeM97WNFqX2hE_zAvkDyIuGLRPAO-AZVvGtZ1aHP9BHoBg_raDXlNXPjAOJMkFBcQH2ib4inidOrPvwaRP4E6HAlepLpQ7o9pu34SLYXkiACVGutDQeDxxTZN8wRmtOQE=",
"apiVersion": "4.7"
}' not found 	1568910394734
ERROR	Get product price action list: Failed to build request: Resource {
  "id": "3857",
  "ks": "djJ8NDc4fBQ1zQxt8lANxDjT6FuB5ECeM97WNFqX2hE_zAvkDyIuGLRPAO-AZVvGtZ1aHP9BHoBg_raDXlNXPjAOJMkFBcQH2ib4inidOrPvwaRP4E6HAlepLpQ7o9pu34SLYXkiACVGutDQeDxxTZN8wRmtOQE=",
  "apiVersion": "4.7"
} not found 	1568910394735
ERROR	Get product price action list: Failed to build request: Resource {
  "id": "3857",
  "ks": "djJ8NDc4fBQ1zQxt8lANxDjT6FuB5ECeM97WNFqX2hE_zAvkDyIuGLRPAO-AZVvGtZ1aHP9BHoBg_raDXlNXPjAOJMkFBcQH2ib4inidOrPvwaRP4E6HAlepLpQ7o9pu34SLYXkiACVGutDQeDxxTZN8wRmtOQE=",
  "apiVersion": "4.7"
} not found 	1568910394735
ERROR	Get product price action list: Failed to build request: Resource {
  "id": "3857",
  "ks": "djJ8NDc4fBQ1zQxt8lANxDjT6FuB5ECeM97WNFqX2hE_zAvkDyIuGLRPAO-AZVvGtZ1aHP9BHoBg_raDXlNXPjAOJMkFBcQH2ib4inidOrPvwaRP4E6HAlepLpQ7o9pu34SLYXkiACVGutDQeDxxTZN8wRmtOQE=",
  "apiVersion": "4.7"
} not found 	1568910394735
ERROR	Get product price action list: Failed to build request: Resource {
  "id": "3857",
  "ks": "djJ8NDc4fBQ1zQxt8lANxDjT6FuB5ECeM97WNFqX2hE_zAvkDyIuGLRPAO-AZVvGtZ1aHP9BHoBg_raDXlNXPjAOJMkFBcQH2ib4inidOrPvwaRP4E6HAlepLpQ7o9pu34SLYXkiACVGutDQeDxxTZN8wRmtOQE=",
  "apiVersion": "4.7"
} not found 	1568910394735
ERROR	Get product price action list: Failed to build request: Resource {
  "id": "3857",
  "ks": "djJ8NDc4fBQ1zQxt8lANxDjT6FuB5ECeM97WNFqX2hE_zAvkDyIuGLRPAO-AZVvGtZ1aHP9BHoBg_raDXlNXPjAOJMkFBcQH2ib4inidOrPvwaRP4E6HAlepLpQ7o9pu34SLYXkiACVGutDQeDxxTZN8wRmtOQE=",
  "apiVersion": "4.7"
} not found 	1568910394736
ERROR	Get household user list : Failed to build request: Resource {
  "ks": "djJ8NDc4fBQ1zQxt8lANxDjT6FuB5ECeM97WNFqX2hE_zAvkDyIuGLRPAO-AZVvGtZ1aHP9BHoBg_raDXlNXPjAOJMkFBcQH2ib4inidOrPvwaRP4E6HAlepLpQ7o9pu34SLYXkiACVGutDQeDxxTZN8wRmtOQE=",
  "apiVersion": "4.7"
} not found 	1568910394736
REQUEST	1		Ott user login request	1568910391427	1568910394740	OK	 
REQUEST	1		Get Ott User List	1568910394742	1568910394979	OK	 
ERROR	Get domain info: Failed to build request: Resource /json/onlyks.json not found 	1568910394980
ERROR	Get assets action list: Failed to build request: Resource {
  "kSql": "(and asset_type='\''600'\''   customer_type_blacklist!='\''5'\'' (or region_agnostic_user_types='\''5'\'' (or region_whitelist='\''1090'\'' (and region_blacklist!='\''1090'\'' (or region_whitelist='\''0'\'' region_whitelist!+\")))))",
  "typeIn": "600",
  "orderBy": "NAME_DESC",
  "objectType": "KalturaSearchAssetFilter"
},
"pager": {
"pageIndex": 1,
"pageSize": 50
},
"ks": "djJ8NDc4fHkSLePvOZVU_mTDX0l9d5-D5GcvbHRtowulz9Di3Haon75SQyalUQx8_2YlcRKUTUCP9WddSuRmXthNkJtS1zQ2Ue9NBsGoQiw-1X6Hy2GijbjH4cbFm_Fr0NB56vA7Mh_fvu7aiAIHHqmbKZ99xOQ=",
"apiVersion": "4.7"
}' not found 	1568910394981
ERROR	Get assets action list: Failed to build request: Resource {
  "kSql": "(and asset_type='\''600'\''   customer_type_blacklist!='\''5'\'' (or region_agnostic_user_types='\''5'\'' (or region_whitelist='\''1090'\'' (and region_blacklist!='\''1090'\'' (or region_whitelist='\''0'\'' region_whitelist!+\")))))",
  "typeIn": "600",
  "orderBy": "NAME_DESC",
  "objectType": "KalturaSearchAssetFilter"
},
"pager": {
"pageIndex": 2,
"pageSize": 50
},
"ks": "djJ8NDc4fHkSLePvOZVU_mTDX0l9d5-D5GcvbHRtowulz9Di3Haon75SQyalUQx8_2YlcRKUTUCP9WddSuRmXthNkJtS1zQ2Ue9NBsGoQiw-1X6Hy2GijbjH4cbFm_Fr0NB56vA7Mh_fvu7aiAIHHqmbKZ99xOQ=",
"apiVersion": "4.7"
}' not found 	1568910394983
ERROR	Get assets action list: Failed to build request: Resource {
  "kSql": "(and asset_type='\''600'\''   customer_type_blacklist!='\''5'\'' (or region_agnostic_user_types='\''5'\'' (or region_whitelist='\''1090'\'' (and region_blacklist!='\''1090'\'' (or region_whitelist='\''0'\'' region_whitelist!+\")))))",
  "typeIn": "600",
  "orderBy": "NAME_DESC",
  "objectType": "KalturaSearchAssetFilter"
},
"pager": {
"pageIndex": 3,
"pageSize": 50
},
"ks": "djJ8NDc4fHkSLePvOZVU_mTDX0l9d5-D5GcvbHRtowulz9Di3Haon75SQyalUQx8_2YlcRKUTUCP9WddSuRmXthNkJtS1zQ2Ue9NBsGoQiw-1X6Hy2GijbjH4cbFm_Fr0NB56vA7Mh_fvu7aiAIHHqmbKZ99xOQ=",
"apiVersion": "4.7"
}' not found 	1568910394984
ERROR	Get assets action list: Failed to build request: Resource {
  "kSql": "(and asset_type='\''600'\''   customer_type_blacklist!='\''5'\'' (or region_agnostic_user_types='\''5'\'' (or region_whitelist='\''1090'\'' (and region_blacklist!='\''1090'\'' (or region_whitelist='\''0'\'' region_whitelist!+\")))))",
  "typeIn": "600",
  "orderBy": "NAME_DESC",
  "objectType": "KalturaSearchAssetFilter"
},
"pager": {
"pageIndex": 4,
"pageSize": 50
},
"ks": "djJ8NDc4fHkSLePvOZVU_mTDX0l9d5-D5GcvbHRtowulz9Di3Haon75SQyalUQx8_2YlcRKUTUCP9WddSuRmXthNkJtS1zQ2Ue9NBsGoQiw-1X6Hy2GijbjH4cbFm_Fr0NB56vA7Mh_fvu7aiAIHHqmbKZ99xOQ=",
"apiVersion": "4.7"
}' not found 	1568910394984
ERROR	Get assets action list: Failed to build request: Resource {
  "kSql": "(and asset_type='\''600'\''   customer_type_blacklist!='\''5'\'' (or region_agnostic_user_types='\''5'\'' (or region_whitelist='\''1090'\'' (and region_blacklist!='\''1090'\'' (or region_whitelist='\''0'\'' region_whitelist!+\")))))",
  "typeIn": "600",
  "orderBy": "NAME_DESC",
  "objectType": "KalturaSearchAssetFilter"
},
"pager": {
"pageIndex": 5,
"pageSize": 50
},
"ks": "djJ8NDc4fHkSLePvOZVU_mTDX0l9d5-D5GcvbHRtowulz9Di3Haon75SQyalUQx8_2YlcRKUTUCP9WddSuRmXthNkJtS1zQ2Ue9NBsGoQiw-1X6Hy2GijbjH4cbFm_Fr0NB56vA7Mh_fvu7aiAIHHqmbKZ99xOQ=",
"apiVersion": "4.7"
}' not found 	1568910394985
ERROR	Get product price action list: Failed to build request: Resource {
  "id": "3857",
  "ks": "djJ8NDc4fHkSLePvOZVU_mTDX0l9d5-D5GcvbHRtowulz9Di3Haon75SQyalUQx8_2YlcRKUTUCP9WddSuRmXthNkJtS1zQ2Ue9NBsGoQiw-1X6Hy2GijbjH4cbFm_Fr0NB56vA7Mh_fvu7aiAIHHqmbKZ99xOQ=",
  "apiVersion": "4.7"
} not found 	1568910394986
ERROR	Get product price action list: Failed to build request: Resource {
  "id": "3857",
  "ks": "djJ8NDc4fHkSLePvOZVU_mTDX0l9d5-D5GcvbHRtowulz9Di3Haon75SQyalUQx8_2YlcRKUTUCP9WddSuRmXthNkJtS1zQ2Ue9NBsGoQiw-1X6Hy2GijbjH4cbFm_Fr0NB56vA7Mh_fvu7aiAIHHqmbKZ99xOQ=",
  "apiVersion": "4.7"
} not found 	1568910394986
ERROR	Get product price action list: Failed to build request: Resource {
  "id": "3857",
  "ks": "djJ8NDc4fHkSLePvOZVU_mTDX0l9d5-D5GcvbHRtowulz9Di3Haon75SQyalUQx8_2YlcRKUTUCP9WddSuRmXthNkJtS1zQ2Ue9NBsGoQiw-1X6Hy2GijbjH4cbFm_Fr0NB56vA7Mh_fvu7aiAIHHqmbKZ99xOQ=",
  "apiVersion": "4.7"
} not found 	1568910394986
ERROR	Get product price action list: Failed to build request: Resource {
  "id": "3857",
  "ks": "djJ8NDc4fHkSLePvOZVU_mTDX0l9d5-D5GcvbHRtowulz9Di3Haon75SQyalUQx8_2YlcRKUTUCP9WddSuRmXthNkJtS1zQ2Ue9NBsGoQiw-1X6Hy2GijbjH4cbFm_Fr0NB56vA7Mh_fvu7aiAIHHqmbKZ99xOQ=",
  "apiVersion": "4.7"
} not found 	1568910394987
ERROR	Get product price action list: Failed to build request: Resource {
  "id": "3857",
  "ks": "djJ8NDc4fHkSLePvOZVU_mTDX0l9d5-D5GcvbHRtowulz9Di3Haon75SQyalUQx8_2YlcRKUTUCP9WddSuRmXthNkJtS1zQ2Ue9NBsGoQiw-1X6Hy2GijbjH4cbFm_Fr0NB56vA7Mh_fvu7aiAIHHqmbKZ99xOQ=",
  "apiVersion": "4.7"
} not found 	1568910394987
ERROR	Get household user list : Failed to build request: Resource {
  "ks": "djJ8NDc4fHkSLePvOZVU_mTDX0l9d5-D5GcvbHRtowulz9Di3Haon75SQyalUQx8_2YlcRKUTUCP9WddSuRmXthNkJtS1zQ2Ue9NBsGoQiw-1X6Hy2GijbjH4cbFm_Fr0NB56vA7Mh_fvu7aiAIHHqmbKZ99xOQ=",
  "apiVersion": "4.7"
} not found 	1568910394987
REQUEST	2		Get runtime configuration for client applications	1568910399734	1568910399961	OK	 
REQUEST	1		Get runtime configuration for client applications	1568910399984	1568910400212	OK	 
REQUEST	1		Ott user login request	1568910400213	1568910400469	OK	 
REQUEST	1		Get Ott User List	1568910400472	1568910403274	OK	 
ERROR	Get domain info: Failed to build request: Resource /json/onlyks.json not found 	1568910403275
ERROR	Get assets action list: Failed to build request: Resource {
  "kSql": "(and asset_type='\''600'\''   customer_type_blacklist!='\''5'\'' (or region_agnostic_user_types='\''5'\'' (or region_whitelist='\''1090'\'' (and region_blacklist!='\''1090'\'' (or region_whitelist='\''0'\'' region_whitelist!+\")))))",
  "typeIn": "600",
  "orderBy": "NAME_DESC",
  "objectType": "KalturaSearchAssetFilter"
},
"pager": {
"pageIndex": 1,
"pageSize": 50
},
"ks": "djJ8NDc4fC07nx9QKnlgm1b7x9DHwwRx6JIFkHq4TB5NXcnByVfRpyS1c9GpgXEY7Eac6ZoXEGkAUOy28l6fz2fnLYmhQP3OKlVt8aZSKbLT9aw8hOIkjBAWCejeHBM78dsgE6E8jRPonKDHtGz_Beukng3KWZU=",
"apiVersion": "4.7"
}' not found 	1568910403276
ERROR	Get assets action list: Failed to build request: Resource {
  "kSql": "(and asset_type='\''600'\''   customer_type_blacklist!='\''5'\'' (or region_agnostic_user_types='\''5'\'' (or region_whitelist='\''1090'\'' (and region_blacklist!='\''1090'\'' (or region_whitelist='\''0'\'' region_whitelist!+\")))))",
  "typeIn": "600",
  "orderBy": "NAME_DESC",
  "objectType": "KalturaSearchAssetFilter"
},
"pager": {
"pageIndex": 2,
"pageSize": 50
},
"ks": "djJ8NDc4fC07nx9QKnlgm1b7x9DHwwRx6JIFkHq4TB5NXcnByVfRpyS1c9GpgXEY7Eac6ZoXEGkAUOy28l6fz2fnLYmhQP3OKlVt8aZSKbLT9aw8hOIkjBAWCejeHBM78dsgE6E8jRPonKDHtGz_Beukng3KWZU=",
"apiVersion": "4.7"
}' not found 	1568910403276
ERROR	Get assets action list: Failed to build request: Resource {
  "kSql": "(and asset_type='\''600'\''   customer_type_blacklist!='\''5'\'' (or region_agnostic_user_types='\''5'\'' (or region_whitelist='\''1090'\'' (and region_blacklist!='\''1090'\'' (or region_whitelist='\''0'\'' region_whitelist!+\")))))",
  "typeIn": "600",
  "orderBy": "NAME_DESC",
  "objectType": "KalturaSearchAssetFilter"
},
"pager": {
"pageIndex": 3,
"pageSize": 50
},
"ks": "djJ8NDc4fC07nx9QKnlgm1b7x9DHwwRx6JIFkHq4TB5NXcnByVfRpyS1c9GpgXEY7Eac6ZoXEGkAUOy28l6fz2fnLYmhQP3OKlVt8aZSKbLT9aw8hOIkjBAWCejeHBM78dsgE6E8jRPonKDHtGz_Beukng3KWZU=",
"apiVersion": "4.7"
}' not found 	1568910403277
ERROR	Get assets action list: Failed to build request: Resource {
  "kSql": "(and asset_type='\''600'\''   customer_type_blacklist!='\''5'\'' (or region_agnostic_user_types='\''5'\'' (or region_whitelist='\''1090'\'' (and region_blacklist!='\''1090'\'' (or region_whitelist='\''0'\'' region_whitelist!+\")))))",
  "typeIn": "600",
  "orderBy": "NAME_DESC",
  "objectType": "KalturaSearchAssetFilter"
},
"pager": {
"pageIndex": 4,
"pageSize": 50
},
"ks": "djJ8NDc4fC07nx9QKnlgm1b7x9DHwwRx6JIFkHq4TB5NXcnByVfRpyS1c9GpgXEY7Eac6ZoXEGkAUOy28l6fz2fnLYmhQP3OKlVt8aZSKbLT9aw8hOIkjBAWCejeHBM78dsgE6E8jRPonKDHtGz_Beukng3KWZU=",
"apiVersion": "4.7"
}' not found 	1568910403278
ERROR	Get assets action list: Failed to build request: Resource {
  "kSql": "(and asset_type='\''600'\''   customer_type_blacklist!='\''5'\'' (or region_agnostic_user_types='\''5'\'' (or region_whitelist='\''1090'\'' (and region_blacklist!='\''1090'\'' (or region_whitelist='\''0'\'' region_whitelist!+\")))))",
  "typeIn": "600",
  "orderBy": "NAME_DESC",
  "objectType": "KalturaSearchAssetFilter"
},
"pager": {
"pageIndex": 5,
"pageSize": 50
},
"ks": "djJ8NDc4fC07nx9QKnlgm1b7x9DHwwRx6JIFkHq4TB5NXcnByVfRpyS1c9GpgXEY7Eac6ZoXEGkAUOy28l6fz2fnLYmhQP3OKlVt8aZSKbLT9aw8hOIkjBAWCejeHBM78dsgE6E8jRPonKDHtGz_Beukng3KWZU=",
"apiVersion": "4.7"
}' not found 	1568910403279
ERROR	Get product price action list: Failed to build request: Resource {
  "id": "3857",
  "ks": "djJ8NDc4fC07nx9QKnlgm1b7x9DHwwRx6JIFkHq4TB5NXcnByVfRpyS1c9GpgXEY7Eac6ZoXEGkAUOy28l6fz2fnLYmhQP3OKlVt8aZSKbLT9aw8hOIkjBAWCejeHBM78dsgE6E8jRPonKDHtGz_Beukng3KWZU=",
  "apiVersion": "4.7"
} not found 	1568910403280
ERROR	Get product price action list: Failed to build request: Resource {
  "id": "3857",
  "ks": "djJ8NDc4fC07nx9QKnlgm1b7x9DHwwRx6JIFkHq4TB5NXcnByVfRpyS1c9GpgXEY7Eac6ZoXEGkAUOy28l6fz2fnLYmhQP3OKlVt8aZSKbLT9aw8hOIkjBAWCejeHBM78dsgE6E8jRPonKDHtGz_Beukng3KWZU=",
  "apiVersion": "4.7"
} not found 	1568910403280
ERROR	Get product price action list: Failed to build request: Resource {
  "id": "3857",
  "ks": "djJ8NDc4fC07nx9QKnlgm1b7x9DHwwRx6JIFkHq4TB5NXcnByVfRpyS1c9GpgXEY7Eac6ZoXEGkAUOy28l6fz2fnLYmhQP3OKlVt8aZSKbLT9aw8hOIkjBAWCejeHBM78dsgE6E8jRPonKDHtGz_Beukng3KWZU=",
  "apiVersion": "4.7"
} not found 	1568910403280
ERROR	Get product price action list: Failed to build request: Resource {
  "id": "3857",
  "ks": "djJ8NDc4fC07nx9QKnlgm1b7x9DHwwRx6JIFkHq4TB5NXcnByVfRpyS1c9GpgXEY7Eac6ZoXEGkAUOy28l6fz2fnLYmhQP3OKlVt8aZSKbLT9aw8hOIkjBAWCejeHBM78dsgE6E8jRPonKDHtGz_Beukng3KWZU=",
  "apiVersion": "4.7"
} not found 	1568910403280
ERROR	Get product price action list: Failed to build request: Resource {
  "id": "3857",
  "ks": "djJ8NDc4fC07nx9QKnlgm1b7x9DHwwRx6JIFkHq4TB5NXcnByVfRpyS1c9GpgXEY7Eac6ZoXEGkAUOy28l6fz2fnLYmhQP3OKlVt8aZSKbLT9aw8hOIkjBAWCejeHBM78dsgE6E8jRPonKDHtGz_Beukng3KWZU=",
  "apiVersion": "4.7"
} not found 	1568910403280
ERROR	Get household user list : Failed to build request: Resource {
  "ks": "djJ8NDc4fC07nx9QKnlgm1b7x9DHwwRx6JIFkHq4TB5NXcnByVfRpyS1c9GpgXEY7Eac6ZoXEGkAUOy28l6fz2fnLYmhQP3OKlVt8aZSKbLT9aw8hOIkjBAWCejeHBM78dsgE6E8jRPonKDHtGz_Beukng3KWZU=",
  "apiVersion": "4.7"
} not found 	1568910403281
REQUEST	2		Ott user login request	1568910399962	1568910403283	OK	 
REQUEST	2		Get Ott User List	1568910403284	1568910403517	OK	 
ERROR	Get domain info: Failed to build request: Resource /json/onlyks.json not found 	1568910403517
ERROR	Get assets action list: Failed to build request: Resource {
  "kSql": "(and asset_type='\''600'\''   customer_type_blacklist!='\''5'\'' (or region_agnostic_user_types='\''5'\'' (or region_whitelist='\''1090'\'' (and region_blacklist!='\''1090'\'' (or region_whitelist='\''0'\'' region_whitelist!+\")))))",
  "typeIn": "600",
  "orderBy": "NAME_DESC",
  "objectType": "KalturaSearchAssetFilter"
},
"pager": {
"pageIndex": 1,
"pageSize": 50
},
"ks": "djJ8NDc4fOaZipVNMiD5Hh8TCloB_htJ-92NAuwpPG2yOGak_PKqi3rVUmC7tkI-GWhxj9ykRNpScMelZHVSbpFX1HNrbSPyQQJEIU5nMSN_9xpsD5D3GZru_zyN3XmI4NgTOR4RNF5bGgYTf1_DhHKq2Clv-K0=",
"apiVersion": "4.7"
}' not found 	1568910403518
ERROR	Get assets action list: Failed to build request: Resource {
  "kSql": "(and asset_type='\''600'\''   customer_type_blacklist!='\''5'\'' (or region_agnostic_user_types='\''5'\'' (or region_whitelist='\''1090'\'' (and region_blacklist!='\''1090'\'' (or region_whitelist='\''0'\'' region_whitelist!+\")))))",
  "typeIn": "600",
  "orderBy": "NAME_DESC",
  "objectType": "KalturaSearchAssetFilter"
},
"pager": {
"pageIndex": 2,
"pageSize": 50
},
"ks": "djJ8NDc4fOaZipVNMiD5Hh8TCloB_htJ-92NAuwpPG2yOGak_PKqi3rVUmC7tkI-GWhxj9ykRNpScMelZHVSbpFX1HNrbSPyQQJEIU5nMSN_9xpsD5D3GZru_zyN3XmI4NgTOR4RNF5bGgYTf1_DhHKq2Clv-K0=",
"apiVersion": "4.7"
}' not found 	1568910403519
ERROR	Get assets action list: Failed to build request: Resource {
  "kSql": "(and asset_type='\''600'\''   customer_type_blacklist!='\''5'\'' (or region_agnostic_user_types='\''5'\'' (or region_whitelist='\''1090'\'' (and region_blacklist!='\''1090'\'' (or region_whitelist='\''0'\'' region_whitelist!+\")))))",
  "typeIn": "600",
  "orderBy": "NAME_DESC",
  "objectType": "KalturaSearchAssetFilter"
},
"pager": {
"pageIndex": 3,
"pageSize": 50
},
"ks": "djJ8NDc4fOaZipVNMiD5Hh8TCloB_htJ-92NAuwpPG2yOGak_PKqi3rVUmC7tkI-GWhxj9ykRNpScMelZHVSbpFX1HNrbSPyQQJEIU5nMSN_9xpsD5D3GZru_zyN3XmI4NgTOR4RNF5bGgYTf1_DhHKq2Clv-K0=",
"apiVersion": "4.7"
}' not found 	1568910403520
ERROR	Get assets action list: Failed to build request: Resource {
  "kSql": "(and asset_type='\''600'\''   customer_type_blacklist!='\''5'\'' (or region_agnostic_user_types='\''5'\'' (or region_whitelist='\''1090'\'' (and region_blacklist!='\''1090'\'' (or region_whitelist='\''0'\'' region_whitelist!+\")))))",
  "typeIn": "600",
  "orderBy": "NAME_DESC",
  "objectType": "KalturaSearchAssetFilter"
},
"pager": {
"pageIndex": 4,
"pageSize": 50
},
"ks": "djJ8NDc4fOaZipVNMiD5Hh8TCloB_htJ-92NAuwpPG2yOGak_PKqi3rVUmC7tkI-GWhxj9ykRNpScMelZHVSbpFX1HNrbSPyQQJEIU5nMSN_9xpsD5D3GZru_zyN3XmI4NgTOR4RNF5bGgYTf1_DhHKq2Clv-K0=",
"apiVersion": "4.7"
}' not found 	1568910403521
ERROR	Get assets action list: Failed to build request: Resource {
  "kSql": "(and asset_type='\''600'\''   customer_type_blacklist!='\''5'\'' (or region_agnostic_user_types='\''5'\'' (or region_whitelist='\''1090'\'' (and region_blacklist!='\''1090'\'' (or region_whitelist='\''0'\'' region_whitelist!+\")))))",
  "typeIn": "600",
  "orderBy": "NAME_DESC",
  "objectType": "KalturaSearchAssetFilter"
},
"pager": {
"pageIndex": 5,
"pageSize": 50
},
"ks": "djJ8NDc4fOaZipVNMiD5Hh8TCloB_htJ-92NAuwpPG2yOGak_PKqi3rVUmC7tkI-GWhxj9ykRNpScMelZHVSbpFX1HNrbSPyQQJEIU5nMSN_9xpsD5D3GZru_zyN3XmI4NgTOR4RNF5bGgYTf1_DhHKq2Clv-K0=",
"apiVersion": "4.7"
}' not found 	1568910403522
ERROR	Get product price action list: Failed to build request: Resource {
  "id": "3857",
  "ks": "djJ8NDc4fOaZipVNMiD5Hh8TCloB_htJ-92NAuwpPG2yOGak_PKqi3rVUmC7tkI-GWhxj9ykRNpScMelZHVSbpFX1HNrbSPyQQJEIU5nMSN_9xpsD5D3GZru_zyN3XmI4NgTOR4RNF5bGgYTf1_DhHKq2Clv-K0=",
  "apiVersion": "4.7"
} not found 	1568910403523
ERROR	Get product price action list: Failed to build request: Resource {
  "id": "3857",
  "ks": "djJ8NDc4fOaZipVNMiD5Hh8TCloB_htJ-92NAuwpPG2yOGak_PKqi3rVUmC7tkI-GWhxj9ykRNpScMelZHVSbpFX1HNrbSPyQQJEIU5nMSN_9xpsD5D3GZru_zyN3XmI4NgTOR4RNF5bGgYTf1_DhHKq2Clv-K0=",
  "apiVersion": "4.7"
} not found 	1568910403523
ERROR	Get product price action list: Failed to build request: Resource {
  "id": "3857",
  "ks": "djJ8NDc4fOaZipVNMiD5Hh8TCloB_htJ-92NAuwpPG2yOGak_PKqi3rVUmC7tkI-GWhxj9ykRNpScMelZHVSbpFX1HNrbSPyQQJEIU5nMSN_9xpsD5D3GZru_zyN3XmI4NgTOR4RNF5bGgYTf1_DhHKq2Clv-K0=",
  "apiVersion": "4.7"
} not found 	1568910403523
ERROR	Get product price action list: Failed to build request: Resource {
  "id": "3857",
  "ks": "djJ8NDc4fOaZipVNMiD5Hh8TCloB_htJ-92NAuwpPG2yOGak_PKqi3rVUmC7tkI-GWhxj9ykRNpScMelZHVSbpFX1HNrbSPyQQJEIU5nMSN_9xpsD5D3GZru_zyN3XmI4NgTOR4RNF5bGgYTf1_DhHKq2Clv-K0=",
  "apiVersion": "4.7"
} not found 	1568910403523
ERROR	Get product price action list: Failed to build request: Resource {
  "id": "3857",
  "ks": "djJ8NDc4fOaZipVNMiD5Hh8TCloB_htJ-92NAuwpPG2yOGak_PKqi3rVUmC7tkI-GWhxj9ykRNpScMelZHVSbpFX1HNrbSPyQQJEIU5nMSN_9xpsD5D3GZru_zyN3XmI4NgTOR4RNF5bGgYTf1_DhHKq2Clv-K0=",
  "apiVersion": "4.7"
} not found 	1568910403523
ERROR	Get household user list : Failed to build request: Resource {
  "ks": "djJ8NDc4fOaZipVNMiD5Hh8TCloB_htJ-92NAuwpPG2yOGak_PKqi3rVUmC7tkI-GWhxj9ykRNpScMelZHVSbpFX1HNrbSPyQQJEIU5nMSN_9xpsD5D3GZru_zyN3XmI4NgTOR4RNF5bGgYTf1_DhHKq2Clv-K0=",
  "apiVersion": "4.7"
} not found 	1568910403524
REQUEST	1		Get runtime configuration for client applications	1568910408272	1568910408502	OK	 
REQUEST	2		Get runtime configuration for client applications	1568910408524	1568910408748	OK	 
REQUEST	2		Ott user login request	1568910408749	1568910409001	OK	 
REQUEST	2		Get Ott User List	1568910409003	1568910411816	OK	 
ERROR	Get domain info: Failed to build request: Resource /json/onlyks.json not found 	1568910411816
ERROR	Get assets action list: Failed to build request: Resource {
  "kSql": "(and asset_type='\''600'\''   customer_type_blacklist!='\''5'\'' (or region_agnostic_user_types='\''5'\'' (or region_whitelist='\''1090'\'' (and region_blacklist!='\''1090'\'' (or region_whitelist='\''0'\'' region_whitelist!+\")))))",
  "typeIn": "600",
  "orderBy": "NAME_DESC",
  "objectType": "KalturaSearchAssetFilter"
},
"pager": {
"pageIndex": 1,
"pageSize": 50
},
"ks": "djJ8NDc4fDkIHm1OhMGoO44U24iQ-bN_4CSSCAxgqnxklpqk9xNps1wxCeW6ZopQD9BXRugod2XaZU0Qwe7n3vBNOuKMVc_MDNJ6aMrl4tFDxgeoTlsG0QrkRMj3uu61L3uG2Cfm1GSjceAhBeJyPSYLN2XF934=",
"apiVersion": "4.7"
}' not found 	1568910411818
ERROR	Get assets action list: Failed to build request: Resource {
  "kSql": "(and asset_type='\''600'\''   customer_type_blacklist!='\''5'\'' (or region_agnostic_user_types='\''5'\'' (or region_whitelist='\''1090'\'' (and region_blacklist!='\''1090'\'' (or region_whitelist='\''0'\'' region_whitelist!+\")))))",
  "typeIn": "600",
  "orderBy": "NAME_DESC",
  "objectType": "KalturaSearchAssetFilter"
},
"pager": {
"pageIndex": 2,
"pageSize": 50
},
"ks": "djJ8NDc4fDkIHm1OhMGoO44U24iQ-bN_4CSSCAxgqnxklpqk9xNps1wxCeW6ZopQD9BXRugod2XaZU0Qwe7n3vBNOuKMVc_MDNJ6aMrl4tFDxgeoTlsG0QrkRMj3uu61L3uG2Cfm1GSjceAhBeJyPSYLN2XF934=",
"apiVersion": "4.7"
}' not found 	1568910411819
ERROR	Get assets action list: Failed to build request: Resource {
  "kSql": "(and asset_type='\''600'\''   customer_type_blacklist!='\''5'\'' (or region_agnostic_user_types='\''5'\'' (or region_whitelist='\''1090'\'' (and region_blacklist!='\''1090'\'' (or region_whitelist='\''0'\'' region_whitelist!+\")))))",
  "typeIn": "600",
  "orderBy": "NAME_DESC",
  "objectType": "KalturaSearchAssetFilter"
},
"pager": {
"pageIndex": 3,
"pageSize": 50
},
"ks": "djJ8NDc4fDkIHm1OhMGoO44U24iQ-bN_4CSSCAxgqnxklpqk9xNps1wxCeW6ZopQD9BXRugod2XaZU0Qwe7n3vBNOuKMVc_MDNJ6aMrl4tFDxgeoTlsG0QrkRMj3uu61L3uG2Cfm1GSjceAhBeJyPSYLN2XF934=",
"apiVersion": "4.7"
}' not found 	1568910411820
ERROR	Get assets action list: Failed to build request: Resource {
  "kSql": "(and asset_type='\''600'\''   customer_type_blacklist!='\''5'\'' (or region_agnostic_user_types='\''5'\'' (or region_whitelist='\''1090'\'' (and region_blacklist!='\''1090'\'' (or region_whitelist='\''0'\'' region_whitelist!+\")))))",
  "typeIn": "600",
  "orderBy": "NAME_DESC",
  "objectType": "KalturaSearchAssetFilter"
},
"pager": {
"pageIndex": 4,
"pageSize": 50
},
"ks": "djJ8NDc4fDkIHm1OhMGoO44U24iQ-bN_4CSSCAxgqnxklpqk9xNps1wxCeW6ZopQD9BXRugod2XaZU0Qwe7n3vBNOuKMVc_MDNJ6aMrl4tFDxgeoTlsG0QrkRMj3uu61L3uG2Cfm1GSjceAhBeJyPSYLN2XF934=",
"apiVersion": "4.7"
}' not found 	1568910411821
ERROR	Get assets action list: Failed to build request: Resource {
  "kSql": "(and asset_type='\''600'\''   customer_type_blacklist!='\''5'\'' (or region_agnostic_user_types='\''5'\'' (or region_whitelist='\''1090'\'' (and region_blacklist!='\''1090'\'' (or region_whitelist='\''0'\'' region_whitelist!+\")))))",
  "typeIn": "600",
  "orderBy": "NAME_DESC",
  "objectType": "KalturaSearchAssetFilter"
},
"pager": {
"pageIndex": 5,
"pageSize": 50
},
"ks": "djJ8NDc4fDkIHm1OhMGoO44U24iQ-bN_4CSSCAxgqnxklpqk9xNps1wxCeW6ZopQD9BXRugod2XaZU0Qwe7n3vBNOuKMVc_MDNJ6aMrl4tFDxgeoTlsG0QrkRMj3uu61L3uG2Cfm1GSjceAhBeJyPSYLN2XF934=",
"apiVersion": "4.7"
}' not found 	1568910411821
ERROR	Get product price action list: Failed to build request: Resource {
  "id": "3857",
  "ks": "djJ8NDc4fDkIHm1OhMGoO44U24iQ-bN_4CSSCAxgqnxklpqk9xNps1wxCeW6ZopQD9BXRugod2XaZU0Qwe7n3vBNOuKMVc_MDNJ6aMrl4tFDxgeoTlsG0QrkRMj3uu61L3uG2Cfm1GSjceAhBeJyPSYLN2XF934=",
  "apiVersion": "4.7"
} not found 	1568910411822
ERROR	Get product price action list: Failed to build request: Resource {
  "id": "3857",
  "ks": "djJ8NDc4fDkIHm1OhMGoO44U24iQ-bN_4CSSCAxgqnxklpqk9xNps1wxCeW6ZopQD9BXRugod2XaZU0Qwe7n3vBNOuKMVc_MDNJ6aMrl4tFDxgeoTlsG0QrkRMj3uu61L3uG2Cfm1GSjceAhBeJyPSYLN2XF934=",
  "apiVersion": "4.7"
} not found 	1568910411822
ERROR	Get product price action list: Failed to build request: Resource {
  "id": "3857",
  "ks": "djJ8NDc4fDkIHm1OhMGoO44U24iQ-bN_4CSSCAxgqnxklpqk9xNps1wxCeW6ZopQD9BXRugod2XaZU0Qwe7n3vBNOuKMVc_MDNJ6aMrl4tFDxgeoTlsG0QrkRMj3uu61L3uG2Cfm1GSjceAhBeJyPSYLN2XF934=",
  "apiVersion": "4.7"
} not found 	1568910411822
ERROR	Get product price action list: Failed to build request: Resource {
  "id": "3857",
  "ks": "djJ8NDc4fDkIHm1OhMGoO44U24iQ-bN_4CSSCAxgqnxklpqk9xNps1wxCeW6ZopQD9BXRugod2XaZU0Qwe7n3vBNOuKMVc_MDNJ6aMrl4tFDxgeoTlsG0QrkRMj3uu61L3uG2Cfm1GSjceAhBeJyPSYLN2XF934=",
  "apiVersion": "4.7"
} not found 	1568910411823
ERROR	Get product price action list: Failed to build request: Resource {
  "id": "3857",
  "ks": "djJ8NDc4fDkIHm1OhMGoO44U24iQ-bN_4CSSCAxgqnxklpqk9xNps1wxCeW6ZopQD9BXRugod2XaZU0Qwe7n3vBNOuKMVc_MDNJ6aMrl4tFDxgeoTlsG0QrkRMj3uu61L3uG2Cfm1GSjceAhBeJyPSYLN2XF934=",
  "apiVersion": "4.7"
} not found 	1568910411823
ERROR	Get household user list : Failed to build request: Resource {
  "ks": "djJ8NDc4fDkIHm1OhMGoO44U24iQ-bN_4CSSCAxgqnxklpqk9xNps1wxCeW6ZopQD9BXRugod2XaZU0Qwe7n3vBNOuKMVc_MDNJ6aMrl4tFDxgeoTlsG0QrkRMj3uu61L3uG2Cfm1GSjceAhBeJyPSYLN2XF934=",
  "apiVersion": "4.7"
} not found 	1568910411823
REQUEST	1		Ott user login request	1568910408503	1568910411829	OK	 
REQUEST	1		Get Ott User List	1568910411830	1568910412065	OK	 
ERROR	Get domain info: Failed to build request: Resource /json/onlyks.json not found 	1568910412066
ERROR	Get assets action list: Failed to build request: Resource {
  "kSql": "(and asset_type='\''600'\''   customer_type_blacklist!='\''5'\'' (or region_agnostic_user_types='\''5'\'' (or region_whitelist='\''1090'\'' (and region_blacklist!='\''1090'\'' (or region_whitelist='\''0'\'' region_whitelist!+\")))))",
  "typeIn": "600",
  "orderBy": "NAME_DESC",
  "objectType": "KalturaSearchAssetFilter"
},
"pager": {
"pageIndex": 1,
"pageSize": 50
},
"ks": "djJ8NDc4fOioUKXxaWDcHKB7DFwEl1a7g8-u2FgCZrHAKo4FcJwNNnkZ4Fb12ESHWoYr89I6q02pDCrZVIW1yU6dDSJBHRjqTg7h5sG5M-llZJ3hSDu0OobQXokqNmnymeWavSpFWPR4N78qy8nwtAENTE6aPjA=",
"apiVersion": "4.7"
}' not found 	1568910412066
ERROR	Get assets action list: Failed to build request: Resource {
  "kSql": "(and asset_type='\''600'\''   customer_type_blacklist!='\''5'\'' (or region_agnostic_user_types='\''5'\'' (or region_whitelist='\''1090'\'' (and region_blacklist!='\''1090'\'' (or region_whitelist='\''0'\'' region_whitelist!+\")))))",
  "typeIn": "600",
  "orderBy": "NAME_DESC",
  "objectType": "KalturaSearchAssetFilter"
},
"pager": {
"pageIndex": 2,
"pageSize": 50
},
"ks": "djJ8NDc4fOioUKXxaWDcHKB7DFwEl1a7g8-u2FgCZrHAKo4FcJwNNnkZ4Fb12ESHWoYr89I6q02pDCrZVIW1yU6dDSJBHRjqTg7h5sG5M-llZJ3hSDu0OobQXokqNmnymeWavSpFWPR4N78qy8nwtAENTE6aPjA=",
"apiVersion": "4.7"
}' not found 	1568910412067
ERROR	Get assets action list: Failed to build request: Resource {
  "kSql": "(and asset_type='\''600'\''   customer_type_blacklist!='\''5'\'' (or region_agnostic_user_types='\''5'\'' (or region_whitelist='\''1090'\'' (and region_blacklist!='\''1090'\'' (or region_whitelist='\''0'\'' region_whitelist!+\")))))",
  "typeIn": "600",
  "orderBy": "NAME_DESC",
  "objectType": "KalturaSearchAssetFilter"
},
"pager": {
"pageIndex": 3,
"pageSize": 50
},
"ks": "djJ8NDc4fOioUKXxaWDcHKB7DFwEl1a7g8-u2FgCZrHAKo4FcJwNNnkZ4Fb12ESHWoYr89I6q02pDCrZVIW1yU6dDSJBHRjqTg7h5sG5M-llZJ3hSDu0OobQXokqNmnymeWavSpFWPR4N78qy8nwtAENTE6aPjA=",
"apiVersion": "4.7"
}' not found 	1568910412067
ERROR	Get assets action list: Failed to build request: Resource {
  "kSql": "(and asset_type='\''600'\''   customer_type_blacklist!='\''5'\'' (or region_agnostic_user_types='\''5'\'' (or region_whitelist='\''1090'\'' (and region_blacklist!='\''1090'\'' (or region_whitelist='\''0'\'' region_whitelist!+\")))))",
  "typeIn": "600",
  "orderBy": "NAME_DESC",
  "objectType": "KalturaSearchAssetFilter"
},
"pager": {
"pageIndex": 4,
"pageSize": 50
},
"ks": "djJ8NDc4fOioUKXxaWDcHKB7DFwEl1a7g8-u2FgCZrHAKo4FcJwNNnkZ4Fb12ESHWoYr89I6q02pDCrZVIW1yU6dDSJBHRjqTg7h5sG5M-llZJ3hSDu0OobQXokqNmnymeWavSpFWPR4N78qy8nwtAENTE6aPjA=",
"apiVersion": "4.7"
}' not found 	1568910412068
ERROR	Get assets action list: Failed to build request: Resource {
  "kSql": "(and asset_type='\''600'\''   customer_type_blacklist!='\''5'\'' (or region_agnostic_user_types='\''5'\'' (or region_whitelist='\''1090'\'' (and region_blacklist!='\''1090'\'' (or region_whitelist='\''0'\'' region_whitelist!+\")))))",
  "typeIn": "600",
  "orderBy": "NAME_DESC",
  "objectType": "KalturaSearchAssetFilter"
},
"pager": {
"pageIndex": 5,
"pageSize": 50
},
"ks": "djJ8NDc4fOioUKXxaWDcHKB7DFwEl1a7g8-u2FgCZrHAKo4FcJwNNnkZ4Fb12ESHWoYr89I6q02pDCrZVIW1yU6dDSJBHRjqTg7h5sG5M-llZJ3hSDu0OobQXokqNmnymeWavSpFWPR4N78qy8nwtAENTE6aPjA=",
"apiVersion": "4.7"
}' not found 	1568910412068
ERROR	Get product price action list: Failed to build request: Resource {
  "id": "3857",
  "ks": "djJ8NDc4fOioUKXxaWDcHKB7DFwEl1a7g8-u2FgCZrHAKo4FcJwNNnkZ4Fb12ESHWoYr89I6q02pDCrZVIW1yU6dDSJBHRjqTg7h5sG5M-llZJ3hSDu0OobQXokqNmnymeWavSpFWPR4N78qy8nwtAENTE6aPjA=",
  "apiVersion": "4.7"
} not found 	1568910412069
ERROR	Get product price action list: Failed to build request: Resource {
  "id": "3857",
  "ks": "djJ8NDc4fOioUKXxaWDcHKB7DFwEl1a7g8-u2FgCZrHAKo4FcJwNNnkZ4Fb12ESHWoYr89I6q02pDCrZVIW1yU6dDSJBHRjqTg7h5sG5M-llZJ3hSDu0OobQXokqNmnymeWavSpFWPR4N78qy8nwtAENTE6aPjA=",
  "apiVersion": "4.7"
} not found 	1568910412069
ERROR	Get product price action list: Failed to build request: Resource {
  "id": "3857",
  "ks": "djJ8NDc4fOioUKXxaWDcHKB7DFwEl1a7g8-u2FgCZrHAKo4FcJwNNnkZ4Fb12ESHWoYr89I6q02pDCrZVIW1yU6dDSJBHRjqTg7h5sG5M-llZJ3hSDu0OobQXokqNmnymeWavSpFWPR4N78qy8nwtAENTE6aPjA=",
  "apiVersion": "4.7"
} not found 	1568910412069
ERROR	Get product price action list: Failed to build request: Resource {
  "id": "3857",
  "ks": "djJ8NDc4fOioUKXxaWDcHKB7DFwEl1a7g8-u2FgCZrHAKo4FcJwNNnkZ4Fb12ESHWoYr89I6q02pDCrZVIW1yU6dDSJBHRjqTg7h5sG5M-llZJ3hSDu0OobQXokqNmnymeWavSpFWPR4N78qy8nwtAENTE6aPjA=",
  "apiVersion": "4.7"
} not found 	1568910412069
ERROR	Get product price action list: Failed to build request: Resource {
  "id": "3857",
  "ks": "djJ8NDc4fOioUKXxaWDcHKB7DFwEl1a7g8-u2FgCZrHAKo4FcJwNNnkZ4Fb12ESHWoYr89I6q02pDCrZVIW1yU6dDSJBHRjqTg7h5sG5M-llZJ3hSDu0OobQXokqNmnymeWavSpFWPR4N78qy8nwtAENTE6aPjA=",
  "apiVersion": "4.7"
} not found 	1568910412069
ERROR	Get household user list : Failed to build request: Resource {
  "ks": "djJ8NDc4fOioUKXxaWDcHKB7DFwEl1a7g8-u2FgCZrHAKo4FcJwNNnkZ4Fb12ESHWoYr89I6q02pDCrZVIW1yU6dDSJBHRjqTg7h5sG5M-llZJ3hSDu0OobQXokqNmnymeWavSpFWPR4N78qy8nwtAENTE6aPjA=",
  "apiVersion": "4.7"
} not found 	1568910412070
REQUEST	2		Get runtime configuration for client applications	1568910416824	1568910417051	OK	 
REQUEST	1		Get runtime configuration for client applications	1568910417075	1568910417303	OK	 
REQUEST	1		Ott user login request	1568910417304	1568910417561	OK	 
REQUEST	1		Get Ott User List	1568910417563	1568910420376	OK	 
ERROR	Get domain info: Failed to build request: Resource /json/onlyks.json not found 	1568910420376
ERROR	Get assets action list: Failed to build request: Resource {
  "kSql": "(and asset_type='\''600'\''   customer_type_blacklist!='\''5'\'' (or region_agnostic_user_types='\''5'\'' (or region_whitelist='\''1090'\'' (and region_blacklist!='\''1090'\'' (or region_whitelist='\''0'\'' region_whitelist!+\")))))",
  "typeIn": "600",
  "orderBy": "NAME_DESC",
  "objectType": "KalturaSearchAssetFilter"
},
"pager": {
"pageIndex": 1,
"pageSize": 50
},
"ks": "djJ8NDc4fM83Quw_WhfnXRzzdgyMUwQyhCSkpTIB3Yocf5Ciin0X1Wncvu0cUqqOrbeS95y_dzsxfZKW511D684BXVLHXJM3MaZFO1D35zk9WvecobEmiDL_bYJGo6DaFKS00_nqrSP-a1U60BW9ZdI_py9VnVM=",
"apiVersion": "4.7"
}' not found 	1568910420377
ERROR	Get assets action list: Failed to build request: Resource {
  "kSql": "(and asset_type='\''600'\''   customer_type_blacklist!='\''5'\'' (or region_agnostic_user_types='\''5'\'' (or region_whitelist='\''1090'\'' (and region_blacklist!='\''1090'\'' (or region_whitelist='\''0'\'' region_whitelist!+\")))))",
  "typeIn": "600",
  "orderBy": "NAME_DESC",
  "objectType": "KalturaSearchAssetFilter"
},
"pager": {
"pageIndex": 2,
"pageSize": 50
},
"ks": "djJ8NDc4fM83Quw_WhfnXRzzdgyMUwQyhCSkpTIB3Yocf5Ciin0X1Wncvu0cUqqOrbeS95y_dzsxfZKW511D684BXVLHXJM3MaZFO1D35zk9WvecobEmiDL_bYJGo6DaFKS00_nqrSP-a1U60BW9ZdI_py9VnVM=",
"apiVersion": "4.7"
}' not found 	1568910420378
ERROR	Get assets action list: Failed to build request: Resource {
  "kSql": "(and asset_type='\''600'\''   customer_type_blacklist!='\''5'\'' (or region_agnostic_user_types='\''5'\'' (or region_whitelist='\''1090'\'' (and region_blacklist!='\''1090'\'' (or region_whitelist='\''0'\'' region_whitelist!+\")))))",
  "typeIn": "600",
  "orderBy": "NAME_DESC",
  "objectType": "KalturaSearchAssetFilter"
},
"pager": {
"pageIndex": 3,
"pageSize": 50
},
"ks": "djJ8NDc4fM83Quw_WhfnXRzzdgyMUwQyhCSkpTIB3Yocf5Ciin0X1Wncvu0cUqqOrbeS95y_dzsxfZKW511D684BXVLHXJM3MaZFO1D35zk9WvecobEmiDL_bYJGo6DaFKS00_nqrSP-a1U60BW9ZdI_py9VnVM=",
"apiVersion": "4.7"
}' not found 	1568910420379
ERROR	Get assets action list: Failed to build request: Resource {
  "kSql": "(and asset_type='\''600'\''   customer_type_blacklist!='\''5'\'' (or region_agnostic_user_types='\''5'\'' (or region_whitelist='\''1090'\'' (and region_blacklist!='\''1090'\'' (or region_whitelist='\''0'\'' region_whitelist!+\")))))",
  "typeIn": "600",
  "orderBy": "NAME_DESC",
  "objectType": "KalturaSearchAssetFilter"
},
"pager": {
"pageIndex": 4,
"pageSize": 50
},
"ks": "djJ8NDc4fM83Quw_WhfnXRzzdgyMUwQyhCSkpTIB3Yocf5Ciin0X1Wncvu0cUqqOrbeS95y_dzsxfZKW511D684BXVLHXJM3MaZFO1D35zk9WvecobEmiDL_bYJGo6DaFKS00_nqrSP-a1U60BW9ZdI_py9VnVM=",
"apiVersion": "4.7"
}' not found 	1568910420380
ERROR	Get assets action list: Failed to build request: Resource {
  "kSql": "(and asset_type='\''600'\''   customer_type_blacklist!='\''5'\'' (or region_agnostic_user_types='\''5'\'' (or region_whitelist='\''1090'\'' (and region_blacklist!='\''1090'\'' (or region_whitelist='\''0'\'' region_whitelist!+\")))))",
  "typeIn": "600",
  "orderBy": "NAME_DESC",
  "objectType": "KalturaSearchAssetFilter"
},
"pager": {
"pageIndex": 5,
"pageSize": 50
},
"ks": "djJ8NDc4fM83Quw_WhfnXRzzdgyMUwQyhCSkpTIB3Yocf5Ciin0X1Wncvu0cUqqOrbeS95y_dzsxfZKW511D684BXVLHXJM3MaZFO1D35zk9WvecobEmiDL_bYJGo6DaFKS00_nqrSP-a1U60BW9ZdI_py9VnVM=",
"apiVersion": "4.7"
}' not found 	1568910420381
ERROR	Get product price action list: Failed to build request: Resource {
  "id": "3857",
  "ks": "djJ8NDc4fM83Quw_WhfnXRzzdgyMUwQyhCSkpTIB3Yocf5Ciin0X1Wncvu0cUqqOrbeS95y_dzsxfZKW511D684BXVLHXJM3MaZFO1D35zk9WvecobEmiDL_bYJGo6DaFKS00_nqrSP-a1U60BW9ZdI_py9VnVM=",
  "apiVersion": "4.7"
} not found 	1568910420381
ERROR	Get product price action list: Failed to build request: Resource {
  "id": "3857",
  "ks": "djJ8NDc4fM83Quw_WhfnXRzzdgyMUwQyhCSkpTIB3Yocf5Ciin0X1Wncvu0cUqqOrbeS95y_dzsxfZKW511D684BXVLHXJM3MaZFO1D35zk9WvecobEmiDL_bYJGo6DaFKS00_nqrSP-a1U60BW9ZdI_py9VnVM=",
  "apiVersion": "4.7"
} not found 	1568910420381
ERROR	Get product price action list: Failed to build request: Resource {
  "id": "3857",
  "ks": "djJ8NDc4fM83Quw_WhfnXRzzdgyMUwQyhCSkpTIB3Yocf5Ciin0X1Wncvu0cUqqOrbeS95y_dzsxfZKW511D684BXVLHXJM3MaZFO1D35zk9WvecobEmiDL_bYJGo6DaFKS00_nqrSP-a1U60BW9ZdI_py9VnVM=",
  "apiVersion": "4.7"
} not found 	1568910420382
ERROR	Get product price action list: Failed to build request: Resource {
  "id": "3857",
  "ks": "djJ8NDc4fM83Quw_WhfnXRzzdgyMUwQyhCSkpTIB3Yocf5Ciin0X1Wncvu0cUqqOrbeS95y_dzsxfZKW511D684BXVLHXJM3MaZFO1D35zk9WvecobEmiDL_bYJGo6DaFKS00_nqrSP-a1U60BW9ZdI_py9VnVM=",
  "apiVersion": "4.7"
} not found 	1568910420382
ERROR	Get product price action list: Failed to build request: Resource {
  "id": "3857",
  "ks": "djJ8NDc4fM83Quw_WhfnXRzzdgyMUwQyhCSkpTIB3Yocf5Ciin0X1Wncvu0cUqqOrbeS95y_dzsxfZKW511D684BXVLHXJM3MaZFO1D35zk9WvecobEmiDL_bYJGo6DaFKS00_nqrSP-a1U60BW9ZdI_py9VnVM=",
  "apiVersion": "4.7"
} not found 	1568910420382
REQUEST	2		Ott user login request	1568910417052	1568910420381	OK	 
ERROR	Get household user list : Failed to build request: Resource {
  "ks": "djJ8NDc4fM83Quw_WhfnXRzzdgyMUwQyhCSkpTIB3Yocf5Ciin0X1Wncvu0cUqqOrbeS95y_dzsxfZKW511D684BXVLHXJM3MaZFO1D35zk9WvecobEmiDL_bYJGo6DaFKS00_nqrSP-a1U60BW9ZdI_py9VnVM=",
  "apiVersion": "4.7"
} not found 	1568910420383
REQUEST	2		Get Ott User List	1568910420383	1568910423433	OK	 
ERROR	Get domain info: Failed to build request: Resource /json/onlyks.json not found 	1568910423433
ERROR	Get assets action list: Failed to build request: Resource {
  "kSql": "(and asset_type='\''600'\''   customer_type_blacklist!='\''5'\'' (or region_agnostic_user_types='\''5'\'' (or region_whitelist='\''1090'\'' (and region_blacklist!='\''1090'\'' (or region_whitelist='\''0'\'' region_whitelist!+\")))))",
  "typeIn": "600",
  "orderBy": "NAME_DESC",
  "objectType": "KalturaSearchAssetFilter"
},
"pager": {
"pageIndex": 1,
"pageSize": 50
},
"ks": "djJ8NDc4fKRnTLZUevtuBnozGYN1Jjn73M6VDEJlLBX3Cb7OVXHVdvLrPr30_zFuI38T1j72NuUWhEvcbOMhBNPFtrBunACJ5p3bbD2SzB8RPxZeDXY7h9hxnpGVi20tdCfO66douebfALTdIInR85KGtxE4298=",
"apiVersion": "4.7"
}' not found 	1568910423434
ERROR	Get assets action list: Failed to build request: Resource {
  "kSql": "(and asset_type='\''600'\''   customer_type_blacklist!='\''5'\'' (or region_agnostic_user_types='\''5'\'' (or region_whitelist='\''1090'\'' (and region_blacklist!='\''1090'\'' (or region_whitelist='\''0'\'' region_whitelist!+\")))))",
  "typeIn": "600",
  "orderBy": "NAME_DESC",
  "objectType": "KalturaSearchAssetFilter"
},
"pager": {
"pageIndex": 2,
"pageSize": 50
},
"ks": "djJ8NDc4fKRnTLZUevtuBnozGYN1Jjn73M6VDEJlLBX3Cb7OVXHVdvLrPr30_zFuI38T1j72NuUWhEvcbOMhBNPFtrBunACJ5p3bbD2SzB8RPxZeDXY7h9hxnpGVi20tdCfO66douebfALTdIInR85KGtxE4298=",
"apiVersion": "4.7"
}' not found 	1568910423435
ERROR	Get assets action list: Failed to build request: Resource {
  "kSql": "(and asset_type='\''600'\''   customer_type_blacklist!='\''5'\'' (or region_agnostic_user_types='\''5'\'' (or region_whitelist='\''1090'\'' (and region_blacklist!='\''1090'\'' (or region_whitelist='\''0'\'' region_whitelist!+\")))))",
  "typeIn": "600",
  "orderBy": "NAME_DESC",
  "objectType": "KalturaSearchAssetFilter"
},
"pager": {
"pageIndex": 3,
"pageSize": 50
},
"ks": "djJ8NDc4fKRnTLZUevtuBnozGYN1Jjn73M6VDEJlLBX3Cb7OVXHVdvLrPr30_zFuI38T1j72NuUWhEvcbOMhBNPFtrBunACJ5p3bbD2SzB8RPxZeDXY7h9hxnpGVi20tdCfO66douebfALTdIInR85KGtxE4298=",
"apiVersion": "4.7"
}' not found 	1568910423436
ERROR	