ASSERTION	AAECAAMFAAAAAAAAAFlA
RUN	com.kaltura.performance.simulations.RestLoginOnlySimulation	restloginonlysimulation	1568899421202	 	3.2.1
USER	loginOnly	1	START	1568899422453	1568899422453
ERROR	Ott user login request: Failed to build request: No attribute named 'loginUsername' is defined 	1568899422468
ERROR	Get household device list: Failed to build request: Resource rest/onlyks.json not found 	1568899422470
ERROR	Get household device list: Failed to build request: Resource rest/onlyks.json not found 	1568899422473
ERROR	Get Ott User List: Failed to build request: Resource rest/OttUserList.json not found 	1568899422473
ERROR	Get entitlement household subscription list: Failed to build request: Resource rest/EntitlementListHouseholdSubscription.json not found 	1568899422473
USER	loginOnly	2	START	1568899422666	1568899422666
ERROR	Ott user login request: Failed to build request: No attribute named 'loginUsername' is defined 	1568899422668
ERROR	Get household device list: Failed to build request: Resource rest/onlyks.json not found 	1568899422668
ERROR	Get household device list: Failed to build request: Resource rest/onlyks.json not found 	1568899422670
ERROR	Get Ott User List: Failed to build request: Resource rest/OttUserList.json not found 	1568899422670
ERROR	Get entitlement household subscription list: Failed to build request: Resource rest/EntitlementListHouseholdSubscription.json not found 	1568899422670
USER	loginOnly	3	START	1568899422874	1568899422874
ERROR	Ott user login request: Failed to build request: No attribute named 'loginUsername' is defined 	1568899422875
ERROR	Get household device list: Failed to build request: Resource rest/onlyks.json not found 	1568899422875
ERROR	Get household device list: Failed to build request: Resource rest/onlyks.json not found 	1568899422876
ERROR	Get Ott User List: Failed to build request: Resource rest/OttUserList.json not found 	1568899422876
ERROR	Get entitlement household subscription list: Failed to build request: Resource rest/EntitlementListHouseholdSubscription.json not found 	1568899422877
USER	loginOnly	4	START	1568899423076	1568899423076
ERROR	Ott user login request: Failed to build request: No attribute named 'loginUsername' is defined 	1568899423077
ERROR	Get household device list: Failed to build request: Resource rest/onlyks.json not found 	1568899423077
ERROR	Get household device list: Failed to build request: Resource rest/onlyks.json not found 	1568899423079
ERROR	Get Ott User List: Failed to build request: Resource rest/OttUserList.json not found 	1568899423079
ERROR	Get entitlement household subscription list: Failed to build request: Resource rest/EntitlementListHouseholdSubscription.json not found 	1568899423079
USER	loginOnly	5	START	1568899423276	1568899423276
ERROR	Ott user login request: Failed to build request: No attribute named 'loginUsername' is defined 	1568899423277
ERROR	Get household device list: Failed to build request: Resource rest/onlyks.json not found 	1568899423278
ERROR	Get household device list: Failed to build request: Resource rest/onlyks.json not found 	1568899423279
ERROR	Get Ott User List: Failed to build request: Resource rest/OttUserList.json not found 	1568899423279
ERROR	Get entitlement household subscription list: Failed to build request: Resource rest/EntitlementListHouseholdSubscription.json not found 	1568899423279
ERROR	Ott user login request: Failed to build request: No attribute named 'loginUsername' is defined 	1568899427497
ERROR	Get household device list: Failed to build request: Resource rest/onlyks.json not found 	1568899427497
ERROR	Get household device list: Failed to build request: Resource rest/onlyks.json not found 	1568899427498
ERROR	Get Ott User List: Failed to build request: Resource rest/OttUserList.json not found 	1568899427498
ERROR	Get entitlement household subscription list: Failed to build request: Resource rest/EntitlementListHouseholdSubscription.json not found 	1568899427498
ERROR	Ott user login request: Failed to build request: No attribute named 'loginUsername' is defined 	1568899427686
ERROR	Get household device list: Failed to build request: Resource rest/onlyks.json not found 	1568899427686
ERROR	Get household device list: Failed to build request: Resource rest/onlyks.json not found 	1568899427687
ERROR	Get Ott User List: Failed to build request: Resource rest/OttUserList.json not found 	1568899427688
ERROR	Get entitlement household subscription list: Failed to build request: Resource rest/EntitlementListHouseholdSubscription.json not found 	1568899427688
ERROR	Ott user login request: Failed to build request: No attribute named 'loginUsername' is defined 	1568899427896
ERROR	Get household device list: Failed to build request: Resource rest/onlyks.json not found 	1568899427897
ERROR	Get household device list: Failed to build request: Resource rest/onlyks.json not found 	1568899427898
ERROR	Get Ott User List: Failed to build request: Resource rest/OttUserList.json not found 	1568899427898
ERROR	Get entitlement household subscription list: Failed to build request: Resource rest/EntitlementListHouseholdSubscription.json not found 	1568899427898
ERROR	Ott user login request: Failed to build request: No attribute named 'loginUsername' is defined 	1568899428096
ERROR	Get household device list: Failed to build request: Resource rest/onlyks.json not found 	1568899428097
ERROR	Get household device list: Failed to build request: Resource rest/onlyks.json not found 	1568899428098
ERROR	Get Ott User List: Failed to build request: Resource rest/OttUserList.json not found 	1568899428098
ERROR	Get entitlement household subscription list: Failed to build request: Resource rest/EntitlementListHouseholdSubscription.json not found 	1568899428099
ERROR	Ott user login request: Failed to build request: No attribute named 'loginUsername' is defined 	1568899428295
ERROR	Get household device list: Failed to build request: Resource rest/onlyks.json not found 	1568899428296
ERROR	Get household device list: Failed to build request: Resource rest/onlyks.json not found 	1568899428297
ERROR	Get Ott User List: Failed to build request: Resource rest/OttUserList.json not found 	1568899428297
ERROR	Get entitlement household subscription list: Failed to build request: Resource rest/EntitlementListHouseholdSubscription.json not found 	1568899428297
ERROR	Ott user login request: Failed to build request: No attribute named 'loginUsername' is defined 	1568899432497
ERROR	Get household device list: Failed to build request: Resource rest/onlyks.json not found 	1568899432498
ERROR	Get household device list: Failed to build request: Resource rest/onlyks.json not found 	1568899432499
ERROR	Get Ott User List: Failed to build request: Resource rest/OttUserList.json not found 	1568899432499
ERROR	Get entitlement household subscription list: Failed to build request: Resource rest/EntitlementListHouseholdSubscription.json not found 	1568899432499
ERROR	Ott user login request: Failed to build request: No attribute named 'loginUsername' is defined 	1568899432695
ERROR	Get household device list: Failed to build request: Resource rest/onlyks.json not found 	1568899432695
ERROR	Get household device list: Failed to build request: Resource rest/onlyks.json not found 	1568899432697
ERROR	Get Ott User List: Failed to build request: Resource rest/OttUserList.json not found 	1568899432697
ERROR	Get entitlement household subscription list: Failed to build request: Resource rest/EntitlementListHouseholdSubscription.json not found 	1568899432697
ERROR	Ott user login request: Failed to build request: No attribute named 'loginUsername' is defined 	1568899432905
ERROR	Get household device list: Failed to build request: Resource rest/onlyks.json not found 	1568899432905
ERROR	Get household device list: Failed to build request: Resource rest/onlyks.json not found 	1568899432906
ERROR	Get Ott User List: Failed to build request: Resource rest/OttUserList.json not found 	1568899432906
ERROR	Get entitlement household subscription list: Failed to build request: Resource rest/EntitlementListHouseholdSubscription.json not found 	1568899432906
ERROR	Ott user login request: Failed to build request: No attribute named 'loginUsername' is defined 	1568899433107
ERROR	Get household device list: Failed to build request: Resource rest/onlyks.json not found 	1568899433107
ERROR	Get household device list: Failed to build request: Resource rest/onlyks.json not found 	1568899433108
ERROR	Get Ott User List: Failed to build request: Resource rest/OttUserList.json not found 	1568899433108
ERROR	Get entitlement household subscription list: Failed to build request: Resource rest/EntitlementListHouseholdSubscription.json not found 	1568899433109
ERROR	Ott user login request: Failed to build request: No attribute named 'loginUsername' is defined 	1568899433307
ERROR	Get household device list: Failed to build request: Resource rest/onlyks.json not found 	1568899433307
ERROR	Get household device list: Failed to build request: Resource rest/onlyks.json not found 	1568899433308
ERROR	Get Ott User List: Failed to build request: Resource rest/OttUserList.json not found 	1568899433309
ERROR	Get entitlement household subscription list: Failed to build request: Resource rest/EntitlementListHouseholdSubscription.json not found 	1568899433309
USER	loginOnly	6	START	1568899434465	1568899434465
ERROR	Ott user login request: Failed to build request: No attribute named 'loginUsername' is defined 	1568899434466
ERROR	Get household device list: Failed to build request: Resource rest/onlyks.json not found 	1568899434466
ERROR	Get household device list: Failed to build request: Resource rest/onlyks.json not found 	1568899434468
ERROR	Get Ott User List: Failed to build request: Resource rest/OttUserList.json not found 	1568899434468
ERROR	Get entitlement household subscription list: Failed to build request: Resource rest/EntitlementListHouseholdSubscription.json not found 	1568899434468
ERROR	Ott user login request: Failed to build request: No attribute named 'loginUsername' is defined 	1568899437496
ERROR	Get household device list: Failed to build request: Resource rest/onlyks.json not found 	1568899437496
ERROR	Get household device list: Failed to build request: Resource rest/onlyks.json not found 	1568899437497
ERROR	Get Ott User List: Failed to build request: Resource rest/OttUserList.json not found 	1568899437498
ERROR	Get entitlement household subscription list: Failed to build request: Resource rest/EntitlementListHouseholdSubscription.json not found 	1568899437498
ERROR	Ott user login request: Failed to build request: No attribute named 'loginUsername' is defined 	1568899437695
ERROR	Get household device list: Failed to build request: Resource rest/onlyks.json not found 	1568899437695
ERROR	Get household device list: Failed to build request: Resource rest/onlyks.json not found 	1568899437699
ERROR	Get Ott User List: Failed to build request: Resource rest/OttUserList.json not found 	1568899437699
ERROR	Get entitlement household subscription list: Failed to build request: Resource rest/EntitlementListHouseholdSubscription.json not found 	1568899437699
ERROR	Ott user login request: Failed to build request: No attribute named 'loginUsername' is defined 	1568899437907
ERROR	Get household device list: Failed to build request: Resource rest/onlyks.json not found 	1568899437907
ERROR	Get household device list: Failed to build request: Resource rest/onlyks.json not found 	1568899437908
ERROR	Get Ott User List: Failed to build request: Resource rest/OttUserList.json not found 	1568899437908
ERROR	Get entitlement household subscription list: Failed to build request: Resource rest/EntitlementListHouseholdSubscription.json not found 	1568899437908
ERROR	Ott user login request: Failed to build request: No attribute named 'loginUsername' is defined 	1568899438105
ERROR	Get household device list: Failed to build request: Resource rest/onlyks.json not found 	1568899438106
ERROR	Get household device list: Failed to build request: Resource rest/onlyks.json not found 	1568899438107
ERROR	Get Ott User List: Failed to build request: Resource rest/OttUserList.json not found 	1568899438107
ERROR	Get entitlement household subscription list: Failed to build request: Resource rest/EntitlementListHouseholdSubscription.json not found 	1568899438107
ERROR	Ott user login request: Failed to build request: No attribute named 'loginUsername' is defined 	1568899438306
ERROR	Get household device list: Failed to build request: Resource rest/onlyks.json not found 	1568899438306
ERROR	Get household device list: Failed to build request: Resource rest/onlyks.json not found 	1568899438307
ERROR	Get Ott User List: Failed to build request: Resource rest/OttUserList.json not found 	1568899438307
ERROR	Get entitlement household subscription list: Failed to build request: Resource rest/EntitlementListHouseholdSubscription.json not found 	1568899438308
ERROR	Ott user login request: Failed to build request: No attribute named 'loginUsername' is defined 	1568899439486
ERROR	Get household device list: Failed to build request: Resource rest/onlyks.json not found 	1568899439486
ERROR	Get household device list: Failed to build request: Resource rest/onlyks.json not found 	1568899439487
ERROR	Get Ott User List: Failed to build request: Resource rest/OttUserList.json not found 	1568899439487
ERROR	Get entitlement household subscription list: Failed to build request: Resource rest/EntitlementListHouseholdSubscription.json not found 	1568899439488
USER	loginOnly	7	START	1568899440467	1568899440467
ERROR	Ott user login request: Failed to build request: No attribute named 'loginUsername' is defined 	1568899440468
ERROR	Get household device list: Failed to build request: Resource rest/onlyks.json not found 	1568899440468
ERROR	Get household device list: Failed to build request: Resource rest/onlyks.json not found 	1568899440469
ERROR	Get Ott User List: Failed to build request: Resource rest/OttUserList.json not found 	1568899440469
ERROR	Get entitlement household subscription list: Failed to build request: Resource rest/EntitlementListHouseholdSubscription.json not found 	1568899440469
ERROR	Ott user login request: Failed to build request: No attribute named 'loginUsername' is defined 	1568899442506
ERROR	Get household device list: Failed to build request: Resource rest/onlyks.json not found 	1568899442507
ERROR	Get household device list: Failed to build request: Resource rest/onlyks.json not found 	1568899442507
ERROR	Get Ott User List: Failed to build request: Resource rest/OttUserList.json not found 	1568899442508
ERROR	Get entitlement household subscription list: Failed to build request: Resource rest/EntitlementListHouseholdSubscription.json not found 	1568899442508
ERROR	Ott user login request: Failed to build request: No attribute named 'loginUsername' is defined 	1568899442707
ERROR	Get household device list: Failed to build request: Resource rest/onlyks.json not found 	1568899442707
ERROR	Get household device list: Failed to build request: Resource rest/onlyks.json not found 	1568899442708
ERROR	Get Ott User List: Failed to build request: Resource rest/OttUserList.json not found 	1568899442709
ERROR	Get entitlement household subscription list: Failed to build request: Resource rest/EntitlementListHouseholdSubscription.json not found 	1568899442709
ERROR	Ott user login request: Failed to build request: No attribute named 'loginUsername' is defined 	1568899442905
ERROR	Get household device list: Failed to build request: Resource rest/onlyks.json not found 	1568899442906
ERROR	Get household device list: Failed to build request: Resource rest/onlyks.json not found 	1568899442907
ERROR	Get Ott User List: Failed to build request: Resource rest/OttUserList.json not found 	1568899442907
ERROR	Get entitlement household subscription list: Failed to build request: Resource rest/EntitlementListHouseholdSubscription.json not found 	1568899442908
ERROR	Ott user login request: Failed to build request: No attribute named 'loginUsername' is defined 	1568899443114
ERROR	Get household device list: Failed to build request: Resource rest/onlyks.json not found 	1568899443115
ERROR	Get household device list: Failed to build request: Resource rest/onlyks.json not found 	1568899443115
ERROR	Get Ott User List: Failed to build request: Resource rest/OttUserList.json not found 	1568899443115
ERROR	Get entitlement household subscription list: Failed to build request: Resource rest/EntitlementListHouseholdSubscription.json not found 	1568899443116
ERROR	Ott user login request: Failed to build request: No attribute named 'loginUsername' is defined 	1568899443316
ERROR	Get household device list: Failed to build request: Resource rest/onlyks.json not found 	1568899443316
ERROR	Get household device list: Failed to build request: Resource rest/onlyks.json not found 	1568899443317
ERROR	Get Ott User List: Failed to build request: Resource rest/OttUserList.json not found 	1568899443319
ERROR	Get entitlement household subscription list: Failed to build request: Resource rest/EntitlementListHouseholdSubscription.json not found 	1568899443319
ERROR	Ott user login request: Failed to build request: No attribute named 'loginUsername' is defined 	1568899444497
ERROR	Get household device list: Failed to build request: Resource rest/onlyks.json not found 	1568899444497
ERROR	Get household device list: Failed to build request: Resource rest/onlyks.json not found 	1568899444498
ERROR	Get Ott User List: Failed to build request: Resource rest/OttUserList.json not found 	1568899444499
ERROR	Get entitlement household subscription list: Failed to build request: Resource rest/EntitlementListHouseholdSubscription.json not found 	1568899444499
ERROR	Ott user login request: Failed to build request: No attribute named 'loginUsername' is defined 	1568899445486
ERROR	Get household device list: Failed to build request: Resource rest/onlyks.json not found 	1568899445486
ERROR	Get household device list: Failed to build request: Resource rest/onlyks.json not found 	1568899445487
ERROR	Get Ott User List: Failed to build request: Resource rest/OttUserList.json not found 	1568899445487
ERROR	Get entitlement household subscription list: Failed to build request: Resource rest/EntitlementListHouseholdSubscription.json not found 	1568899445487
USER	loginOnly	8	START	1568899446466	1568899446466
ERROR	Ott user login request: Failed to build request: No attribute named 'loginUsername' is defined 	1568899446467
ERROR	Get household device list: Failed to build request: Resource rest/onlyks.json not found 	1568899446467
ERROR	Get household device list: Failed to build request: Resource rest/onlyks.json not found 	1568899446468
ERROR	Get Ott User List: Failed to build request: Resource rest/OttUserList.json not found 	1568899446468
ERROR	Get entitlement household subscription list: Failed to build request: Resource rest/EntitlementListHouseholdSubscription.json not found 	1568899446468
ERROR	Ott user login request: Failed to build request: No attribute named 'loginUsername' is defined 	1568899447507
ERROR	Get household device list: Failed to build request: Resource rest/onlyks.json not found 	1568899447507
ERROR	Get household device list: Failed to build request: Resource rest/onlyks.json not found 	1568899447508
ERROR	Get Ott User List: Failed to build request: Resource rest/OttUserList.json not found 	1568899447508
ERROR	Get entitlement household subscription list: Failed to build request: Resource rest/EntitlementListHouseholdSubscription.json not found 	1568899447508
ERROR	Ott user login request: Failed to build request: No attribute named 'loginUsername' is defined 	1568899447706
ERROR	Get household device list: Failed to build request: Resource rest/onlyks.json not found 	1568899447707
ERROR	Get household device list: Failed to build request: Resource rest/onlyks.json not found 	1568899447708
ERROR	Get Ott User List: Failed to build request: Resource rest/OttUserList.json not found 	1568899447708
ERROR	Get entitlement household subscription list: Failed to build request: Resource rest/EntitlementListHouseholdSubscription.json not found 	1568899447708
ERROR	Ott user login request: Failed to build request: No attribute named 'loginUsername' is defined 	1568899447906
ERROR	Get household device list: Failed to build request: Resource rest/onlyks.json not found 	1568899447907
ERROR	Get household device list: Failed to build request: Resource rest/onlyks.json not found 	1568899447907
ERROR	Get Ott User List: Failed to build request: Resource rest/OttUserList.json not found 	1568899447908
ERROR	Get entitlement household subscription list: Failed to build request: Resource rest/EntitlementListHouseholdSubscription.json not found 	1568899447908
ERROR	Ott user login request: Failed to build request: No attribute named 'loginUsername' is defined 	1568899448116
ERROR	Get household device list: Failed to build request: Resource rest/onlyks.json not found 	1568899448116
ERROR	Get household device list: Failed to build request: Resource rest/onlyks.json not found 	1568899448116
ERROR	Get Ott User List: Failed to build request: Resource rest/OttUserList.json not found 	1568899448116
ERROR	Get entitlement household subscription list: Failed to build request: Resource rest/EntitlementListHouseholdSubscription.json not found 	1568899448117
ERROR	Ott user login request: Failed to build request: No attribute named 'loginUsername' is defined 	1568899448317
ERROR	Get household device list: Failed to build request: Resource rest/onlyks.json not found 	1568899448318
ERROR	Get household device list: Failed to build request: Resource rest/onlyks.json not found 	1568899448319
ERROR	Get Ott User List: Failed to build request: Resource rest/OttUserList.json not found 	1568899448319
ERROR	Get entitlement household subscription list: Failed to build request: Resource rest/EntitlementListHouseholdSubscription.json not found 	1568899448319
ERROR	Ott user login request: Failed to build request: No attribute named 'loginUsername' is defined 	1568899449496
ERROR	Get household device list: Failed to build request: Resource rest/onlyks.json not found 	1568899449497
ERROR	Get household device list: Failed to build request: Resource rest/onlyks.json not found 	1568899449497
ERROR	Get Ott User List: Failed to build request: Resource rest/OttUserList.json not found 	1568899449498
ERROR	Get entitlement household subscription list: Failed to build request: Resource rest/EntitlementListHouseholdSubscription.json not found 	1568899449498
ERROR	Ott user login request: Failed to build request: No attribute named 'loginUsername' is defined 	1568899450496
ERROR	Get household device list: Failed to build request: Resource rest/onlyks.json not found 	1568899450497
ERROR	Get household device list: Failed to build request: Resource rest/onlyks.json not found 	1568899450498
ERROR	Get Ott User List: Failed to build request: Resource rest/OttUserList.json not found 	1568899450498
ERROR	Get entitlement household subscription list: Failed to build request: Resource rest/EntitlementListHouseholdSubscription.json not found 	1568899450498
ERROR	Ott user login request: Failed to build request: No attribute named 'loginUsername' is defined 	1568899451487
ERROR	Get household device list: Failed to build request: Resource rest/onlyks.json not found 	1568899451488
ERROR	Get household device list: Failed to build request: Resource rest/onlyks.json not found 	1568899451489
ERROR	Get Ott User List: Failed to build request: Resource rest/OttUserList.json not found 	1568899451489
ERROR	Get entitlement household subscription list: Failed to build request: Resource rest/EntitlementListHouseholdSubscription.json not found 	1568899451489
USER	loginOnly	9	START	1568899452467	1568899452467
ERROR	Ott user login request: Failed to build request: No attribute named 'loginUsername' is defined 	1568899452468
ERROR	Get household device list: Failed to build request: Resource rest/onlyks.json not found 	1568899452468
ERROR	Get household device list: Failed to build request: Resource rest/onlyks.json not found 	1568899452469
ERROR	Get Ott User List: Failed to build request: Resource rest/OttUserList.json not found 	1568899452469
ERROR	Get entitlement household subscription list: Failed to build request: Resource rest/EntitlementListHouseholdSubscription.json not found 	1568899452469
ERROR	Ott user login request: Failed to build request: No attribute named 'loginUsername' is defined 	1568899452506
ERROR	Get household device list: Failed to build request: Resource rest/onlyks.json not found 	1568899452506
ERROR	Get household device list: Failed to build request: Resource rest/onlyks.json not found 	1568899452507
ERROR	Get Ott User List: Failed to build request: Resource rest/OttUserList.json not found 	1568899452507
ERROR	Get entitlement household subscription list: Failed to build request: Resource rest/EntitlementListHouseholdSubscription.json not found 	1568899452507
ERROR	Ott user login request: Failed to build request: No attribute named 'loginUsername' is defined 	1568899452705
ERROR	Get household device list: Failed to build request: Resource rest/onlyks.json not found 	1568899452705
ERROR	Get household device list: Failed to build request: Resource rest/onlyks.json not found 	1568899452706
ERROR	Get Ott User List: Failed to build request: Resource rest/OttUserList.json not found 	1568899452706
ERROR	Get entitlement household subscription list: Failed to build request: Resource rest/EntitlementListHouseholdSubscription.json not found 	1568899452706
ERROR	Ott user login request: Failed to build request: No attribute named 'loginUsername' is defined 	1568899452906
ERROR	Get household device list: Failed to build request: Resource rest/onlyks.json not found 	1568899452906
ERROR	Get household device list: Failed to build request: Resource rest/onlyks.json not found 	1568899452907
ERROR	Get Ott User List: Failed to build request: Resource rest/OttUserList.json not found 	1568899452907
ERROR	Get entitlement household subscription list: Failed to build request: Resource rest/EntitlementListHouseholdSubscription.json not found 	1568899452907
ERROR	Ott user login request: Failed to build request: No attribute named 'loginUsername' is defined 	1568899453115
ERROR	Get household device list: Failed to build request: Resource rest/onlyks.json not found 	1568899453115
ERROR	Get household device list: Failed to build request: Resource rest/onlyks.json not found 	1568899453116
ERROR	Get Ott User List: Failed to build request: Resource rest/OttUserList.json not found 	1568899453116
ERROR	Get entitlement household subscription list: Failed to build request: Resource rest/EntitlementListHouseholdSubscription.json not found 	1568899453116
ERROR	Ott user login request: Failed to build request: No attribute named 'loginUsername' is defined 	1568899453316
ERROR	Get household device list: Failed to build request: Resource rest/onlyks.json not found 	1568899453317
ERROR	Get household device list: Failed to build request: Resource rest/onlyks.json not found 	1568899453317
ERROR	Get Ott User List: Failed to build request: Resource rest/OttUserList.json not found 	1568899453318
ERROR	Get entitlement household subscription list: Failed to build request: Resource rest/EntitlementListHouseholdSubscription.json not found 	1568899453318
ERROR	Ott user login request: Failed to build request: No attribute named 'loginUsername' is defined 	1568899454496
ERROR	Get household device list: Failed to build request: Resource rest/onlyks.json not found 	1568899454497
ERROR	Get household device list: Failed to build request: Resource rest/onlyks.json not found 	1568899454497
ERROR	Get Ott User List: Failed to build request: Resource rest/OttUserList.json not found 	1568899454498
ERROR	Get entitlement household subscription list: Failed to build request: Resource rest/EntitlementListHouseholdSubscription.json not found 	1568899454498
ERROR	Ott user login request: Failed to build request: No attribute named 'loginUsername' is defined 	1568899455496
ERROR	Get household device list: Failed to build request: Resource rest/onlyks.json not found 	1568899455496
ERROR	Get household device list: Failed to build request: Resource rest/onlyks.json not found 	1568899455497
ERROR	Get Ott User List: Failed to build request: Resource rest/OttUserList.json not found 	1568899455497
ERROR	Get entitlement household subscription list: Failed to build request: Resource rest/EntitlementListHouseholdSubscription.json not found 	1568899455497
ERROR	Ott user login request: Failed to build request: No attribute named 'loginUsername' is defined 	1568899456496
ERROR	Get household device list: Failed to build request: Resource rest/onlyks.json not found 	1568899456496
ERROR	Get household device list: Failed to build request: Resource rest/onlyks.json not found 	1568899456497
ERROR	Get Ott User List: Failed to build request: Resource rest/OttUserList.json not found 	1568899456497
ERROR	Get entitlement household subscription list: Failed to build request: Resource rest/EntitlementListHouseholdSubscription.json not found 	1568899456497
ERROR	Ott user login request: Failed to build request: No attribute named 'loginUsername' is defined 	1568899457486
ERROR	Get household device list: Failed to build request: Resource rest/onlyks.json not found 	1568899457486
ERROR	Get household device list: Failed to build request: Resource rest/onlyks.json not found 	1568899457486
ERROR	Get Ott User List: Failed to build request: Resource rest/OttUserList.json not found 	1568899457486
ERROR	Get entitlement household subscription list: Failed to build request: Resource rest/EntitlementListHouseholdSubscription.json not found 	1568899457487
ERROR	Ott user login request: Failed to build request: No attribute named 'loginUsername' is defined 	1568899457505
ERROR	Get household device list: Failed to build request: Resource rest/onlyks.json not found 	1568899457505
ERROR	Get household device list: Failed to build request: Resource rest/onlyks.json not found 	1568899457506
ERROR	Get Ott User List: Failed to build request: Resource rest/OttUserList.json not found 	1568899457506
ERROR	Get entitlement household subscription list: Failed to build request: Resource rest/EntitlementListHouseholdSubscription.json not found 	1568899457506
ERROR	Ott user login request: Failed to build request: No attribute named 'loginUsername' is defined 	1568899457716
ERROR	Get household device list: Failed to build request: Resource rest/onlyks.json not found 	1568899457716
ERROR	Get household device list: Failed to build request: Resource rest/onlyks.json not found 	1568899457717
ERROR	Get Ott User List: Failed to build request: Resource rest/OttUserList.json not found 	1568899457717
ERROR	Get entitlement household subscription list: Failed to build request: Resource rest/EntitlementListHouseholdSubscription.json not found 	1568899457717
ERROR	Ott user login request: Failed to build request: No attribute named 'loginUsername' is defined 	1568899457917
ERROR	Get household device list: Failed to build request: Resource rest/onlyks.json not found 	1568899457918
ERROR	Get household device list: Failed to build request: Resource rest/onlyks.json not found 	1568899457918
ERROR	Get Ott User List: Failed to build request: Resource rest/OttUserList.json not found 	1568899457919
ERROR	Get entitlement household subscription list: Failed to build request: Resource rest/EntitlementListHouseholdSubscription.json not found 	1568899457919
ERROR	Ott user login request: Failed to build request: No attribute named 'loginUsername' is defined 	1568899458117
ERROR	Get household device list: Failed to build request: Resource rest/onlyks.json not found 	1568899458118
ERROR	Get household device list: Failed to build request: Resource rest/onlyks.json not found 	1568899458118
ERROR	Get Ott User List: Failed to build request: Resource rest/OttUserList.json not found 	1568899458118
ERROR	Get entitlement household subscription list: Failed to build request: Resource rest/EntitlementListHouseholdSubscription.json not found 	1568899458119
ERROR	Ott user login request: Failed to build request: No attribute named 'loginUsername' is defined 	1568899458315
ERROR	Get household device list: Failed to build request: Resource rest/onlyks.json not found 	1568899458315
ERROR	Get household device list: Failed to build request: Resource rest/onlyks.json not found 	1568899458316
ERROR	Get Ott User List: Failed to build request: Resource rest/OttUserList.json not found 	1568899458316
ERROR	Get entitlement household subscription list: Failed to build request: Resource rest/EntitlementListHouseholdSubscription.json not found 	1568899458316
USER	loginOnly	10	START	1568899458467	1568899458467
ERROR	Ott user login request: Failed to build request: No attribute named 'loginUsername' is defined 	1568899458468
ERROR	Get household device list: Failed to build request: Resource rest/onlyks.json not found 	1568899458468
ERROR	Get household device list: Failed to build request: Resource rest/onlyks.json not found 	1568899458469
ERROR	Get Ott User List: Failed to build request: Resource rest/OttUserList.json not found 	1568899458469
ERROR	Get entitlement household subscription list: Failed to build request: Resource rest/EntitlementListHouseholdSubscription.json not found 	1568899458469
ERROR	Ott user login request: Failed to build request: No attribute named 'loginUsername' is defined 	1568899459496
ERROR	Get household device list: Failed to build request: Resource rest/onlyks.json not found 	1568899459496
ERROR	Get household device list: Failed to build request: Resource rest/onlyks.json not found 	1568899459496
ERROR	Get Ott User List: Failed to build request: Resource rest/OttUserList.json not found 	1568899459496
ERROR	Get entitlement household subscription list: Failed to build request: Resource rest/EntitlementListHouseholdSubscription.json not found 	1568899459496
ERROR	Ott user login request: Failed to build request: No attribute named 'loginUsername' is defined 	1568899460496
ERROR	Get household device list: Failed to build request: Resource rest/onlyks.json not found 	1568899460496
ERROR	Get household device list: Failed to build request: Resource rest/onlyks.json not found 	1568899460497
ERROR	Get Ott User List: Failed to build request: Resource rest/OttUserList.json not found 	1568899460497
ERROR	Get entitlement household subscription list: Failed to build request: Resource rest/EntitlementListHouseholdSubscription.json not found 	1568899460497
ERROR	Ott user login request: Failed to build request: No attribute named 'loginUsername' is defined 	1568899461495
ERROR	Get household device list: Failed to build request: Resource rest/onlyks.json not found 	1568899461495
ERROR	Get household device list: Failed to build request: Resource rest/onlyks.json not found 	1568899461496
ERROR	Get Ott User List: Failed to build request: Resource rest/OttUserList.json not found 	1568899461496
ERROR	Get entitlement household subscription list: Failed to build request: Resource rest/EntitlementListHouseholdSubscription.json not found 	1568899461496
ERROR	Ott user login request: Failed to build request: No attribute named 'loginUsername' is defined 	1568899462497
ERROR	Get household device list: Failed to build request: Resource rest/onlyks.json not found 	1568899462498
ERROR	Get household device list: Failed to build request: Resource rest/onlyks.json not found 	1568899462498
ERROR	Get Ott User List: Failed to build request: Resource rest/OttUserList.json not found 	1568899462499
ERROR	Get entitlement household subscription list: Failed to build request: Resource rest/EntitlementListHouseholdSubscription.json not found 	1568899462499
ERROR	Ott user login request: Failed to build request: No attribute named 'loginUsername' is defined 	1568899462517
ERROR	Get household device list: Failed to build request: Resource rest/onlyks.json not found 	1568899462517
ERROR	Get household device list: Failed to build request: Resource rest/onlyks.json not found 	1568899462518
ERROR	Get Ott User List: Failed to build request: Resource rest/OttUserList.json not found 	1568899462518
ERROR	Get entitlement household subscription list: Failed to build request: Resource rest/EntitlementListHouseholdSubscription.json not found 	1568899462518
ERROR	Ott user login request: Failed to build request: No attribute named 'loginUsername' is defined 	1568899462716
ERROR	Get household device list: Failed to build request: Resource rest/onlyks.json not found 	1568899462717
ERROR	Get household device list: Failed to build request: Resource rest/onlyks.json not found 	1568899462717
ERROR	Get Ott User List: Failed to build request: Resource rest/OttUserList.json not found 	1568899462718
ERROR	Get entitlement household subscription list: Failed to build request: Resource rest/EntitlementListHouseholdSubscription.json not found 	1568899462718
ERROR	Ott user login request: Failed to build request: No attribute named 'loginUsername' is defined 	1568899462916
ERROR	Get household device list: Failed to build request: Resource rest/onlyks.json not found 	1568899462917
ERROR	Get household device list: Failed to build request: Resource rest/onlyks.json not found 	1568899462917
ERROR	Get Ott User List: Failed to build request: Resource rest/OttUserList.json not found 	1568899462917
ERROR	Get entitlement household subscription list: Failed to build request: Resource rest/EntitlementListHouseholdSubscription.json not found 	1568899462918
ERROR	Ott user login request: Failed to build request: No attribute named 'loginUsername' is defined 	1568899463117
ERROR	Get household device list: Failed to build request: Resource rest/onlyks.json not found 	1568899463118
ERROR	Get household device list: Failed to build request: Resource rest/onlyks.json not found 	1568899463118
ERROR	Get Ott User List: Failed to build request: Resource rest/OttUserList.json not found 	1568899463119
ERROR	Get entitlement household subscription list: Failed to build request: Resource rest/EntitlementListHouseholdSubscription.json not found 	1568899463119
ERROR	Ott user login request: Failed to build request: No attribute named 'loginUsername' is defined 	1568899463325
ERROR	Get household device list: Failed to build request: Resource rest/onlyks.json not found 	1568899463325
ERROR	Get household device list: Failed to build request: Resource rest/onlyks.json not found 	1568899463326
ERROR	Get Ott User List: Failed to build request: Resource rest/OttUserList.json not found 	1568899463326
ERROR	Get entitlement household subscription list: Failed to build request: Resource rest/EntitlementListHouseholdSubscription.json not found 	1568899463326
ERROR	Ott user login request: Failed to build request: No attribute named 'loginUsername' is defined 	1568899463487
ERROR	Get household device list: Failed to build request: Resource rest/onlyks.json not found 	1568899463488
ERROR	Get household device list: Failed to build request: Resource rest/onlyks.json not found 	1568899463488
ERROR	Get Ott User List: Failed to build request: Resource rest/OttUserList.json not found 	1568899463488
ERROR	Get entitlement household subscription list: Failed to build request: Resource rest/EntitlementListHouseholdSubscription.json not found 	1568899463489
USER	loginOnly	11	START	1568899464465	1568899464465
ERROR	Ott user login request: Failed to build request: No attribute named 'loginUsername' is defined 	1568899464466
ERROR	Get household device list: Failed to build request: Resource rest/onlyks.json not found 	1568899464466
ERROR	Get household device list: Failed to build request: Resource rest/onlyks.json not found 	1568899464467
ERROR	Get Ott User List: Failed to build request: Resource rest/OttUserList.json not found 	1568899464467
ERROR	Get entitlement household subscription list: Failed to build request: Resource rest/EntitlementListHouseholdSubscription.json not found 	1568899464467
ERROR	Ott user login request: Failed to build request: No attribute named 'loginUsername' is defined 	1568899464505
ERROR	Get household device list: Failed to build request: Resource rest/onlyks.json not found 	1568899464505
ERROR	Get household device list: Failed to build request: Resource rest/onlyks.json not found 	1568899464506
ERROR	Get Ott User List: Failed to build request: Resource rest/OttUserList.json not found 	1568899464506
ERROR	Get entitlement household subscription list: Failed to build request: Resource rest/EntitlementListHouseholdSubscription.json not found 	1568899464506
ERROR	Ott user login request: Failed to build request: No attribute named 'loginUsername' is defined 	1568899465495
ERROR	Get household device list: Failed to build request: Resource rest/onlyks.json not found 	1568899465495
ERROR	Get household device list: Failed to build request: Resource rest/onlyks.json not found 	1568899465496
ERROR	Get Ott User List: Failed to build request: Resource rest/OttUserList.json not found 	1568899465496
ERROR	Get entitlement household subscription list: Failed to build request: Resource rest/EntitlementListHouseholdSubscription.json not found 	1568899465496
ERROR	Ott user login request: Failed to build request: No attribute named 'loginUsername' is defined 	1568899466495
ERROR	Get household device list: Failed to build request: Resource rest/onlyks.json not found 	1568899466495
ERROR	Get household device list: Failed to build request: Resource rest/onlyks.json not found 	1568899466496
ERROR	Get Ott User List: Failed to build request: Resource rest/OttUserList.json not found 	1568899466496
ERROR	Get entitlement household subscription list: Failed to build request: Resource rest/EntitlementListHouseholdSubscription.json not found 	1568899466496
ERROR	Ott user login request: Failed to build request: No attribute named 'loginUsername' is defined 	1568899467497
ERROR	Get household device list: Failed to build request: Resource rest/onlyks.json not found 	1568899467497
ERROR	Get household device list: Failed to build request: Resource rest/onlyks.json not found 	1568899467498
ERROR	Get Ott User List: Failed to build request: Resource rest/OttUserList.json not found 	1568899467498
ERROR	Get entitlement household subscription list: Failed to build request: Resource rest/EntitlementListHouseholdSubscription.json not found 	1568899467498
ERROR	Ott user login request: Failed to build request: No attribute named 'loginUsername' is defined 	1568899467515
ERROR	Get household device list: Failed to build request: Resource rest/onlyks.json not found 	1568899467516
ERROR	Get household device list: Failed to build request: Resource rest/onlyks.json not found 	1568899467517
ERROR	Get Ott User List: Failed to build request: Resource rest/OttUserList.json not found 	1568899467517
ERROR	Get entitlement household subscription list: Failed to build request: Resource rest/EntitlementListHouseholdSubscription.json not found 	1568899467517
ERROR	Ott user login request: Failed to build request: No attribute named 'loginUsername' is defined 	1568899467716
ERROR	Get household device list: Failed to build request: Resource rest/onlyks.json not found 	1568899467716
ERROR	Get household device list: Failed to build request: Resource rest/onlyks.json not found 	1568899467717
ERROR	Get Ott User List: Failed to build request: Resource rest/OttUserList.json not found 	1568899467717
ERROR	Get entitlement household subscription list: Failed to build request: Resource rest/EntitlementListHouseholdSubscription.json not found 	1568899467717
ERROR	Ott user login request: Failed to build request: No attribute named 'loginUsername' is defined 	1568899467915
ERROR	Get household device list: Failed to build request: Resource rest/onlyks.json not found 	1568899467915
ERROR	Get household device list: Failed to build request: Resource rest/onlyks.json not found 	1568899467916
ERROR	Get Ott User List: Failed to build request: Resource rest/OttUserList.json not found 	1568899467916
ERROR	Get entitlement household subscription list: Failed to build request: Resource rest/EntitlementListHouseholdSubscription.json not found 	1568899467916
ERROR	Ott user login request: Failed to build request: No attribute named 'loginUsername' is defined 	1568899468115
ERROR	Get household device list: Failed to build request: Resource rest/onlyks.json not found 	1568899468116
ERROR	Get household device list: Failed to build request: Resource rest/onlyks.json not found 	1568899468116
ERROR	Get Ott User List: Failed to build request: Resource rest/OttUserList.json not found 	1568899468116
ERROR	Get entitlement household subscription list: Failed to build request: Resource rest/EntitlementListHouseholdSubscription.json not found 	1568899468117
ERROR	Ott user login request: Failed to build request: No attribute named 'loginUsername' is defined 	1568899468325
ERROR	Get household device list: Failed to build request: Resource rest/onlyks.json not found 	1568899468325
ERROR	Get household device list: Failed to build request: Resource rest/onlyks.json not found 	1568899468326
ERROR	Get Ott User List: Failed to build request: Resource rest/OttUserList.json not found 	1568899468326
ERROR	Get entitlement household subscription list: Failed to build request: Resource rest/EntitlementListHouseholdSubscription.json not found 	1568899468326
ERROR	Ott user login request: Failed to build request: No attribute named 'loginUsername' is defined 	1568899468496
ERROR	Get household device list: Failed to build request: Resource rest/onlyks.json not found 	1568899468497
ERROR	Get household device list: Failed to build request: Resource rest/onlyks.json not found 	1568899468497
ERROR	Get Ott User List: Failed to build request: Resource rest/OttUserList.json not found 	1568899468498
ERROR	Get entitlement household subscription list: Failed to build request: Resource rest/EntitlementListHouseholdSubscription.json not found 	1568899468498
ERROR	Ott user login request: Failed to build request: No attribute named 'loginUsername' is defined 	1568899469485
ERROR	Get household device list: Failed to build request: Resource rest/onlyks.json not found 	1568899469485
ERROR	Get household device list: Failed to build request: Resource rest/onlyks.json not found 	1568899469486
ERROR	Get Ott User List: Failed to build request: Resource rest/OttUserList.json not found 	1568899469486
ERROR	Get entitlement household subscription list: Failed to build request: Resource rest/EntitlementListHouseholdSubscription.json not found 	1568899469486
ERROR	Ott user login request: Failed to build request: No attribute named 'loginUsername' is defined 	1568899469505
ERROR	Get household device list: Failed to build request: Resource rest/onlyks.json not found 	1568899469505
ERROR	Get household device list: Failed to build request: Resource rest/onlyks.json not found 	1568899469506
ERROR	Get Ott User List: Failed to build request: Resource rest/OttUserList.json not found 	1568899469506
ERROR	Get entitlement household subscription list: Failed to build request: Resource rest/EntitlementListHouseholdSubscription.json not found 	1568899469506
USER	loginOnly	12	START	1568899470467	1568899470467
ERROR	Ott user login request: Failed to build request: No attribute named 'loginUsername' is defined 	1568899470468
ERROR	Get household device list: Failed to build request: Resource rest/onlyks.json not found 	1568899470468
ERROR	Get household device list: Failed to build request: Resource rest/onlyks.json not found 	1568899470469
ERROR	Get Ott User List: Failed to build request: Resource rest/OttUserList.json not found 	1568899470469
ERROR	Get entitlement household subscription list: Failed to build request: Resource rest/EntitlementListHouseholdSubscription.json not found 	1568899470469
ERROR	Ott user login request: Failed to build request: No attribute named 'loginUsername' is defined 	1568899470506
ERROR	Get household device list: Failed to build request: Resource rest/onlyks.json not found 	1568899470507
ERROR	Get household device list: Failed to build request: Resource rest/onlyks.json not found 	1568899470507
ERROR	Get Ott User List: Failed to build request: Resource rest/OttUserList.json not found 	1568899470508
ERROR	Get entitlement household subscription list: Failed to build request: Resource rest/EntitlementListHouseholdSubscription.json not found 	1568899470508
ERROR	Ott user login request: Failed to build request: No attribute named 'loginUsername' is defined 	1568899471496
ERROR	Get household device list: Failed to build request: Resource rest/onlyks.json not found 	1568899471497
ERROR	Get household device list: Failed to build request: Resource rest/onlyks.json not found 	1568899471498
ERROR	Get Ott User List: Failed to build request: Resource rest/OttUserList.json not found 	1568899471498
ERROR	Get entitlement household subscription list: Failed to build request: Resource rest/EntitlementListHouseholdSubscription.json not found 	1568899471498
ERROR	Ott user login request: Failed to build request: No attribute named 'loginUsername' is defined 	1568899472497
ERROR	Get household device list: Failed to build request: Resource rest/onlyks.json not found 	1568899472497
ERROR	Get household device list: Failed to build request: Resource rest/onlyks.json not found 	1568899472498
ERROR	Get Ott User List: Failed to build request: Resource rest/OttUserList.json not found 	1568899472498
ERROR	Get entitlement household subscription list: Failed to build request: Resource rest/EntitlementListHouseholdSubscription.json not found 	1568899472498
ERROR	Ott user login request: Failed to build request: No attribute named 'loginUsername' is defined 	1568899472515
ERROR	Get household device list: Failed to build request: Resource rest/onlyks.json not found 	1568899472516
ERROR	Get household device list: Failed to build request: Resource rest/onlyks.json not found 	1568899472516
ERROR	Get Ott User List: Failed to build request: Resource rest/OttUserList.json not found 	1568899472516
ERROR	Get entitlement household subscription list: Failed to build request: Resource rest/EntitlementListHouseholdSubscription.json not found 	1568899472516
ERROR	Ott user login request: Failed to build request: No attribute named 'loginUsername' is defined 	1568899472716
ERROR	Get household device list: Failed to build request: Resource rest/onlyks.json not found 	1568899472717
ERROR	Get household device list: Failed to build request: Resource rest/onlyks.json not found 	1568899472717
ERROR	Get Ott User List: Failed to build request: Resource rest/OttUserList.json not found 	1568899472717
ERROR	Get entitlement household subscription list: Failed to build request: Resource rest/EntitlementListHouseholdSubscription.json not found 	1568899472717
ERROR	Ott user login request: Failed to build request: No attribute named 'loginUsername' is defined 	1568899472916
ERROR	Get household device list: Failed to build request: Resource rest/onlyks.json not found 	1568899472917
ERROR	Get household device list: Failed to build request: Resource rest/onlyks.json not found 	1568899472917
ERROR	Get Ott User List: Failed to build request: Resource rest/OttUserList.json not found 	1568899472917
ERROR	Get entitlement household subscription list: Failed to build request: Resource rest/EntitlementListHouseholdSubscription.json not found 	1568899472917
ERROR	Ott user login request: Failed to build request: No attribute named 'loginUsername' is defined 	1568899473125
ERROR	Get household device list: Failed to build request: Resource rest/onlyks.json not found 	1568899473125
ERROR	Get household device list: Failed to build request: Resource rest/onlyks.json not found 	1568899473126
ERROR	Get Ott User List: Failed to build request: Resource rest/OttUserList.json not found 	1568899473126
ERROR	Get entitlement household subscription list: Failed to build request: Resource rest/EntitlementListHouseholdSubscription.json not found 	1568899473126
ERROR	Ott user login request: Failed to build request: No attribute named 'loginUsername' is defined 	1568899473325
ERROR	Get household device list: Failed to build request: Resource rest/onlyks.json not found 	1568899473326
ERROR	Get household device list: Failed to build request: Resource rest/onlyks.json not found 	1568899473326
ERROR	Get Ott User List: Failed to build request: Resource rest/OttUserList.json not found 	1568899473326
ERROR	Get entitlement household subscription list: Failed to build request: Resource rest/EntitlementListHouseholdSubscription.json not found 	1568899473326
ERROR	Ott user login request: Failed to build request: No attribute named 'loginUsername' is defined 	1568899473497
ERROR	Get household device list: Failed to build request: Resource rest/onlyks.json not found 	1568899473497
ERROR	Get household device list: Failed to build request: Resource rest/onlyks.json not found 	1568899473498
ERROR	Get Ott User List: Failed to build request: Resource rest/OttUserList.json not found 	1568899473498
ERROR	Get entitlement household subscription list: Failed to build request: Resource rest/EntitlementListHouseholdSubscription.json not found 	1568899473498
ERROR	Ott user login request: Failed to build request: No attribute named 'loginUsername' is defined 	1568899474497
ERROR	Get household device list: Failed to build request: Resource rest/onlyks.json not found 	1568899474497
ERROR	Get household device list: Failed to build request: Resource rest/onlyks.json not found 	1568899474498
ERROR	Get Ott User List: Failed to build request: Resource rest/OttUserList.json not found 	1568899474498
ERROR	Get entitlement household subscription list: Failed to build request: Resource rest/EntitlementListHouseholdSubscription.json not found 	1568899474498
ERROR	Ott user login request: Failed to build request: No attribute named 'loginUsername' is defined 	1568899474506
ERROR	Get household device list: Failed to build request: Resource rest/onlyks.json not found 	1568899474506
ERROR	Get household device list: Failed to build request: Resource rest/onlyks.json not found 	1568899474506
ERROR	Get Ott User List: Failed to build request: Resource rest/OttUserList.json not found 	1568899474507
ERROR	Get entitlement household subscription list: Failed to build request: Resource rest/EntitlementListHouseholdSubscription.json not found 	1568899474507
ERROR	Ott user login request: Failed to build request: No attribute named 'loginUsername' is defined 	1568899475485
ERROR	Get household device list: Failed to build request: Resource rest/onlyks.json not found 	1568899475485
ERROR	Get household device list: Failed to build request: Resource rest/onlyks.json not found 	1568899475485
ERROR	Get Ott User List: Failed to build request: Resource rest/OttUserList.json not found 	1568899475486
ERROR	Get entitlement household subscription list: Failed to build request: Resource rest/EntitlementListHouseholdSubscription.json not found 	1568899475486
ERROR	Ott user login request: Failed to build request: No attribute named 'loginUsername' is defined 	1568899475506
ERROR	Get household device list: Failed to build request: Resource rest/onlyks.json not found 	1568899475506
ERROR	Get household device list: Failed to build request: Resource rest/onlyks.json not found 	1568899475507
ERROR	Get Ott User List: Failed to build request: Resource rest/OttUserList.json not found 	1568899475507
ERROR	Get entitlement household subscription list: Failed to build request: Resource rest/EntitlementListHouseholdSubscription.json not found 	1568899475507
USER	loginOnly	13	START	1568899476466	1568899476466
ERROR	Ott user login request: Failed to build request: No attribute named 'loginUsername' is defined 	1568899476467
ERROR	Get household device list: Failed to build request: Resource rest/onlyks.json not found 	1568899476467
ERROR	Get household device list: Failed to build request: Resource rest/onlyks.json not found 	1568899476468
ERROR	Get Ott User List: Failed to build request: Resource rest/OttUserList.json not found 	1568899476468
ERROR	Get entitlement household subscription list: Failed to build request: Resource rest/EntitlementListHouseholdSubscription.json not found 	1568899476468
ERROR	Ott user login request: Failed to build request: No attribute named 'loginUsername' is defined 	1568899476495
ERROR	Get household device list: Failed to build request: Resource rest/onlyks.json not found 	1568899476495
ERROR	Get household device list: Failed to build request: Resource rest/onlyks.json not found 	1568899476495
ERROR	Get Ott User List: Failed to build request: Resource rest/OttUserList.json not found 	1568899476496
ERROR	Get entitlement household subscription list: Failed to build request: Resource rest/EntitlementListHouseholdSubscription.json not found 	1568899476496
ERROR	Ott user login request: Failed to build request: No attribute named 'loginUsername' is defined 	1568899477496
ERROR	Get household device list: Failed to build request: Resource rest/onlyks.json not found 	1568899477496
ERROR	Get household device list: Failed to build request: Resource rest/onlyks.json not found 	1568899477497
ERROR	Get Ott User List: Failed to build request: Resource rest/OttUserList.json not found 	1568899477497
ERROR	Get entitlement household subscription list: Failed to build request: Resource rest/EntitlementListHouseholdSubscription.json not found 	1568899477497
ERROR	Ott user login request: Failed to build request: No attribute named 'loginUsername' is defined 	1568899477516
ERROR	Get household device list: Failed to build request: Resource rest/onlyks.json not found 	1568899477516
ERROR	Get household device list: Failed to build request: Resource rest/onlyks.json not found 	1568899477517
ERROR	Get Ott User List: Failed to build request: Resource rest/OttUserList.json not found 	1568899477517
ERROR	Get entitlement household subscription list: Failed to build request: Resource rest/EntitlementListHouseholdSubscription.json not found 	1568899477517
ERROR	Ott user login request: Failed to build request: No attribute named 'loginUsername' is defined 	1568899477717
ERROR	Get household device list: Failed to build request: Resource rest/onlyks.json not found 	1568899477717
ERROR	Get household device list: Failed to build request: Resource rest/onlyks.json not found 	1568899477718
ERROR	Get Ott User List: Failed to build request: Resource rest/OttUserList.json not found 	1568899477718
ERROR	Get entitlement household subscription list: Failed to build request: Resource rest/EntitlementListHouseholdSubscription.json not found 	1568899477718
ERROR	Ott user login request: Failed to build request: No attribute named 'loginUsername' is defined 	1568899477917
ERROR	Get household device list: Failed to build request: Resource rest/onlyks.json not found 	1568899477917
ERROR	Get household device list: Failed to build request: Resource rest/onlyks.json not found 	1568899477918
ERROR	Get Ott User List: Failed to build request: Resource rest/OttUserList.json not found 	1568899477918
ERROR	Get entitlement household subscription list: Failed to build request: Resource rest/EntitlementListHouseholdSubscription.json not found 	1568899477918
ERROR	Ott user login request: Failed to build request: No attribute named 'loginUsername' is defined 	1568899478126
ERROR	Get household device list: Failed to build request: Resource rest/onlyks.json not found 	1568899478126
ERROR	Get household device list: Failed to build request: Resource rest/onlyks.json not found 	1568899478126
ERROR	Get Ott User List: Failed to build request: Resource rest/OttUserList.json not found 	1568899478127
ERROR	Get entitlement household subscription list: Failed to build request: Resource rest/EntitlementListHouseholdSubscription.json not found 	1568899478127
ERROR	Ott user login request: Failed to build request: No attribute named 'loginUsername' is defined 	1568899478325
ERROR	Get household device list: Failed to build request: Resource rest/onlyks.json not found 	1568899478325
ERROR	Get household device list: Failed to build request: Resource rest/onlyks.json not found 	1568899478326
ERROR	Get Ott User List: Failed to build request: Resource rest/OttUserList.json not found 	1568899478326
ERROR	Get entitlement household subscription list: Failed to build request: Resource rest/EntitlementListHouseholdSubscription.json not found 	1568899478326
ERROR	Ott user login request: Failed to build request: No attribute named 'loginUsername' is defined 	1568899478495
ERROR	Get household device list: Failed to build request: Resource rest/onlyks.json not found 	1568899478495
ERROR	Get household device list: Failed to build request: Resource rest/onlyks.json not found 	1568899478496
ERROR	Get Ott User List: Failed to build request: Resource rest/OttUserList.json not found 	1568899478496
ERROR	Get entitlement household subscription list: Failed to build request: Resource rest/EntitlementListHouseholdSubscription.json not found 	1568899478496
ERROR	Ott user login request: Failed to build request: No attribute named 'loginUsername' is defined 	1568899479495
ERROR	Get household device list: Failed to build request: Resource rest/onlyks.json not found 	1568899479496
ERROR	Get household device list: Failed to build request: Resource rest/onlyks.json not found 	1568899479496
ERROR	Get Ott User List: Failed to build request: Resource rest/OttUserList.json not found 	1568899479497
ERROR	Get entitlement household subscription list: Failed to build request: Resource rest/EntitlementListHouseholdSubscription.json not found 	1568899479497
ERROR	Ott user login request: Failed to build request: No attribute named 'loginUsername' is defined 	1568899479505
ERROR	Get household device list: Failed to build request: Resource rest/onlyks.json not found 	1568899479506
ERROR	Get household device list: Failed to build request: Resource rest/onlyks.json not found 	1568899479507
ERROR	Get Ott User List: Failed to build request: Resource rest/OttUserList.json not found 	1568899479507
ERROR	Get entitlement household subscription list: Failed to build request: Resource rest/EntitlementListHouseholdSubscription.json not found 	1568899479507
ERROR	Ott user login request: Failed to build request: No attribute named 'loginUsername' is defined 	1568899480496
ERROR	Get household device list: Failed to build request: Resource rest/onlyks.json not found 	1568899480496
ERROR	Get household device list: Failed to build request: Resource rest/onlyks.json not found 	1568899480497
ERROR	Get Ott User List: Failed to build request: Resource rest/OttUserList.json not found 	1568899480497
ERROR	Get entitlement household subscription list: Failed to build request: Resource rest/EntitlementListHouseholdSubscription.json not found 	1568899480497
ERROR	Ott user login request: Failed to build request: No attribute named 'loginUsername' is defined 	1568899480507
ERROR	Get household device list: Failed to build request: Resource rest/onlyks.json not found 	1568899480507
ERROR	Get household device list: Failed to build request: Resource rest/onlyks.json not found 	1568899480508
ERROR	Get Ott User List: Failed to build request: Resource rest/OttUserList.json not found 	1568899480508
ERROR	Get entitlement household subscription list: Failed to build request: Resource rest/EntitlementListHouseholdSubscription.json not found 	1568899480508
ERROR	Ott user login request: Failed to build request: No attribute named 'loginUsername' is defined 	1568899481486
ERROR	Get household device list: Failed to build request: Resource rest/onlyks.json not found 	1568899481486
ERROR	Get household device list: Failed to build request: Resource rest/onlyks.json not found 	1568899481487
ERROR	Get Ott User List: Failed to build request: Resource rest/OttUserList.json not found 	1568899481487
ERROR	Get entitlement household subscription list: Failed to build request: Resource rest/EntitlementListHouseholdSubscription.json not found 	1568899481487
ERROR	Ott user login request: Failed to build request: No attribute named 'loginUsername' is defined 	1568899481505
ERROR	Get household device list: Failed to build request: Resource rest/onlyks.json not found 	1568899481505
ERROR	Get household device list: Failed to build request: Resource rest/onlyks.json not found 	1568899481506
ERROR	Get Ott User List: Failed to build request: Resource rest/OttUserList.json not found 	1568899481506
ERROR	Get entitlement household subscription list: Failed to build request: Resource rest/EntitlementListHouseholdSubscription.json not found 	1568899481506
USER	loginOnly	14	START	1568899482464	1568899482464
ERROR	Ott user login request: Failed to build request: No attribute named 'loginUsername' is defined 	1568899482465
ERROR	Get household device list: Failed to build request: Resource rest/onlyks.json not found 	1568899482465
ERROR	Get household device list: Failed to build request: Resource rest/onlyks.json not found 	1568899482465
ERROR	Get Ott User List: Failed to build request: Resource rest/OttUserList.json not found 	1568899482465
ERROR	Get entitlement household subscription list: Failed to build request: Resource rest/EntitlementListHouseholdSubscription.json not found 	1568899482465
ERROR	Ott user login request: Failed to build request: No attribute named 'loginUsername' is defined 	1568899482506
ERROR	Get household device list: Failed to build request: Resource rest/onlyks.json not found 	1568899482506
ERROR	Get household device list: Failed to build request: Resource rest/onlyks.json not found 	1568899482507
ERROR	Get Ott User List: Failed to build request: Resource rest/OttUserList.json not found 	1568899482507
ERROR	Get entitlement household subscription list: Failed to build request: Resource rest/EntitlementListHouseholdSubscription.json not found 	1568899482507
ERROR	Ott user login request: Failed to build request: No attribute named 'loginUsername' is defined 	1568899482514
ERROR	Get household device list: Failed to build request: Resource rest/onlyks.json not found 	1568899482515
ERROR	Get household device list: Failed to build request: Resource rest/onlyks.json not found 	1568899482515
ERROR	Get Ott User List: Failed to build request: Resource rest/OttUserList.json not found 	1568899482515
ERROR	Get entitlement household subscription list: Failed to build request: Resource rest/EntitlementListHouseholdSubscription.json not found 	1568899482515
ERROR	Ott user login request: Failed to build request: No attribute named 'loginUsername' is defined 	1568899482715
ERROR	Get household device list: Failed to build request: Resource rest/onlyks.json not found 	1568899482715
ERROR	Get household device list: Failed to build request: Resource rest/onlyks.json not found 	1568899482715
ERROR	Get Ott User List: Failed to build request: Resource rest/OttUserList.json not found 	1568899482715
ERROR	Get entitlement household subscription list: Failed to build request: Resource rest/EntitlementListHouseholdSubscription.json not found 	1568899482715
ERROR	Ott user login request: Failed to build request: No attribute named 'loginUsername' is defined 	1568899482925
ERROR	Get household device list: Failed to build request: Resource rest/onlyks.json not found 	1568899482925
ERROR	Get household device list: Failed to build request: Resource rest/onlyks.json not found 	1568899482925
ERROR	Get Ott User List: Failed to build request: Resource rest/OttUserList.json not found 	1568899482925
ERROR	Get entitlement household subscription list: Failed to build request: Resource rest/EntitlementListHouseholdSubscription.json not found 	1568899482925
ERROR	Ott user login request: Failed to build request: No attribute named 'loginUsername' is defined 	1568899483125
ERROR	Get household device list: Failed to build request: Resource rest/onlyks.json not found 	1568899483125
ERROR	Get household device list: Failed to build request: Resource rest/onlyks.json not found 	1568899483126
ERROR	Get Ott User List: Failed to build request: Resource rest/OttUserList.json not found 	1568899483126
ERROR	Get entitlement household subscription list: Failed to build request: Resource rest/EntitlementListHouseholdSubscription.json not found 	1568899483126
ERROR	Ott user login request: Failed to build request: No attribute named 'loginUsername' is defined 	1568899483325
ERROR	Get household device list: Failed to build request: Resource rest/onlyks.json not found 	1568899483326
ERROR	Get household device list: Failed to build request: Resource rest/onlyks.json not found 	1568899483326
ERROR	Get Ott User List: Failed to build request: Resource rest/OttUserList.json not found 	1568899483326
ERROR	Get entitlement household subscription list: Failed to build request: Resource rest/EntitlementListHouseholdSubscription.json not found 	1568899483326
ERROR	Ott user login request: Failed to build request: No attribute named 'loginUsername' is defined 	1568899483497
ERROR	Get household device list: Failed to build request: Resource rest/onlyks.json not found 	1568899483497
ERROR	Get household device list: Failed to build request: Resource rest/onlyks.json not found 	1568899483498
ERROR	Get Ott User List: Failed to build request: Resource rest/OttUserList.json not found 	1568899483498
ERROR	Get entitlement household subscription list: Failed to build request: Resource rest/EntitlementListHouseholdSubscription.json not found 	1568899483498
ERROR	Ott user login request: Failed to build request: No attribute named 'loginUsername' is defined 	1568899484494
ERROR	Get household device list: Failed to build request: Resource rest/onlyks.json not found 	1568899484494
ERROR	Get household device list: Failed to build request: Resource rest/onlyks.json not found 	1568899484495
ERROR	Get Ott User List: Failed to build request: Resource rest/OttUserList.json not found 	1568899484495
ERROR	Get entitlement household subscription list: Failed to build request: Resource rest/EntitlementListHouseholdSubscription.json not found 	1568899484495
ERROR	Ott user login request: Failed to build request: No attribute named 'loginUsername' is defined 	1568899484506
ERROR	Get household device list: Failed to build request: Resource rest/onlyks.json not found 	1568899484506
ERROR	Get household device list: Failed to build request: Resource rest/onlyks.json not found 	1568899484507
ERROR	Get Ott User List: Failed to build request: Resource rest/OttUserList.json not found 	1568899484507
ERROR	